{"/Users/pablodominguez/Documents/programacion/pega/ledge/packages/server/src/app.js": {"path":"/Users/pablodominguez/Documents/programacion/pega/ledge/packages/server/src/app.js","statementMap":{"0":{"start":{"line":1,"column":0},"end":{"line":5,"column":1}},"1":{"start":{"line":2,"column":2},"end":{"line":2,"column":50}},"2":{"start":{"line":4,"column":2},"end":{"line":4,"column":29}},"3":{"start":{"line":7,"column":16},"end":{"line":7,"column":34}},"4":{"start":{"line":8,"column":19},"end":{"line":8,"column":41}},"5":{"start":{"line":9,"column":13},"end":{"line":9,"column":28}},"6":{"start":{"line":11,"column":16},"end":{"line":11,"column":36}},"7":{"start":{"line":12,"column":17},"end":{"line":12,"column":44}},"8":{"start":{"line":14,"column":12},"end":{"line":14,"column":21}},"9":{"start":{"line":16,"column":0},"end":{"line":16,"column":80}},"10":{"start":{"line":19,"column":0},"end":{"line":19,"column":27}},"11":{"start":{"line":20,"column":0},"end":{"line":20,"column":51}},"12":{"start":{"line":23,"column":0},"end":{"line":23,"column":16}},"13":{"start":{"line":26,"column":0},"end":{"line":26,"column":13}},"14":{"start":{"line":29,"column":0},"end":{"line":29,"column":67}},"15":{"start":{"line":29,"column":28},"end":{"line":29,"column":65}},"16":{"start":{"line":31,"column":0},"end":{"line":33,"column":3}},"17":{"start":{"line":32,"column":2},"end":{"line":32,"column":42}},"18":{"start":{"line":36,"column":0},"end":{"line":36,"column":21}}},"fnMap":{"0":{"name":"(anonymous_0)","decl":{"start":{"line":29,"column":17},"end":{"line":29,"column":18}},"loc":{"start":{"line":29,"column":28},"end":{"line":29,"column":65}},"line":29},"1":{"name":"(anonymous_1)","decl":{"start":{"line":31,"column":13},"end":{"line":31,"column":14}},"loc":{"start":{"line":31,"column":27},"end":{"line":33,"column":1}},"line":31}},"branchMap":{"0":{"loc":{"start":{"line":1,"column":0},"end":{"line":5,"column":1}},"type":"if","locations":[{"start":{"line":1,"column":0},"end":{"line":5,"column":1}},{"start":{"line":3,"column":7},"end":{"line":5,"column":1}}],"line":1}},"s":{"0":2,"1":0,"2":2,"3":2,"4":2,"5":2,"6":2,"7":2,"8":2,"9":2,"10":0,"11":0,"12":0,"13":0,"14":0,"15":0,"16":0,"17":0,"18":0},"f":{"0":0,"1":0},"b":{"0":[0,2]},"_coverageSchema":"1a1c01bbd47fc00a2c39e90264f33305004495a9","hash":"51f1f9c6787b2bb58e59a7ee11d3f86123a202b1"}
,"/Users/pablodominguez/Documents/programacion/pega/ledge/packages/server/src/authentication.js": {"path":"/Users/pablodominguez/Documents/programacion/pega/ledge/packages/server/src/authentication.js","statementMap":{"0":{"start":{"line":1,"column":26},"end":{"line":1,"column":57}},"1":{"start":{"line":2,"column":15},"end":{"line":2,"column":32}},"2":{"start":{"line":5,"column":17},"end":{"line":5,"column":64}},"3":{"start":{"line":7,"column":21},"end":{"line":17,"column":1}},"4":{"start":{"line":8,"column":2},"end":{"line":14,"column":3}},"5":{"start":{"line":10,"column":4},"end":{"line":10,"column":35}},"6":{"start":{"line":11,"column":4},"end":{"line":11,"column":59}},"7":{"start":{"line":12,"column":4},"end":{"line":12,"column":40}},"8":{"start":{"line":13,"column":4},"end":{"line":13,"column":18}},"9":{"start":{"line":16,"column":2},"end":{"line":16,"column":46}},"10":{"start":{"line":19,"column":19},"end":{"line":21,"column":1}},"11":{"start":{"line":20,"column":2},"end":{"line":20,"column":36}},"12":{"start":{"line":23,"column":20},"end":{"line":25,"column":1}},"13":{"start":{"line":24,"column":2},"end":{"line":24,"column":44}},"14":{"start":{"line":27,"column":0},"end":{"line":27,"column":59}}},"fnMap":{"0":{"name":"(anonymous_0)","decl":{"start":{"line":7,"column":21},"end":{"line":7,"column":22}},"loc":{"start":{"line":7,"column":47},"end":{"line":17,"column":1}},"line":7},"1":{"name":"(anonymous_1)","decl":{"start":{"line":19,"column":19},"end":{"line":19,"column":20}},"loc":{"start":{"line":19,"column":37},"end":{"line":21,"column":1}},"line":19},"2":{"name":"(anonymous_2)","decl":{"start":{"line":23,"column":20},"end":{"line":23,"column":21}},"loc":{"start":{"line":23,"column":45},"end":{"line":25,"column":1}},"line":23}},"branchMap":{"0":{"loc":{"start":{"line":8,"column":2},"end":{"line":14,"column":3}},"type":"if","locations":[{"start":{"line":8,"column":2},"end":{"line":14,"column":3}},{"start":{},"end":{}}],"line":8}},"s":{"0":2,"1":2,"2":2,"3":2,"4":0,"5":0,"6":0,"7":0,"8":0,"9":0,"10":2,"11":0,"12":2,"13":0,"14":2},"f":{"0":0,"1":0,"2":0},"b":{"0":[0,0]},"_coverageSchema":"1a1c01bbd47fc00a2c39e90264f33305004495a9","hash":"1769f7c0f2d76a70b96d823dc3200060fa2a69ca"}
,"/Users/pablodominguez/Documents/programacion/pega/ledge/packages/server/src/logger.js": {"path":"/Users/pablodominguez/Documents/programacion/pega/ledge/packages/server/src/logger.js","statementMap":{"0":{"start":{"line":1,"column":16},"end":{"line":1,"column":34}},"1":{"start":{"line":3,"column":15},"end":{"line":7,"column":2}},"2":{"start":{"line":9,"column":0},"end":{"line":9,"column":28}}},"fnMap":{},"branchMap":{},"s":{"0":0,"1":0,"2":0},"f":{},"b":{}}
,"/Users/pablodominguez/Documents/programacion/pega/ledge/packages/server/src/mongodb.js": {"path":"/Users/pablodominguez/Documents/programacion/pega/ledge/packages/server/src/mongodb.js","statementMap":{"0":{"start":{"line":1,"column":24},"end":{"line":1,"column":42}},"1":{"start":{"line":3,"column":16},"end":{"line":21,"column":1}},"2":{"start":{"line":4,"column":2},"end":{"line":20,"column":3}},"3":{"start":{"line":7,"column":6},"end":{"line":8,"column":61}},"4":{"start":{"line":9,"column":24},"end":{"line":14,"column":8}},"5":{"start":{"line":10,"column":24},"end":{"line":10,"column":43}},"6":{"start":{"line":12,"column":8},"end":{"line":12,"column":60}},"7":{"start":{"line":13,"column":8},"end":{"line":13,"column":24}},"8":{"start":{"line":16,"column":4},"end":{"line":16,"column":42}},"9":{"start":{"line":18,"column":4},"end":{"line":18,"column":44}},"10":{"start":{"line":19,"column":4},"end":{"line":19,"column":20}},"11":{"start":{"line":23,"column":0},"end":{"line":23,"column":25}}},"fnMap":{"0":{"name":"(anonymous_0)","decl":{"start":{"line":3,"column":16},"end":{"line":3,"column":17}},"loc":{"start":{"line":3,"column":25},"end":{"line":21,"column":1}},"line":3},"1":{"name":"(anonymous_1)","decl":{"start":{"line":10,"column":12},"end":{"line":10,"column":13}},"loc":{"start":{"line":10,"column":24},"end":{"line":10,"column":43}},"line":10},"2":{"name":"(anonymous_2)","decl":{"start":{"line":11,"column":13},"end":{"line":11,"column":14}},"loc":{"start":{"line":11,"column":22},"end":{"line":14,"column":7}},"line":11}},"branchMap":{"0":{"loc":{"start":{"line":4,"column":2},"end":{"line":20,"column":3}},"type":"if","locations":[{"start":{"line":4,"column":2},"end":{"line":20,"column":3}},{"start":{"line":17,"column":9},"end":{"line":20,"column":3}}],"line":4},"1":{"loc":{"start":{"line":7,"column":6},"end":{"line":8,"column":61}},"type":"binary-expr","locations":[{"start":{"line":7,"column":6},"end":{"line":7,"column":31}},{"start":{"line":8,"column":6},"end":{"line":8,"column":61}}],"line":7}},"s":{"0":2,"1":2,"2":0,"3":0,"4":0,"5":0,"6":0,"7":0,"8":0,"9":0,"10":0,"11":2},"f":{"0":0,"1":0,"2":0},"b":{"0":[0,0],"1":[0,0]},"_coverageSchema":"1a1c01bbd47fc00a2c39e90264f33305004495a9","hash":"d6bcfd56da927c027672a1da511de35fef39528c"}
,"/Users/pablodominguez/Documents/programacion/pega/ledge/packages/server/src/prisma.js": {"path":"/Users/pablodominguez/Documents/programacion/pega/ledge/packages/server/src/prisma.js","statementMap":{"0":{"start":{"line":1,"column":27},"end":{"line":1,"column":52}},"1":{"start":{"line":3,"column":17},"end":{"line":11,"column":3}},"2":{"start":{"line":13,"column":2},"end":{"line":13,"column":26}}},"fnMap":{},"branchMap":{},"s":{"0":3,"1":3,"2":3},"f":{},"b":{},"_coverageSchema":"1a1c01bbd47fc00a2c39e90264f33305004495a9","hash":"4643ae134ffe3d25b0ef5e85d236641fcc8a1dc4"}
,"/Users/pablodominguez/Documents/programacion/pega/ledge/packages/server/src/auth/auth0Strategy.js": {"path":"/Users/pablodominguez/Documents/programacion/pega/ledge/packages/server/src/auth/auth0Strategy.js","statementMap":{"0":{"start":{"line":1,"column":12},"end":{"line":1,"column":35}},"1":{"start":{"line":2,"column":16},"end":{"line":2,"column":35}},"2":{"start":{"line":3,"column":29},"end":{"line":3,"column":45}},"3":{"start":{"line":7,"column":4},"end":{"line":7,"column":26}},"4":{"start":{"line":8,"column":4},"end":{"line":12,"column":7}},"5":{"start":{"line":16,"column":22},"end":{"line":16,"column":40}},"6":{"start":{"line":17,"column":4},"end":{"line":29,"column":6}},"7":{"start":{"line":33,"column":4},"end":{"line":41,"column":7}},"8":{"start":{"line":34,"column":6},"end":{"line":40,"column":9}},"9":{"start":{"line":35,"column":8},"end":{"line":39,"column":9}},"10":{"start":{"line":36,"column":10},"end":{"line":36,"column":22}},"11":{"start":{"line":38,"column":10},"end":{"line":38,"column":53}},"12":{"start":{"line":45,"column":4},"end":{"line":47,"column":5}},"13":{"start":{"line":46,"column":6},"end":{"line":46,"column":71}},"14":{"start":{"line":49,"column":24},"end":{"line":49,"column":69}},"15":{"start":{"line":51,"column":4},"end":{"line":85,"column":5}},"16":{"start":{"line":52,"column":27},"end":{"line":52,"column":70}},"17":{"start":{"line":53,"column":6},"end":{"line":55,"column":7}},"18":{"start":{"line":54,"column":8},"end":{"line":54,"column":41}},"19":{"start":{"line":57,"column":22},"end":{"line":57,"column":41}},"20":{"start":{"line":58,"column":25},"end":{"line":58,"column":54}},"21":{"start":{"line":60,"column":23},"end":{"line":64,"column":7}},"22":{"start":{"line":66,"column":6},"end":{"line":68,"column":7}},"23":{"start":{"line":67,"column":8},"end":{"line":67,"column":55}},"24":{"start":{"line":70,"column":6},"end":{"line":70,"column":47}},"25":{"start":{"line":71,"column":6},"end":{"line":79,"column":8}},"26":{"start":{"line":81,"column":6},"end":{"line":81,"column":13}},"27":{"start":{"line":83,"column":6},"end":{"line":83,"column":23}},"28":{"start":{"line":84,"column":6},"end":{"line":84,"column":65}},"29":{"start":{"line":89,"column":18},"end":{"line":94,"column":6}},"30":{"start":{"line":96,"column":4},"end":{"line":100,"column":5}},"31":{"start":{"line":97,"column":6},"end":{"line":97,"column":47}},"32":{"start":{"line":99,"column":6},"end":{"line":99,"column":65}},"33":{"start":{"line":104,"column":18},"end":{"line":109,"column":6}},"34":{"start":{"line":110,"column":4},"end":{"line":114,"column":5}},"35":{"start":{"line":111,"column":23},"end":{"line":111,"column":115}},"36":{"start":{"line":113,"column":6},"end":{"line":113,"column":75}},"37":{"start":{"line":118,"column":0},"end":{"line":120,"column":2}}},"fnMap":{"0":{"name":"(anonymous_0)","decl":{"start":{"line":6,"column":2},"end":{"line":6,"column":3}},"loc":{"start":{"line":6,"column":22},"end":{"line":13,"column":3}},"line":6},"1":{"name":"(anonymous_1)","decl":{"start":{"line":15,"column":2},"end":{"line":15,"column":3}},"loc":{"start":{"line":15,"column":22},"end":{"line":30,"column":3}},"line":15},"2":{"name":"(anonymous_2)","decl":{"start":{"line":32,"column":2},"end":{"line":32,"column":3}},"loc":{"start":{"line":32,"column":21},"end":{"line":42,"column":3}},"line":32},"3":{"name":"(anonymous_3)","decl":{"start":{"line":33,"column":23},"end":{"line":33,"column":24}},"loc":{"start":{"line":33,"column":44},"end":{"line":41,"column":5}},"line":33},"4":{"name":"(anonymous_4)","decl":{"start":{"line":34,"column":41},"end":{"line":34,"column":42}},"loc":{"start":{"line":34,"column":55},"end":{"line":40,"column":7}},"line":34},"5":{"name":"(anonymous_5)","decl":{"start":{"line":44,"column":2},"end":{"line":44,"column":3}},"loc":{"start":{"line":44,"column":37},"end":{"line":86,"column":3}},"line":44},"6":{"name":"(anonymous_6)","decl":{"start":{"line":88,"column":2},"end":{"line":88,"column":3}},"loc":{"start":{"line":88,"column":27},"end":{"line":101,"column":3}},"line":88},"7":{"name":"(anonymous_7)","decl":{"start":{"line":103,"column":2},"end":{"line":103,"column":3}},"loc":{"start":{"line":103,"column":35},"end":{"line":115,"column":3}},"line":103}},"branchMap":{"0":{"loc":{"start":{"line":35,"column":8},"end":{"line":39,"column":9}},"type":"if","locations":[{"start":{"line":35,"column":8},"end":{"line":39,"column":9}},{"start":{"line":37,"column":15},"end":{"line":39,"column":9}}],"line":35},"1":{"loc":{"start":{"line":38,"column":18},"end":{"line":38,"column":51}},"type":"binary-expr","locations":[{"start":{"line":38,"column":18},"end":{"line":38,"column":31}},{"start":{"line":38,"column":35},"end":{"line":38,"column":51}}],"line":38},"2":{"loc":{"start":{"line":45,"column":4},"end":{"line":47,"column":5}},"type":"if","locations":[{"start":{"line":45,"column":4},"end":{"line":47,"column":5}},{"start":{},"end":{}}],"line":45},"3":{"loc":{"start":{"line":53,"column":6},"end":{"line":55,"column":7}},"type":"if","locations":[{"start":{"line":53,"column":6},"end":{"line":55,"column":7}},{"start":{},"end":{}}],"line":53},"4":{"loc":{"start":{"line":66,"column":6},"end":{"line":68,"column":7}},"type":"if","locations":[{"start":{"line":66,"column":6},"end":{"line":68,"column":7}},{"start":{},"end":{}}],"line":66},"5":{"loc":{"start":{"line":72,"column":15},"end":{"line":72,"column":54}},"type":"binary-expr","locations":[{"start":{"line":72,"column":15},"end":{"line":72,"column":48}},{"start":{"line":72,"column":52},"end":{"line":72,"column":54}}],"line":72},"6":{"loc":{"start":{"line":73,"column":17},"end":{"line":75,"column":19}},"type":"cond-expr","locations":[{"start":{"line":74,"column":12},"end":{"line":74,"column":18}},{"start":{"line":75,"column":12},"end":{"line":75,"column":19}}],"line":73},"7":{"loc":{"start":{"line":76,"column":17},"end":{"line":78,"column":19}},"type":"cond-expr","locations":[{"start":{"line":77,"column":12},"end":{"line":77,"column":18}},{"start":{"line":78,"column":12},"end":{"line":78,"column":19}}],"line":76}},"s":{"0":3,"1":3,"2":3,"3":7,"4":7,"5":2,"6":2,"7":0,"8":0,"9":0,"10":0,"11":0,"12":3,"13":1,"14":2,"15":2,"16":2,"17":2,"18":1,"19":1,"20":1,"21":1,"22":1,"23":0,"24":1,"25":1,"26":1,"27":1,"28":1,"29":1,"30":1,"31":1,"32":1,"33":0,"34":0,"35":0,"36":0,"37":3},"f":{"0":7,"1":2,"2":0,"3":0,"4":0,"5":3,"6":1,"7":0},"b":{"0":[0,0],"1":[0,0],"2":[1,2],"3":[1,1],"4":[0,1],"5":[1,0],"6":[1,0],"7":[1,0]},"_coverageSchema":"1a1c01bbd47fc00a2c39e90264f33305004495a9","hash":"8a113b28317fda72575addbf7fa0279c6fc406c8"}
,"/Users/pablodominguez/Documents/programacion/pega/ledge/packages/server/src/middleware/versionGate.js": {"path":"/Users/pablodominguez/Documents/programacion/pega/ledge/packages/server/src/middleware/versionGate.js","statementMap":{"0":{"start":{"line":2,"column":24},"end":{"line":2,"column":43}},"1":{"start":{"line":3,"column":24},"end":{"line":3,"column":43}},"2":{"start":{"line":4,"column":2},"end":{"line":4,"column":78}},"3":{"start":{"line":4,"column":54},"end":{"line":4,"column":78}},"4":{"start":{"line":5,"column":2},"end":{"line":5,"column":78}},"5":{"start":{"line":5,"column":54},"end":{"line":5,"column":78}},"6":{"start":{"line":6,"column":2},"end":{"line":11,"column":3}},"7":{"start":{"line":6,"column":15},"end":{"line":6,"column":16}},"8":{"start":{"line":7,"column":17},"end":{"line":7,"column":47}},"9":{"start":{"line":8,"column":17},"end":{"line":8,"column":47}},"10":{"start":{"line":9,"column":4},"end":{"line":9,"column":33}},"11":{"start":{"line":9,"column":21},"end":{"line":9,"column":33}},"12":{"start":{"line":10,"column":4},"end":{"line":10,"column":34}},"13":{"start":{"line":10,"column":21},"end":{"line":10,"column":34}},"14":{"start":{"line":12,"column":2},"end":{"line":12,"column":14}},"15":{"start":{"line":15,"column":20},"end":{"line":24,"column":1}},"16":{"start":{"line":16,"column":2},"end":{"line":23,"column":3}},"17":{"start":{"line":18,"column":23},"end":{"line":18,"column":72}},"18":{"start":{"line":19,"column":4},"end":{"line":21,"column":5}},"19":{"start":{"line":20,"column":6},"end":{"line":20,"column":20}},"20":{"start":{"line":22,"column":4},"end":{"line":22,"column":25}},"21":{"start":{"line":26,"column":0},"end":{"line":26,"column":29}}},"fnMap":{"0":{"name":"versionGte","decl":{"start":{"line":1,"column":9},"end":{"line":1,"column":19}},"loc":{"start":{"line":1,"column":40},"end":{"line":13,"column":1}},"line":1},"1":{"name":"(anonymous_1)","decl":{"start":{"line":15,"column":20},"end":{"line":15,"column":21}},"loc":{"start":{"line":15,"column":33},"end":{"line":24,"column":1}},"line":15},"2":{"name":"(anonymous_2)","decl":{"start":{"line":16,"column":9},"end":{"line":16,"column":10}},"loc":{"start":{"line":16,"column":35},"end":{"line":23,"column":3}},"line":16}},"branchMap":{"0":{"loc":{"start":{"line":9,"column":4},"end":{"line":9,"column":33}},"type":"if","locations":[{"start":{"line":9,"column":4},"end":{"line":9,"column":33}},{"start":{},"end":{}}],"line":9},"1":{"loc":{"start":{"line":10,"column":4},"end":{"line":10,"column":34}},"type":"if","locations":[{"start":{"line":10,"column":4},"end":{"line":10,"column":34}},{"start":{},"end":{}}],"line":10},"2":{"loc":{"start":{"line":18,"column":23},"end":{"line":18,"column":72}},"type":"binary-expr","locations":[{"start":{"line":18,"column":23},"end":{"line":18,"column":50}},{"start":{"line":18,"column":54},"end":{"line":18,"column":65}},{"start":{"line":18,"column":69},"end":{"line":18,"column":72}}],"line":18},"3":{"loc":{"start":{"line":19,"column":4},"end":{"line":21,"column":5}},"type":"if","locations":[{"start":{"line":19,"column":4},"end":{"line":21,"column":5}},{"start":{},"end":{}}],"line":19}},"s":{"0":0,"1":0,"2":0,"3":0,"4":0,"5":0,"6":0,"7":0,"8":0,"9":0,"10":0,"11":0,"12":0,"13":0,"14":0,"15":0,"16":0,"17":0,"18":0,"19":0,"20":0,"21":0},"f":{"0":0,"1":0,"2":0},"b":{"0":[0,0],"1":[0,0],"2":[0,0,0],"3":[0,0]}}
,"/Users/pablodominguez/Documents/programacion/pega/ledge/packages/server/src/services/index.js": {"path":"/Users/pablodominguez/Documents/programacion/pega/ledge/packages/server/src/services/index.js","statementMap":{"0":{"start":{"line":1,"column":16},"end":{"line":1,"column":36}},"1":{"start":{"line":2,"column":20},"end":{"line":2,"column":45}},"2":{"start":{"line":3,"column":17},"end":{"line":3,"column":38}},"3":{"start":{"line":4,"column":15},"end":{"line":4,"column":34}},"4":{"start":{"line":5,"column":19},"end":{"line":5,"column":42}},"5":{"start":{"line":6,"column":17},"end":{"line":6,"column":38}},"6":{"start":{"line":7,"column":15},"end":{"line":7,"column":34}},"7":{"start":{"line":8,"column":23},"end":{"line":8,"column":50}},"8":{"start":{"line":9,"column":24},"end":{"line":9,"column":53}},"9":{"start":{"line":10,"column":18},"end":{"line":10,"column":40}},"10":{"start":{"line":11,"column":16},"end":{"line":11,"column":36}},"11":{"start":{"line":12,"column":27},"end":{"line":12,"column":60}},"12":{"start":{"line":13,"column":14},"end":{"line":13,"column":32}},"13":{"start":{"line":14,"column":14},"end":{"line":14,"column":32}},"14":{"start":{"line":15,"column":17},"end":{"line":15,"column":38}},"15":{"start":{"line":16,"column":30},"end":{"line":16,"column":65}},"16":{"start":{"line":17,"column":11},"end":{"line":17,"column":26}},"17":{"start":{"line":18,"column":18},"end":{"line":18,"column":41}},"18":{"start":{"line":19,"column":19},"end":{"line":19,"column":43}},"19":{"start":{"line":22,"column":17},"end":{"line":42,"column":1}},"20":{"start":{"line":44,"column":0},"end":{"line":44,"column":26}}},"fnMap":{},"branchMap":{},"s":{"0":2,"1":2,"2":2,"3":2,"4":2,"5":2,"6":2,"7":2,"8":2,"9":2,"10":2,"11":2,"12":2,"13":2,"14":2,"15":2,"16":2,"17":2,"18":2,"19":2,"20":2},"f":{},"b":{},"_coverageSchema":"1a1c01bbd47fc00a2c39e90264f33305004495a9","hash":"73aa0bb1219b21e10c07d69dc76350635e945c72"}
,"/Users/pablodominguez/Documents/programacion/pega/ledge/packages/server/src/services/answers/index.js": {"path":"/Users/pablodominguez/Documents/programacion/pega/ledge/packages/server/src/services/answers/index.js","statementMap":{"0":{"start":{"line":1,"column":15},"end":{"line":1,"column":38}},"1":{"start":{"line":2,"column":16},"end":{"line":2,"column":34}},"2":{"start":{"line":3,"column":25},"end":{"line":3,"column":56}},"3":{"start":{"line":4,"column":15},"end":{"line":4,"column":31}},"4":{"start":{"line":8,"column":4},"end":{"line":8,"column":22}},"5":{"start":{"line":18,"column":4},"end":{"line":18,"column":37}},"6":{"start":{"line":20,"column":15},"end":{"line":20,"column":32}},"7":{"start":{"line":21,"column":0},"end":{"line":21,"column":25}},"8":{"start":{"line":23,"column":0},"end":{"line":69,"column":3}},"9":{"start":{"line":24,"column":2},"end":{"line":68,"column":3}},"10":{"start":{"line":25,"column":19},"end":{"line":25,"column":44}},"11":{"start":{"line":26,"column":25},"end":{"line":37,"column":5}},"12":{"start":{"line":38,"column":23},"end":{"line":59,"column":6}},"13":{"start":{"line":60,"column":26},"end":{"line":63,"column":5}},"14":{"start":{"line":64,"column":4},"end":{"line":64,"column":40}},"15":{"start":{"line":66,"column":4},"end":{"line":66,"column":50}},"16":{"start":{"line":67,"column":4},"end":{"line":67,"column":40}},"17":{"start":{"line":71,"column":0},"end":{"line":99,"column":3}},"18":{"start":{"line":72,"column":2},"end":{"line":98,"column":3}},"19":{"start":{"line":73,"column":19},"end":{"line":73,"column":44}},"20":{"start":{"line":74,"column":21},"end":{"line":74,"column":34}},"21":{"start":{"line":75,"column":19},"end":{"line":75,"column":27}},"22":{"start":{"line":77,"column":26},"end":{"line":82,"column":6}},"23":{"start":{"line":83,"column":4},"end":{"line":86,"column":5}},"24":{"start":{"line":84,"column":6},"end":{"line":84,"column":75}},"25":{"start":{"line":85,"column":6},"end":{"line":85,"column":13}},"26":{"start":{"line":87,"column":26},"end":{"line":94,"column":6}},"27":{"start":{"line":95,"column":4},"end":{"line":95,"column":28}},"28":{"start":{"line":97,"column":4},"end":{"line":97,"column":40}},"29":{"start":{"line":101,"column":0},"end":{"line":132,"column":3}},"30":{"start":{"line":102,"column":2},"end":{"line":131,"column":3}},"31":{"start":{"line":103,"column":19},"end":{"line":103,"column":44}},"32":{"start":{"line":104,"column":23},"end":{"line":104,"column":31}},"33":{"start":{"line":105,"column":27},"end":{"line":105,"column":29}},"34":{"start":{"line":107,"column":4},"end":{"line":126,"column":6}},"35":{"start":{"line":109,"column":32},"end":{"line":123,"column":10}},"36":{"start":{"line":124,"column":8},"end":{"line":124,"column":47}},"37":{"start":{"line":127,"column":4},"end":{"line":127,"column":31}},"38":{"start":{"line":129,"column":4},"end":{"line":129,"column":34}},"39":{"start":{"line":130,"column":4},"end":{"line":130,"column":40}},"40":{"start":{"line":134,"column":0},"end":{"line":173,"column":3}},"41":{"start":{"line":135,"column":2},"end":{"line":172,"column":3}},"42":{"start":{"line":136,"column":19},"end":{"line":136,"column":44}},"43":{"start":{"line":137,"column":23},"end":{"line":137,"column":31}},"44":{"start":{"line":138,"column":27},"end":{"line":138,"column":29}},"45":{"start":{"line":142,"column":4},"end":{"line":167,"column":6}},"46":{"start":{"line":144,"column":32},"end":{"line":164,"column":10}},"47":{"start":{"line":165,"column":8},"end":{"line":165,"column":47}},"48":{"start":{"line":168,"column":4},"end":{"line":168,"column":31}},"49":{"start":{"line":170,"column":4},"end":{"line":170,"column":34}},"50":{"start":{"line":171,"column":4},"end":{"line":171,"column":40}},"51":{"start":{"line":176,"column":0},"end":{"line":302,"column":3}},"52":{"start":{"line":177,"column":2},"end":{"line":301,"column":3}},"53":{"start":{"line":178,"column":19},"end":{"line":178,"column":44}},"54":{"start":{"line":179,"column":20},"end":{"line":179,"column":36}},"55":{"start":{"line":180,"column":20},"end":{"line":180,"column":33}},"56":{"start":{"line":181,"column":18},"end":{"line":181,"column":32}},"57":{"start":{"line":182,"column":25},"end":{"line":182,"column":27}},"58":{"start":{"line":184,"column":4},"end":{"line":235,"column":5}},"59":{"start":{"line":185,"column":6},"end":{"line":208,"column":7}},"60":{"start":{"line":186,"column":28},"end":{"line":186,"column":44}},"61":{"start":{"line":187,"column":8},"end":{"line":206,"column":11}},"62":{"start":{"line":207,"column":8},"end":{"line":207,"column":17}},"63":{"start":{"line":209,"column":23},"end":{"line":212,"column":8}},"64":{"start":{"line":214,"column":6},"end":{"line":217,"column":7}},"65":{"start":{"line":215,"column":8},"end":{"line":215,"column":65}},"66":{"start":{"line":216,"column":8},"end":{"line":216,"column":17}},"67":{"start":{"line":219,"column":29},"end":{"line":233,"column":8}},"68":{"start":{"line":234,"column":6},"end":{"line":234,"column":40}},"69":{"start":{"line":237,"column":17},"end":{"line":241,"column":6}},"70":{"start":{"line":244,"column":4},"end":{"line":275,"column":5}},"71":{"start":{"line":248,"column":6},"end":{"line":248,"column":59}},"72":{"start":{"line":250,"column":6},"end":{"line":274,"column":7}},"73":{"start":{"line":251,"column":23},"end":{"line":251,"column":67}},"74":{"start":{"line":252,"column":8},"end":{"line":264,"column":9}},"75":{"start":{"line":255,"column":10},"end":{"line":255,"column":57}},"76":{"start":{"line":256,"column":10},"end":{"line":256,"column":55}},"77":{"start":{"line":257,"column":15},"end":{"line":264,"column":9}},"78":{"start":{"line":259,"column":10},"end":{"line":259,"column":55}},"79":{"start":{"line":260,"column":10},"end":{"line":260,"column":57}},"80":{"start":{"line":261,"column":15},"end":{"line":264,"column":9}},"81":{"start":{"line":263,"column":10},"end":{"line":263,"column":57}},"82":{"start":{"line":266,"column":23},"end":{"line":266,"column":70}},"83":{"start":{"line":267,"column":8},"end":{"line":273,"column":9}},"84":{"start":{"line":269,"column":10},"end":{"line":269,"column":57}},"85":{"start":{"line":270,"column":15},"end":{"line":273,"column":9}},"86":{"start":{"line":272,"column":10},"end":{"line":272,"column":57}},"87":{"start":{"line":277,"column":4},"end":{"line":277,"column":49}},"88":{"start":{"line":278,"column":4},"end":{"line":293,"column":5}},"89":{"start":{"line":279,"column":6},"end":{"line":279,"column":51}},"90":{"start":{"line":280,"column":6},"end":{"line":280,"column":47}},"91":{"start":{"line":283,"column":6},"end":{"line":292,"column":9}},"92":{"start":{"line":295,"column":29},"end":{"line":295,"column":71}},"93":{"start":{"line":296,"column":4},"end":{"line":296,"column":62}},"94":{"start":{"line":297,"column":4},"end":{"line":297,"column":31}},"95":{"start":{"line":299,"column":4},"end":{"line":299,"column":34}},"96":{"start":{"line":300,"column":4},"end":{"line":300,"column":40}},"97":{"start":{"line":305,"column":0},"end":{"line":334,"column":3}},"98":{"start":{"line":307,"column":2},"end":{"line":333,"column":3}},"99":{"start":{"line":308,"column":19},"end":{"line":308,"column":44}},"100":{"start":{"line":309,"column":33},"end":{"line":309,"column":46}},"101":{"start":{"line":311,"column":20},"end":{"line":318,"column":6}},"102":{"start":{"line":319,"column":4},"end":{"line":322,"column":5}},"103":{"start":{"line":320,"column":6},"end":{"line":320,"column":77}},"104":{"start":{"line":321,"column":6},"end":{"line":321,"column":13}},"105":{"start":{"line":323,"column":4},"end":{"line":329,"column":7}},"106":{"start":{"line":330,"column":4},"end":{"line":330,"column":44}},"107":{"start":{"line":332,"column":4},"end":{"line":332,"column":40}},"108":{"start":{"line":336,"column":0},"end":{"line":339,"column":2}}},"fnMap":{"0":{"name":"(anonymous_0)","decl":{"start":{"line":23,"column":26},"end":{"line":23,"column":27}},"loc":{"start":{"line":23,"column":46},"end":{"line":69,"column":1}},"line":23},"1":{"name":"(anonymous_1)","decl":{"start":{"line":71,"column":25},"end":{"line":71,"column":26}},"loc":{"start":{"line":71,"column":45},"end":{"line":99,"column":1}},"line":71},"2":{"name":"(anonymous_2)","decl":{"start":{"line":101,"column":36},"end":{"line":101,"column":37}},"loc":{"start":{"line":101,"column":56},"end":{"line":132,"column":1}},"line":101},"3":{"name":"(anonymous_3)","decl":{"start":{"line":108,"column":21},"end":{"line":108,"column":22}},"loc":{"start":{"line":108,"column":39},"end":{"line":125,"column":7}},"line":108},"4":{"name":"(anonymous_4)","decl":{"start":{"line":134,"column":21},"end":{"line":134,"column":22}},"loc":{"start":{"line":134,"column":41},"end":{"line":173,"column":1}},"line":134},"5":{"name":"(anonymous_5)","decl":{"start":{"line":143,"column":21},"end":{"line":143,"column":22}},"loc":{"start":{"line":143,"column":39},"end":{"line":166,"column":7}},"line":143},"6":{"name":"(anonymous_6)","decl":{"start":{"line":176,"column":37},"end":{"line":176,"column":38}},"loc":{"start":{"line":176,"column":57},"end":{"line":302,"column":1}},"line":176},"7":{"name":"(anonymous_7)","decl":{"start":{"line":305,"column":23},"end":{"line":305,"column":24}},"loc":{"start":{"line":305,"column":43},"end":{"line":334,"column":1}},"line":305}},"branchMap":{"0":{"loc":{"start":{"line":83,"column":4},"end":{"line":86,"column":5}},"type":"if","locations":[{"start":{"line":83,"column":4},"end":{"line":86,"column":5}},{"start":{},"end":{}}],"line":83},"1":{"loc":{"start":{"line":185,"column":6},"end":{"line":208,"column":7}},"type":"if","locations":[{"start":{"line":185,"column":6},"end":{"line":208,"column":7}},{"start":{},"end":{}}],"line":185},"2":{"loc":{"start":{"line":214,"column":6},"end":{"line":217,"column":7}},"type":"if","locations":[{"start":{"line":214,"column":6},"end":{"line":217,"column":7}},{"start":{},"end":{}}],"line":214},"3":{"loc":{"start":{"line":244,"column":4},"end":{"line":275,"column":5}},"type":"if","locations":[{"start":{"line":244,"column":4},"end":{"line":275,"column":5}},{"start":{},"end":{}}],"line":244},"4":{"loc":{"start":{"line":250,"column":6},"end":{"line":274,"column":7}},"type":"if","locations":[{"start":{"line":250,"column":6},"end":{"line":274,"column":7}},{"start":{"line":265,"column":13},"end":{"line":274,"column":7}}],"line":250},"5":{"loc":{"start":{"line":252,"column":8},"end":{"line":264,"column":9}},"type":"if","locations":[{"start":{"line":252,"column":8},"end":{"line":264,"column":9}},{"start":{"line":257,"column":15},"end":{"line":264,"column":9}}],"line":252},"6":{"loc":{"start":{"line":252,"column":12},"end":{"line":252,"column":45}},"type":"binary-expr","locations":[{"start":{"line":252,"column":12},"end":{"line":252,"column":18}},{"start":{"line":252,"column":22},"end":{"line":252,"column":45}}],"line":252},"7":{"loc":{"start":{"line":257,"column":15},"end":{"line":264,"column":9}},"type":"if","locations":[{"start":{"line":257,"column":15},"end":{"line":264,"column":9}},{"start":{"line":261,"column":15},"end":{"line":264,"column":9}}],"line":257},"8":{"loc":{"start":{"line":257,"column":19},"end":{"line":257,"column":52}},"type":"binary-expr","locations":[{"start":{"line":257,"column":19},"end":{"line":257,"column":25}},{"start":{"line":257,"column":29},"end":{"line":257,"column":52}}],"line":257},"9":{"loc":{"start":{"line":261,"column":15},"end":{"line":264,"column":9}},"type":"if","locations":[{"start":{"line":261,"column":15},"end":{"line":264,"column":9}},{"start":{},"end":{}}],"line":261},"10":{"loc":{"start":{"line":261,"column":19},"end":{"line":261,"column":52}},"type":"binary-expr","locations":[{"start":{"line":261,"column":19},"end":{"line":261,"column":25}},{"start":{"line":261,"column":29},"end":{"line":261,"column":52}}],"line":261},"11":{"loc":{"start":{"line":267,"column":8},"end":{"line":273,"column":9}},"type":"if","locations":[{"start":{"line":267,"column":8},"end":{"line":273,"column":9}},{"start":{"line":270,"column":15},"end":{"line":273,"column":9}}],"line":267},"12":{"loc":{"start":{"line":267,"column":12},"end":{"line":267,"column":45}},"type":"binary-expr","locations":[{"start":{"line":267,"column":12},"end":{"line":267,"column":18}},{"start":{"line":267,"column":22},"end":{"line":267,"column":45}}],"line":267},"13":{"loc":{"start":{"line":270,"column":15},"end":{"line":273,"column":9}},"type":"if","locations":[{"start":{"line":270,"column":15},"end":{"line":273,"column":9}},{"start":{},"end":{}}],"line":270},"14":{"loc":{"start":{"line":270,"column":19},"end":{"line":270,"column":52}},"type":"binary-expr","locations":[{"start":{"line":270,"column":19},"end":{"line":270,"column":25}},{"start":{"line":270,"column":29},"end":{"line":270,"column":52}}],"line":270},"15":{"loc":{"start":{"line":278,"column":4},"end":{"line":293,"column":5}},"type":"if","locations":[{"start":{"line":278,"column":4},"end":{"line":293,"column":5}},{"start":{},"end":{}}],"line":278},"16":{"loc":{"start":{"line":319,"column":4},"end":{"line":322,"column":5}},"type":"if","locations":[{"start":{"line":319,"column":4},"end":{"line":322,"column":5}},{"start":{},"end":{}}],"line":319}},"s":{"0":2,"1":2,"2":2,"3":2,"4":2,"5":2,"6":2,"7":2,"8":2,"9":0,"10":0,"11":0,"12":0,"13":0,"14":0,"15":0,"16":0,"17":2,"18":0,"19":0,"20":0,"21":0,"22":0,"23":0,"24":0,"25":0,"26":0,"27":0,"28":0,"29":2,"30":0,"31":0,"32":0,"33":0,"34":0,"35":0,"36":0,"37":0,"38":0,"39":0,"40":2,"41":0,"42":0,"43":0,"44":0,"45":0,"46":0,"47":0,"48":0,"49":0,"50":0,"51":2,"52":0,"53":0,"54":0,"55":0,"56":0,"57":0,"58":0,"59":0,"60":0,"61":0,"62":0,"63":0,"64":0,"65":0,"66":0,"67":0,"68":0,"69":0,"70":0,"71":0,"72":0,"73":0,"74":0,"75":0,"76":0,"77":0,"78":0,"79":0,"80":0,"81":0,"82":0,"83":0,"84":0,"85":0,"86":0,"87":0,"88":0,"89":0,"90":0,"91":0,"92":0,"93":0,"94":0,"95":0,"96":0,"97":2,"98":0,"99":0,"100":0,"101":0,"102":0,"103":0,"104":0,"105":0,"106":0,"107":0,"108":2},"f":{"0":0,"1":0,"2":0,"3":0,"4":0,"5":0,"6":0,"7":0},"b":{"0":[0,0],"1":[0,0],"2":[0,0],"3":[0,0],"4":[0,0],"5":[0,0],"6":[0,0],"7":[0,0],"8":[0,0],"9":[0,0],"10":[0,0],"11":[0,0],"12":[0,0],"13":[0,0],"14":[0,0],"15":[0,0],"16":[0,0]},"_coverageSchema":"1a1c01bbd47fc00a2c39e90264f33305004495a9","hash":"784503fe0356147e019c795a1347d597d4e45a0f"}
,"/Users/pablodominguez/Documents/programacion/pega/ledge/packages/server/src/services/answers/utils.js": {"path":"/Users/pablodominguez/Documents/programacion/pega/ledge/packages/server/src/services/answers/utils.js","statementMap":{"0":{"start":{"line":1,"column":15},"end":{"line":1,"column":38}},"1":{"start":{"line":2,"column":15},"end":{"line":2,"column":32}},"2":{"start":{"line":10,"column":23},"end":{"line":10,"column":25}},"3":{"start":{"line":12,"column":29},"end":{"line":18,"column":4}},"4":{"start":{"line":19,"column":2},"end":{"line":19,"column":116}},"5":{"start":{"line":19,"column":71},"end":{"line":19,"column":112}},"6":{"start":{"line":20,"column":2},"end":{"line":40,"column":5}},"7":{"start":{"line":21,"column":26},"end":{"line":21,"column":55}},"8":{"start":{"line":22,"column":4},"end":{"line":24,"column":5}},"9":{"start":{"line":23,"column":6},"end":{"line":23,"column":13}},"10":{"start":{"line":26,"column":31},"end":{"line":28,"column":5}},"11":{"start":{"line":27,"column":31},"end":{"line":27,"column":74}},"12":{"start":{"line":30,"column":4},"end":{"line":39,"column":5}},"13":{"start":{"line":31,"column":6},"end":{"line":36,"column":9}},"14":{"start":{"line":38,"column":6},"end":{"line":38,"column":62}},"15":{"start":{"line":42,"column":2},"end":{"line":50,"column":5}},"16":{"start":{"line":43,"column":4},"end":{"line":49,"column":5}},"17":{"start":{"line":44,"column":6},"end":{"line":44,"column":16}},"18":{"start":{"line":45,"column":11},"end":{"line":49,"column":5}},"19":{"start":{"line":46,"column":6},"end":{"line":46,"column":15}},"20":{"start":{"line":48,"column":6},"end":{"line":48,"column":15}},"21":{"start":{"line":52,"column":33},"end":{"line":54,"column":3}},"22":{"start":{"line":53,"column":29},"end":{"line":53,"column":51}},"23":{"start":{"line":55,"column":2},"end":{"line":57,"column":3}},"24":{"start":{"line":56,"column":4},"end":{"line":56,"column":26}},"25":{"start":{"line":60,"column":26},"end":{"line":81,"column":4}},"26":{"start":{"line":82,"column":2},"end":{"line":84,"column":3}},"27":{"start":{"line":83,"column":4},"end":{"line":83,"column":26}},"28":{"start":{"line":85,"column":2},"end":{"line":98,"column":5}},"29":{"start":{"line":86,"column":26},"end":{"line":88,"column":5}},"30":{"start":{"line":87,"column":14},"end":{"line":87,"column":46}},"31":{"start":{"line":89,"column":4},"end":{"line":91,"column":5}},"32":{"start":{"line":90,"column":6},"end":{"line":90,"column":13}},"33":{"start":{"line":92,"column":35},"end":{"line":92,"column":58}},"34":{"start":{"line":93,"column":33},"end":{"line":96,"column":5}},"35":{"start":{"line":95,"column":8},"end":{"line":95,"column":68}},"36":{"start":{"line":95,"column":34},"end":{"line":95,"column":67}},"37":{"start":{"line":97,"column":4},"end":{"line":97,"column":64}},"38":{"start":{"line":99,"column":2},"end":{"line":99,"column":24}},"39":{"start":{"line":108,"column":31},"end":{"line":114,"column":3}},"40":{"start":{"line":116,"column":28},"end":{"line":126,"column":4}},"41":{"start":{"line":127,"column":2},"end":{"line":134,"column":3}},"42":{"start":{"line":128,"column":4},"end":{"line":133,"column":7}},"43":{"start":{"line":136,"column":2},"end":{"line":157,"column":5}},"44":{"start":{"line":137,"column":26},"end":{"line":137,"column":55}},"45":{"start":{"line":138,"column":4},"end":{"line":141,"column":5}},"46":{"start":{"line":139,"column":6},"end":{"line":139,"column":53}},"47":{"start":{"line":140,"column":6},"end":{"line":140,"column":13}},"48":{"start":{"line":143,"column":31},"end":{"line":145,"column":5}},"49":{"start":{"line":144,"column":31},"end":{"line":144,"column":74}},"50":{"start":{"line":147,"column":4},"end":{"line":156,"column":5}},"51":{"start":{"line":148,"column":6},"end":{"line":153,"column":9}},"52":{"start":{"line":155,"column":6},"end":{"line":155,"column":70}},"53":{"start":{"line":159,"column":32},"end":{"line":161,"column":3}},"54":{"start":{"line":160,"column":23},"end":{"line":160,"column":39}},"55":{"start":{"line":162,"column":2},"end":{"line":164,"column":4}},"56":{"start":{"line":163,"column":12},"end":{"line":163,"column":37}},"57":{"start":{"line":165,"column":2},"end":{"line":167,"column":3}},"58":{"start":{"line":166,"column":4},"end":{"line":166,"column":34}},"59":{"start":{"line":168,"column":25},"end":{"line":177,"column":4}},"60":{"start":{"line":178,"column":2},"end":{"line":180,"column":3}},"61":{"start":{"line":179,"column":4},"end":{"line":179,"column":34}},"62":{"start":{"line":181,"column":2},"end":{"line":194,"column":5}},"63":{"start":{"line":182,"column":26},"end":{"line":184,"column":5}},"64":{"start":{"line":183,"column":13},"end":{"line":183,"column":44}},"65":{"start":{"line":185,"column":4},"end":{"line":187,"column":5}},"66":{"start":{"line":186,"column":6},"end":{"line":186,"column":13}},"67":{"start":{"line":188,"column":35},"end":{"line":188,"column":58}},"68":{"start":{"line":189,"column":33},"end":{"line":192,"column":5}},"69":{"start":{"line":191,"column":8},"end":{"line":191,"column":68}},"70":{"start":{"line":191,"column":34},"end":{"line":191,"column":67}},"71":{"start":{"line":193,"column":4},"end":{"line":193,"column":64}},"72":{"start":{"line":196,"column":2},"end":{"line":196,"column":32}},"73":{"start":{"line":200,"column":2},"end":{"line":207,"column":5}},"74":{"start":{"line":211,"column":0},"end":{"line":215,"column":2}}},"fnMap":{"0":{"name":"sortAnswersByClass","decl":{"start":{"line":9,"column":15},"end":{"line":9,"column":33}},"loc":{"start":{"line":9,"column":58},"end":{"line":100,"column":1}},"line":9},"1":{"name":"(anonymous_1)","decl":{"start":{"line":19,"column":64},"end":{"line":19,"column":65}},"loc":{"start":{"line":19,"column":71},"end":{"line":19,"column":112}},"line":19},"2":{"name":"(anonymous_2)","decl":{"start":{"line":20,"column":18},"end":{"line":20,"column":19}},"loc":{"start":{"line":20,"column":30},"end":{"line":40,"column":3}},"line":20},"3":{"name":"(anonymous_3)","decl":{"start":{"line":27,"column":6},"end":{"line":27,"column":7}},"loc":{"start":{"line":27,"column":31},"end":{"line":27,"column":74}},"line":27},"4":{"name":"(anonymous_4)","decl":{"start":{"line":42,"column":39},"end":{"line":42,"column":40}},"loc":{"start":{"line":42,"column":49},"end":{"line":50,"column":3}},"line":42},"5":{"name":"(anonymous_5)","decl":{"start":{"line":53,"column":4},"end":{"line":53,"column":5}},"loc":{"start":{"line":53,"column":29},"end":{"line":53,"column":51}},"line":53},"6":{"name":"(anonymous_6)","decl":{"start":{"line":85,"column":25},"end":{"line":85,"column":26}},"loc":{"start":{"line":85,"column":50},"end":{"line":98,"column":3}},"line":85},"7":{"name":"(anonymous_7)","decl":{"start":{"line":87,"column":6},"end":{"line":87,"column":7}},"loc":{"start":{"line":87,"column":14},"end":{"line":87,"column":46}},"line":87},"8":{"name":"(anonymous_8)","decl":{"start":{"line":94,"column":6},"end":{"line":94,"column":7}},"loc":{"start":{"line":95,"column":8},"end":{"line":95,"column":68}},"line":95},"9":{"name":"(anonymous_9)","decl":{"start":{"line":95,"column":22},"end":{"line":95,"column":23}},"loc":{"start":{"line":95,"column":34},"end":{"line":95,"column":67}},"line":95},"10":{"name":"sortAnswersByQuestionnaire","decl":{"start":{"line":107,"column":15},"end":{"line":107,"column":41}},"loc":{"start":{"line":107,"column":66},"end":{"line":197,"column":1}},"line":107},"11":{"name":"(anonymous_11)","decl":{"start":{"line":136,"column":18},"end":{"line":136,"column":19}},"loc":{"start":{"line":136,"column":30},"end":{"line":157,"column":3}},"line":136},"12":{"name":"(anonymous_12)","decl":{"start":{"line":144,"column":6},"end":{"line":144,"column":7}},"loc":{"start":{"line":144,"column":31},"end":{"line":144,"column":74}},"line":144},"13":{"name":"(anonymous_13)","decl":{"start":{"line":160,"column":4},"end":{"line":160,"column":5}},"loc":{"start":{"line":160,"column":23},"end":{"line":160,"column":39}},"line":160},"14":{"name":"(anonymous_14)","decl":{"start":{"line":163,"column":4},"end":{"line":163,"column":5}},"loc":{"start":{"line":163,"column":12},"end":{"line":163,"column":37}},"line":163},"15":{"name":"(anonymous_15)","decl":{"start":{"line":181,"column":33},"end":{"line":181,"column":34}},"loc":{"start":{"line":181,"column":58},"end":{"line":194,"column":3}},"line":181},"16":{"name":"(anonymous_16)","decl":{"start":{"line":183,"column":6},"end":{"line":183,"column":7}},"loc":{"start":{"line":183,"column":13},"end":{"line":183,"column":44}},"line":183},"17":{"name":"(anonymous_17)","decl":{"start":{"line":190,"column":6},"end":{"line":190,"column":7}},"loc":{"start":{"line":191,"column":8},"end":{"line":191,"column":68}},"line":191},"18":{"name":"(anonymous_18)","decl":{"start":{"line":191,"column":22},"end":{"line":191,"column":23}},"loc":{"start":{"line":191,"column":34},"end":{"line":191,"column":67}},"line":191},"19":{"name":"saveUsername","decl":{"start":{"line":199,"column":15},"end":{"line":199,"column":27}},"loc":{"start":{"line":199,"column":46},"end":{"line":208,"column":1}},"line":199}},"branchMap":{"0":{"loc":{"start":{"line":9,"column":43},"end":{"line":9,"column":56}},"type":"default-arg","locations":[{"start":{"line":9,"column":52},"end":{"line":9,"column":56}}],"line":9},"1":{"loc":{"start":{"line":22,"column":4},"end":{"line":24,"column":5}},"type":"if","locations":[{"start":{"line":22,"column":4},"end":{"line":24,"column":5}},{"start":{},"end":{}}],"line":22},"2":{"loc":{"start":{"line":30,"column":4},"end":{"line":39,"column":5}},"type":"if","locations":[{"start":{"line":30,"column":4},"end":{"line":39,"column":5}},{"start":{"line":37,"column":11},"end":{"line":39,"column":5}}],"line":30},"3":{"loc":{"start":{"line":43,"column":4},"end":{"line":49,"column":5}},"type":"if","locations":[{"start":{"line":43,"column":4},"end":{"line":49,"column":5}},{"start":{"line":45,"column":11},"end":{"line":49,"column":5}}],"line":43},"4":{"loc":{"start":{"line":43,"column":8},"end":{"line":43,"column":54}},"type":"binary-expr","locations":[{"start":{"line":43,"column":8},"end":{"line":43,"column":28}},{"start":{"line":43,"column":32},"end":{"line":43,"column":54}}],"line":43},"5":{"loc":{"start":{"line":45,"column":11},"end":{"line":49,"column":5}},"type":"if","locations":[{"start":{"line":45,"column":11},"end":{"line":49,"column":5}},{"start":{"line":47,"column":11},"end":{"line":49,"column":5}}],"line":45},"6":{"loc":{"start":{"line":45,"column":15},"end":{"line":45,"column":61}},"type":"binary-expr","locations":[{"start":{"line":45,"column":15},"end":{"line":45,"column":37}},{"start":{"line":45,"column":41},"end":{"line":45,"column":61}}],"line":45},"7":{"loc":{"start":{"line":55,"column":2},"end":{"line":57,"column":3}},"type":"if","locations":[{"start":{"line":55,"column":2},"end":{"line":57,"column":3}},{"start":{},"end":{}}],"line":55},"8":{"loc":{"start":{"line":82,"column":2},"end":{"line":84,"column":3}},"type":"if","locations":[{"start":{"line":82,"column":2},"end":{"line":84,"column":3}},{"start":{},"end":{}}],"line":82},"9":{"loc":{"start":{"line":89,"column":4},"end":{"line":91,"column":5}},"type":"if","locations":[{"start":{"line":89,"column":4},"end":{"line":91,"column":5}},{"start":{},"end":{}}],"line":89},"10":{"loc":{"start":{"line":107,"column":51},"end":{"line":107,"column":64}},"type":"default-arg","locations":[{"start":{"line":107,"column":60},"end":{"line":107,"column":64}}],"line":107},"11":{"loc":{"start":{"line":127,"column":2},"end":{"line":134,"column":3}},"type":"if","locations":[{"start":{"line":127,"column":2},"end":{"line":134,"column":3}},{"start":{},"end":{}}],"line":127},"12":{"loc":{"start":{"line":138,"column":4},"end":{"line":141,"column":5}},"type":"if","locations":[{"start":{"line":138,"column":4},"end":{"line":141,"column":5}},{"start":{},"end":{}}],"line":138},"13":{"loc":{"start":{"line":147,"column":4},"end":{"line":156,"column":5}},"type":"if","locations":[{"start":{"line":147,"column":4},"end":{"line":156,"column":5}},{"start":{"line":154,"column":11},"end":{"line":156,"column":5}}],"line":147},"14":{"loc":{"start":{"line":165,"column":2},"end":{"line":167,"column":3}},"type":"if","locations":[{"start":{"line":165,"column":2},"end":{"line":167,"column":3}},{"start":{},"end":{}}],"line":165},"15":{"loc":{"start":{"line":178,"column":2},"end":{"line":180,"column":3}},"type":"if","locations":[{"start":{"line":178,"column":2},"end":{"line":180,"column":3}},{"start":{},"end":{}}],"line":178},"16":{"loc":{"start":{"line":185,"column":4},"end":{"line":187,"column":5}},"type":"if","locations":[{"start":{"line":185,"column":4},"end":{"line":187,"column":5}},{"start":{},"end":{}}],"line":185}},"s":{"0":2,"1":2,"2":0,"3":0,"4":0,"5":0,"6":0,"7":0,"8":0,"9":0,"10":0,"11":0,"12":0,"13":0,"14":0,"15":0,"16":0,"17":0,"18":0,"19":0,"20":0,"21":0,"22":0,"23":0,"24":0,"25":0,"26":0,"27":0,"28":0,"29":0,"30":0,"31":0,"32":0,"33":0,"34":0,"35":0,"36":0,"37":0,"38":0,"39":0,"40":0,"41":0,"42":0,"43":0,"44":0,"45":0,"46":0,"47":0,"48":0,"49":0,"50":0,"51":0,"52":0,"53":0,"54":0,"55":0,"56":0,"57":0,"58":0,"59":0,"60":0,"61":0,"62":0,"63":0,"64":0,"65":0,"66":0,"67":0,"68":0,"69":0,"70":0,"71":0,"72":0,"73":0,"74":2},"f":{"0":0,"1":0,"2":0,"3":0,"4":0,"5":0,"6":0,"7":0,"8":0,"9":0,"10":0,"11":0,"12":0,"13":0,"14":0,"15":0,"16":0,"17":0,"18":0,"19":0},"b":{"0":[0],"1":[0,0],"2":[0,0],"3":[0,0],"4":[0,0],"5":[0,0],"6":[0,0],"7":[0,0],"8":[0,0],"9":[0,0],"10":[0],"11":[0,0],"12":[0,0],"13":[0,0],"14":[0,0],"15":[0,0],"16":[0,0]},"_coverageSchema":"1a1c01bbd47fc00a2c39e90264f33305004495a9","hash":"f561560ebcb2cb84e4d13c4dd5b05bcf716e4b10"}
,"/Users/pablodominguez/Documents/programacion/pega/ledge/packages/server/src/services/app-versions/index.js": {"path":"/Users/pablodominguez/Documents/programacion/pega/ledge/packages/server/src/services/app-versions/index.js","statementMap":{"0":{"start":{"line":1,"column":15},"end":{"line":1,"column":38}},"1":{"start":{"line":2,"column":16},"end":{"line":2,"column":34}},"2":{"start":{"line":3,"column":25},"end":{"line":3,"column":56}},"3":{"start":{"line":4,"column":54},"end":{"line":4,"column":72}},"4":{"start":{"line":5,"column":15},"end":{"line":5,"column":31}},"5":{"start":{"line":7,"column":0},"end":{"line":56,"column":3}},"6":{"start":{"line":8,"column":2},"end":{"line":55,"column":3}},"7":{"start":{"line":10,"column":4},"end":{"line":51,"column":5}},"8":{"start":{"line":11,"column":31},"end":{"line":11,"column":71}},"9":{"start":{"line":12,"column":34},"end":{"line":16,"column":8}},"10":{"start":{"line":19,"column":23},"end":{"line":19,"column":61}},"11":{"start":{"line":20,"column":6},"end":{"line":20,"column":72}},"12":{"start":{"line":20,"column":30},"end":{"line":20,"column":70}},"13":{"start":{"line":21,"column":28},"end":{"line":21,"column":39}},"14":{"start":{"line":22,"column":36},"end":{"line":24,"column":7}},"15":{"start":{"line":23,"column":21},"end":{"line":23,"column":37}},"16":{"start":{"line":26,"column":24},"end":{"line":29,"column":7}},"17":{"start":{"line":32,"column":6},"end":{"line":41,"column":7}},"18":{"start":{"line":37,"column":8},"end":{"line":40,"column":10}},"19":{"start":{"line":42,"column":6},"end":{"line":42,"column":56}},"20":{"start":{"line":44,"column":23},"end":{"line":49,"column":10}},"21":{"start":{"line":47,"column":10},"end":{"line":47,"column":76}},"22":{"start":{"line":47,"column":34},"end":{"line":47,"column":74}},"23":{"start":{"line":48,"column":10},"end":{"line":48,"column":26}},"24":{"start":{"line":50,"column":6},"end":{"line":50,"column":25}},"25":{"start":{"line":53,"column":4},"end":{"line":53,"column":23}},"26":{"start":{"line":54,"column":4},"end":{"line":54,"column":40}},"27":{"start":{"line":58,"column":0},"end":{"line":76,"column":3}},"28":{"start":{"line":59,"column":2},"end":{"line":75,"column":3}},"29":{"start":{"line":60,"column":4},"end":{"line":72,"column":5}},"30":{"start":{"line":61,"column":6},"end":{"line":61,"column":51}},"31":{"start":{"line":62,"column":6},"end":{"line":62,"column":13}},"32":{"start":{"line":64,"column":25},"end":{"line":64,"column":33}},"33":{"start":{"line":65,"column":25},"end":{"line":70,"column":8}},"34":{"start":{"line":71,"column":6},"end":{"line":71,"column":39}},"35":{"start":{"line":74,"column":4},"end":{"line":74,"column":40}},"36":{"start":{"line":78,"column":0},"end":{"line":97,"column":3}},"37":{"start":{"line":79,"column":2},"end":{"line":96,"column":3}},"38":{"start":{"line":80,"column":4},"end":{"line":93,"column":5}},"39":{"start":{"line":81,"column":6},"end":{"line":81,"column":51}},"40":{"start":{"line":82,"column":6},"end":{"line":82,"column":13}},"41":{"start":{"line":84,"column":24},"end":{"line":84,"column":37}},"42":{"start":{"line":85,"column":19},"end":{"line":85,"column":27}},"43":{"start":{"line":86,"column":29},"end":{"line":91,"column":8}},"44":{"start":{"line":92,"column":6},"end":{"line":92,"column":31}},"45":{"start":{"line":95,"column":4},"end":{"line":95,"column":40}},"46":{"start":{"line":99,"column":0},"end":{"line":116,"column":3}},"47":{"start":{"line":100,"column":2},"end":{"line":115,"column":3}},"48":{"start":{"line":101,"column":4},"end":{"line":112,"column":5}},"49":{"start":{"line":102,"column":6},"end":{"line":102,"column":51}},"50":{"start":{"line":103,"column":6},"end":{"line":103,"column":13}},"51":{"start":{"line":105,"column":24},"end":{"line":105,"column":37}},"52":{"start":{"line":106,"column":6},"end":{"line":110,"column":9}},"53":{"start":{"line":111,"column":6},"end":{"line":111,"column":50}},"54":{"start":{"line":114,"column":4},"end":{"line":114,"column":40}},"55":{"start":{"line":118,"column":0},"end":{"line":121,"column":2}}},"fnMap":{"0":{"name":"(anonymous_0)","decl":{"start":{"line":7,"column":20},"end":{"line":7,"column":21}},"loc":{"start":{"line":7,"column":40},"end":{"line":56,"column":1}},"line":7},"1":{"name":"(anonymous_1)","decl":{"start":{"line":20,"column":20},"end":{"line":20,"column":21}},"loc":{"start":{"line":20,"column":30},"end":{"line":20,"column":70}},"line":20},"2":{"name":"(anonymous_2)","decl":{"start":{"line":23,"column":8},"end":{"line":23,"column":9}},"loc":{"start":{"line":23,"column":21},"end":{"line":23,"column":37}},"line":23},"3":{"name":"(anonymous_3)","decl":{"start":{"line":46,"column":14},"end":{"line":46,"column":15}},"loc":{"start":{"line":46,"column":28},"end":{"line":49,"column":9}},"line":46},"4":{"name":"(anonymous_4)","decl":{"start":{"line":47,"column":24},"end":{"line":47,"column":25}},"loc":{"start":{"line":47,"column":34},"end":{"line":47,"column":74}},"line":47},"5":{"name":"(anonymous_5)","decl":{"start":{"line":58,"column":33},"end":{"line":58,"column":34}},"loc":{"start":{"line":58,"column":53},"end":{"line":76,"column":1}},"line":58},"6":{"name":"(anonymous_6)","decl":{"start":{"line":78,"column":37},"end":{"line":78,"column":38}},"loc":{"start":{"line":78,"column":57},"end":{"line":97,"column":1}},"line":78},"7":{"name":"(anonymous_7)","decl":{"start":{"line":99,"column":38},"end":{"line":99,"column":39}},"loc":{"start":{"line":99,"column":58},"end":{"line":116,"column":1}},"line":99}},"branchMap":{"0":{"loc":{"start":{"line":10,"column":4},"end":{"line":51,"column":5}},"type":"if","locations":[{"start":{"line":10,"column":4},"end":{"line":51,"column":5}},{"start":{"line":43,"column":11},"end":{"line":51,"column":5}}],"line":10},"1":{"loc":{"start":{"line":32,"column":6},"end":{"line":41,"column":7}},"type":"if","locations":[{"start":{"line":32,"column":6},"end":{"line":41,"column":7}},{"start":{},"end":{}}],"line":32},"2":{"loc":{"start":{"line":33,"column":8},"end":{"line":35,"column":11}},"type":"binary-expr","locations":[{"start":{"line":33,"column":8},"end":{"line":33,"column":29}},{"start":{"line":34,"column":8},"end":{"line":35,"column":11}}],"line":33},"3":{"loc":{"start":{"line":60,"column":4},"end":{"line":72,"column":5}},"type":"if","locations":[{"start":{"line":60,"column":4},"end":{"line":72,"column":5}},{"start":{"line":63,"column":11},"end":{"line":72,"column":5}}],"line":60},"4":{"loc":{"start":{"line":80,"column":4},"end":{"line":93,"column":5}},"type":"if","locations":[{"start":{"line":80,"column":4},"end":{"line":93,"column":5}},{"start":{"line":83,"column":11},"end":{"line":93,"column":5}}],"line":80},"5":{"loc":{"start":{"line":101,"column":4},"end":{"line":112,"column":5}},"type":"if","locations":[{"start":{"line":101,"column":4},"end":{"line":112,"column":5}},{"start":{"line":104,"column":11},"end":{"line":112,"column":5}}],"line":101}},"s":{"0":2,"1":2,"2":2,"3":2,"4":2,"5":2,"6":0,"7":0,"8":0,"9":0,"10":0,"11":0,"12":0,"13":0,"14":0,"15":0,"16":0,"17":0,"18":0,"19":0,"20":0,"21":0,"22":0,"23":0,"24":0,"25":0,"26":0,"27":2,"28":0,"29":0,"30":0,"31":0,"32":0,"33":0,"34":0,"35":0,"36":2,"37":0,"38":0,"39":0,"40":0,"41":0,"42":0,"43":0,"44":0,"45":0,"46":2,"47":0,"48":0,"49":0,"50":0,"51":0,"52":0,"53":0,"54":0,"55":2},"f":{"0":0,"1":0,"2":0,"3":0,"4":0,"5":0,"6":0,"7":0},"b":{"0":[0,0],"1":[0,0],"2":[0,0],"3":[0,0],"4":[0,0],"5":[0,0]},"_coverageSchema":"1a1c01bbd47fc00a2c39e90264f33305004495a9","hash":"0e640824723fe918c773b43e2a95f8a15f7bc7f4"}
,"/Users/pablodominguez/Documents/programacion/pega/ledge/packages/server/src/services/app-versions/utils.js": {"path":"/Users/pablodominguez/Documents/programacion/pega/ledge/packages/server/src/services/app-versions/utils.js","statementMap":{"0":{"start":{"line":2,"column":2},"end":{"line":17,"column":3}},"1":{"start":{"line":3,"column":4},"end":{"line":3,"column":49}},"2":{"start":{"line":5,"column":30},"end":{"line":5,"column":53}},"3":{"start":{"line":6,"column":4},"end":{"line":16,"column":5}},"4":{"start":{"line":8,"column":6},"end":{"line":10,"column":7}},"5":{"start":{"line":8,"column":19},"end":{"line":8,"column":43}},"6":{"start":{"line":9,"column":8},"end":{"line":9,"column":36}},"7":{"start":{"line":12,"column":6},"end":{"line":12,"column":41}},"8":{"start":{"line":15,"column":6},"end":{"line":15,"column":26}},"9":{"start":{"line":22,"column":24},"end":{"line":22,"column":43}},"10":{"start":{"line":23,"column":24},"end":{"line":23,"column":43}},"11":{"start":{"line":25,"column":2},"end":{"line":25,"column":78}},"12":{"start":{"line":25,"column":54},"end":{"line":25,"column":78}},"13":{"start":{"line":26,"column":2},"end":{"line":26,"column":78}},"14":{"start":{"line":26,"column":54},"end":{"line":26,"column":78}},"15":{"start":{"line":28,"column":2},"end":{"line":33,"column":3}},"16":{"start":{"line":28,"column":15},"end":{"line":28,"column":16}},"17":{"start":{"line":29,"column":17},"end":{"line":29,"column":47}},"18":{"start":{"line":30,"column":17},"end":{"line":30,"column":47}},"19":{"start":{"line":31,"column":4},"end":{"line":31,"column":30}},"20":{"start":{"line":31,"column":21},"end":{"line":31,"column":30}},"21":{"start":{"line":32,"column":4},"end":{"line":32,"column":31}},"22":{"start":{"line":32,"column":21},"end":{"line":32,"column":31}},"23":{"start":{"line":34,"column":2},"end":{"line":34,"column":11}},"24":{"start":{"line":37,"column":0},"end":{"line":40,"column":2}}},"fnMap":{"0":{"name":"fixVersionQueryLength","decl":{"start":{"line":1,"column":9},"end":{"line":1,"column":30}},"loc":{"start":{"line":1,"column":45},"end":{"line":18,"column":1}},"line":1},"1":{"name":"versionGreaterThan","decl":{"start":{"line":20,"column":9},"end":{"line":20,"column":27}},"loc":{"start":{"line":20,"column":48},"end":{"line":35,"column":1}},"line":20}},"branchMap":{"0":{"loc":{"start":{"line":2,"column":2},"end":{"line":17,"column":3}},"type":"if","locations":[{"start":{"line":2,"column":2},"end":{"line":17,"column":3}},{"start":{"line":4,"column":9},"end":{"line":17,"column":3}}],"line":2},"1":{"loc":{"start":{"line":6,"column":4},"end":{"line":16,"column":5}},"type":"if","locations":[{"start":{"line":6,"column":4},"end":{"line":16,"column":5}},{"start":{"line":13,"column":11},"end":{"line":16,"column":5}}],"line":6},"2":{"loc":{"start":{"line":31,"column":4},"end":{"line":31,"column":30}},"type":"if","locations":[{"start":{"line":31,"column":4},"end":{"line":31,"column":30}},{"start":{},"end":{}}],"line":31},"3":{"loc":{"start":{"line":32,"column":4},"end":{"line":32,"column":31}},"type":"if","locations":[{"start":{"line":32,"column":4},"end":{"line":32,"column":31}},{"start":{},"end":{}}],"line":32}},"s":{"0":0,"1":0,"2":0,"3":0,"4":0,"5":0,"6":0,"7":0,"8":0,"9":0,"10":0,"11":0,"12":0,"13":0,"14":0,"15":0,"16":0,"17":0,"18":0,"19":0,"20":0,"21":0,"22":0,"23":0,"24":2},"f":{"0":0,"1":0},"b":{"0":[0,0],"1":[0,0],"2":[0,0],"3":[0,0]},"_coverageSchema":"1a1c01bbd47fc00a2c39e90264f33305004495a9","hash":"890d6be87020fdca7ef4f4f373780a9c8df64b8d"}
,"/Users/pablodominguez/Documents/programacion/pega/ledge/packages/server/src/services/auto-deploy/index.js": {"path":"/Users/pablodominguez/Documents/programacion/pega/ledge/packages/server/src/services/auto-deploy/index.js","statementMap":{"0":{"start":{"line":1,"column":16},"end":{"line":1,"column":34}},"1":{"start":{"line":2,"column":15},"end":{"line":2,"column":31}},"2":{"start":{"line":3,"column":17},"end":{"line":3,"column":41}},"3":{"start":{"line":4,"column":15},"end":{"line":4,"column":32}},"4":{"start":{"line":5,"column":13},"end":{"line":5,"column":28}},"5":{"start":{"line":6,"column":0},"end":{"line":6,"column":27}},"6":{"start":{"line":8,"column":0},"end":{"line":31,"column":3}},"7":{"start":{"line":9,"column":17},"end":{"line":9,"column":62}},"8":{"start":{"line":10,"column":20},"end":{"line":10,"column":54}},"9":{"start":{"line":11,"column":15},"end":{"line":11,"column":50}},"10":{"start":{"line":12,"column":17},"end":{"line":12,"column":80}},"11":{"start":{"line":14,"column":2},"end":{"line":16,"column":3}},"12":{"start":{"line":15,"column":4},"end":{"line":15,"column":53}},"13":{"start":{"line":18,"column":2},"end":{"line":30,"column":3}},"14":{"start":{"line":19,"column":4},"end":{"line":27,"column":7}},"15":{"start":{"line":20,"column":6},"end":{"line":23,"column":7}},"16":{"start":{"line":21,"column":8},"end":{"line":21,"column":46}},"17":{"start":{"line":22,"column":8},"end":{"line":22,"column":57}},"18":{"start":{"line":24,"column":6},"end":{"line":24,"column":39}},"19":{"start":{"line":25,"column":6},"end":{"line":25,"column":41}},"20":{"start":{"line":26,"column":6},"end":{"line":26,"column":51}},"21":{"start":{"line":29,"column":4},"end":{"line":29,"column":42}},"22":{"start":{"line":33,"column":0},"end":{"line":36,"column":2}}},"fnMap":{"0":{"name":"(anonymous_0)","decl":{"start":{"line":8,"column":17},"end":{"line":8,"column":18}},"loc":{"start":{"line":8,"column":31},"end":{"line":31,"column":1}},"line":8},"1":{"name":"(anonymous_1)","decl":{"start":{"line":19,"column":29},"end":{"line":19,"column":30}},"loc":{"start":{"line":19,"column":56},"end":{"line":27,"column":5}},"line":19}},"branchMap":{"0":{"loc":{"start":{"line":14,"column":2},"end":{"line":16,"column":3}},"type":"if","locations":[{"start":{"line":14,"column":2},"end":{"line":16,"column":3}},{"start":{},"end":{}}],"line":14},"1":{"loc":{"start":{"line":18,"column":2},"end":{"line":30,"column":3}},"type":"if","locations":[{"start":{"line":18,"column":2},"end":{"line":30,"column":3}},{"start":{"line":28,"column":9},"end":{"line":30,"column":3}}],"line":18},"2":{"loc":{"start":{"line":20,"column":6},"end":{"line":23,"column":7}},"type":"if","locations":[{"start":{"line":20,"column":6},"end":{"line":23,"column":7}},{"start":{},"end":{}}],"line":20}},"s":{"0":2,"1":2,"2":2,"3":2,"4":2,"5":2,"6":2,"7":0,"8":0,"9":0,"10":0,"11":0,"12":0,"13":0,"14":0,"15":0,"16":0,"17":0,"18":0,"19":0,"20":0,"21":0,"22":2},"f":{"0":0,"1":0},"b":{"0":[0,0],"1":[0,0],"2":[0,0]},"_coverageSchema":"1a1c01bbd47fc00a2c39e90264f33305004495a9","hash":"310ebfb56dae1713fd2a02cb9960fef2faea7323"}
,"/Users/pablodominguez/Documents/programacion/pega/ledge/packages/server/src/services/benefits/index.js": {"path":"/Users/pablodominguez/Documents/programacion/pega/ledge/packages/server/src/services/benefits/index.js","statementMap":{"0":{"start":{"line":1,"column":15},"end":{"line":1,"column":38}},"1":{"start":{"line":2,"column":16},"end":{"line":2,"column":34}},"2":{"start":{"line":3,"column":25},"end":{"line":3,"column":56}},"3":{"start":{"line":4,"column":51},"end":{"line":4,"column":69}},"4":{"start":{"line":5,"column":15},"end":{"line":5,"column":31}},"5":{"start":{"line":7,"column":0},"end":{"line":7,"column":25}},"6":{"start":{"line":9,"column":0},"end":{"line":31,"column":3}},"7":{"start":{"line":10,"column":2},"end":{"line":30,"column":3}},"8":{"start":{"line":11,"column":19},"end":{"line":11,"column":44}},"9":{"start":{"line":12,"column":17},"end":{"line":19,"column":6}},"10":{"start":{"line":20,"column":4},"end":{"line":23,"column":5}},"11":{"start":{"line":21,"column":6},"end":{"line":21,"column":19}},"12":{"start":{"line":22,"column":6},"end":{"line":22,"column":13}},"13":{"start":{"line":24,"column":26},"end":{"line":24,"column":63}},"14":{"start":{"line":25,"column":30},"end":{"line":25,"column":71}},"15":{"start":{"line":26,"column":4},"end":{"line":26,"column":51}},"16":{"start":{"line":28,"column":4},"end":{"line":28,"column":25}},"17":{"start":{"line":29,"column":4},"end":{"line":29,"column":40}},"18":{"start":{"line":33,"column":0},"end":{"line":49,"column":3}},"19":{"start":{"line":34,"column":2},"end":{"line":48,"column":3}},"20":{"start":{"line":35,"column":4},"end":{"line":38,"column":5}},"21":{"start":{"line":36,"column":6},"end":{"line":36,"column":51}},"22":{"start":{"line":37,"column":6},"end":{"line":37,"column":13}},"23":{"start":{"line":39,"column":19},"end":{"line":43,"column":6}},"24":{"start":{"line":44,"column":4},"end":{"line":44,"column":23}},"25":{"start":{"line":46,"column":4},"end":{"line":46,"column":25}},"26":{"start":{"line":47,"column":4},"end":{"line":47,"column":40}},"27":{"start":{"line":51,"column":0},"end":{"line":68,"column":3}},"28":{"start":{"line":52,"column":2},"end":{"line":67,"column":3}},"29":{"start":{"line":53,"column":4},"end":{"line":56,"column":5}},"30":{"start":{"line":54,"column":6},"end":{"line":54,"column":51}},"31":{"start":{"line":55,"column":6},"end":{"line":55,"column":13}},"32":{"start":{"line":57,"column":17},"end":{"line":57,"column":25}},"33":{"start":{"line":58,"column":20},"end":{"line":62,"column":6}},"34":{"start":{"line":63,"column":4},"end":{"line":63,"column":34}},"35":{"start":{"line":65,"column":4},"end":{"line":65,"column":23}},"36":{"start":{"line":66,"column":4},"end":{"line":66,"column":40}},"37":{"start":{"line":70,"column":0},"end":{"line":90,"column":3}},"38":{"start":{"line":71,"column":2},"end":{"line":89,"column":3}},"39":{"start":{"line":72,"column":4},"end":{"line":75,"column":5}},"40":{"start":{"line":73,"column":6},"end":{"line":73,"column":51}},"41":{"start":{"line":74,"column":6},"end":{"line":74,"column":13}},"42":{"start":{"line":76,"column":17},"end":{"line":76,"column":25}},"43":{"start":{"line":77,"column":20},"end":{"line":84,"column":6}},"44":{"start":{"line":85,"column":4},"end":{"line":85,"column":34}},"45":{"start":{"line":87,"column":4},"end":{"line":87,"column":23}},"46":{"start":{"line":88,"column":4},"end":{"line":88,"column":40}},"47":{"start":{"line":92,"column":0},"end":{"line":108,"column":3}},"48":{"start":{"line":93,"column":2},"end":{"line":107,"column":3}},"49":{"start":{"line":94,"column":4},"end":{"line":97,"column":5}},"50":{"start":{"line":95,"column":6},"end":{"line":95,"column":51}},"51":{"start":{"line":96,"column":6},"end":{"line":96,"column":13}},"52":{"start":{"line":98,"column":4},"end":{"line":102,"column":7}},"53":{"start":{"line":103,"column":4},"end":{"line":103,"column":36}},"54":{"start":{"line":105,"column":4},"end":{"line":105,"column":23}},"55":{"start":{"line":106,"column":4},"end":{"line":106,"column":40}},"56":{"start":{"line":110,"column":0},"end":{"line":113,"column":2}}},"fnMap":{"0":{"name":"(anonymous_0)","decl":{"start":{"line":9,"column":30},"end":{"line":9,"column":31}},"loc":{"start":{"line":9,"column":50},"end":{"line":31,"column":1}},"line":9},"1":{"name":"(anonymous_1)","decl":{"start":{"line":33,"column":20},"end":{"line":33,"column":21}},"loc":{"start":{"line":33,"column":40},"end":{"line":49,"column":1}},"line":33},"2":{"name":"(anonymous_2)","decl":{"start":{"line":51,"column":21},"end":{"line":51,"column":22}},"loc":{"start":{"line":51,"column":41},"end":{"line":68,"column":1}},"line":51},"3":{"name":"(anonymous_3)","decl":{"start":{"line":70,"column":25},"end":{"line":70,"column":26}},"loc":{"start":{"line":70,"column":45},"end":{"line":90,"column":1}},"line":70},"4":{"name":"(anonymous_4)","decl":{"start":{"line":92,"column":26},"end":{"line":92,"column":27}},"loc":{"start":{"line":92,"column":46},"end":{"line":108,"column":1}},"line":92}},"branchMap":{"0":{"loc":{"start":{"line":20,"column":4},"end":{"line":23,"column":5}},"type":"if","locations":[{"start":{"line":20,"column":4},"end":{"line":23,"column":5}},{"start":{},"end":{}}],"line":20},"1":{"loc":{"start":{"line":35,"column":4},"end":{"line":38,"column":5}},"type":"if","locations":[{"start":{"line":35,"column":4},"end":{"line":38,"column":5}},{"start":{},"end":{}}],"line":35},"2":{"loc":{"start":{"line":53,"column":4},"end":{"line":56,"column":5}},"type":"if","locations":[{"start":{"line":53,"column":4},"end":{"line":56,"column":5}},{"start":{},"end":{}}],"line":53},"3":{"loc":{"start":{"line":72,"column":4},"end":{"line":75,"column":5}},"type":"if","locations":[{"start":{"line":72,"column":4},"end":{"line":75,"column":5}},{"start":{},"end":{}}],"line":72},"4":{"loc":{"start":{"line":94,"column":4},"end":{"line":97,"column":5}},"type":"if","locations":[{"start":{"line":94,"column":4},"end":{"line":97,"column":5}},{"start":{},"end":{}}],"line":94}},"s":{"0":2,"1":2,"2":2,"3":2,"4":2,"5":2,"6":2,"7":0,"8":0,"9":0,"10":0,"11":0,"12":0,"13":0,"14":0,"15":0,"16":0,"17":0,"18":2,"19":0,"20":0,"21":0,"22":0,"23":0,"24":0,"25":0,"26":0,"27":2,"28":0,"29":0,"30":0,"31":0,"32":0,"33":0,"34":0,"35":0,"36":0,"37":2,"38":0,"39":0,"40":0,"41":0,"42":0,"43":0,"44":0,"45":0,"46":0,"47":2,"48":0,"49":0,"50":0,"51":0,"52":0,"53":0,"54":0,"55":0,"56":2},"f":{"0":0,"1":0,"2":0,"3":0,"4":0},"b":{"0":[0,0],"1":[0,0],"2":[0,0],"3":[0,0],"4":[0,0]},"_coverageSchema":"1a1c01bbd47fc00a2c39e90264f33305004495a9","hash":"e985179ee6d43d4d1b1a88fc0fb234e633bfbb5b"}
,"/Users/pablodominguez/Documents/programacion/pega/ledge/packages/server/src/services/benefits/utils.js": {"path":"/Users/pablodominguez/Documents/programacion/pega/ledge/packages/server/src/services/benefits/utils.js","statementMap":{"0":{"start":{"line":1,"column":15},"end":{"line":1,"column":38}},"1":{"start":{"line":9,"column":17},"end":{"line":9,"column":19}},"2":{"start":{"line":10,"column":17},"end":{"line":18,"column":4}},"3":{"start":{"line":19,"column":23},"end":{"line":19,"column":67}},"4":{"start":{"line":19,"column":46},"end":{"line":19,"column":66}},"5":{"start":{"line":20,"column":2},"end":{"line":27,"column":3}},"6":{"start":{"line":21,"column":4},"end":{"line":26,"column":11}},"7":{"start":{"line":22,"column":6},"end":{"line":24,"column":7}},"8":{"start":{"line":23,"column":8},"end":{"line":23,"column":42}},"9":{"start":{"line":25,"column":6},"end":{"line":25,"column":17}},"10":{"start":{"line":28,"column":2},"end":{"line":28,"column":18}},"11":{"start":{"line":37,"column":17},"end":{"line":45,"column":4}},"12":{"start":{"line":46,"column":23},"end":{"line":46,"column":67}},"13":{"start":{"line":46,"column":46},"end":{"line":46,"column":66}},"14":{"start":{"line":47,"column":2},"end":{"line":54,"column":3}},"15":{"start":{"line":48,"column":22},"end":{"line":50,"column":5}},"16":{"start":{"line":49,"column":17},"end":{"line":49,"column":55}},"17":{"start":{"line":51,"column":4},"end":{"line":53,"column":5}},"18":{"start":{"line":52,"column":6},"end":{"line":52,"column":32}},"19":{"start":{"line":55,"column":2},"end":{"line":55,"column":12}},"20":{"start":{"line":58,"column":0},"end":{"line":61,"column":2}}},"fnMap":{"0":{"name":"getLevelBenefits","decl":{"start":{"line":8,"column":15},"end":{"line":8,"column":31}},"loc":{"start":{"line":8,"column":41},"end":{"line":29,"column":1}},"line":8},"1":{"name":"(anonymous_1)","decl":{"start":{"line":19,"column":35},"end":{"line":19,"column":36}},"loc":{"start":{"line":19,"column":46},"end":{"line":19,"column":66}},"line":19},"2":{"name":"(anonymous_2)","decl":{"start":{"line":21,"column":29},"end":{"line":21,"column":30}},"loc":{"start":{"line":21,"column":45},"end":{"line":26,"column":5}},"line":21},"3":{"name":"getNextLevelBenefits","decl":{"start":{"line":36,"column":15},"end":{"line":36,"column":35}},"loc":{"start":{"line":36,"column":45},"end":{"line":56,"column":1}},"line":36},"4":{"name":"(anonymous_4)","decl":{"start":{"line":46,"column":35},"end":{"line":46,"column":36}},"loc":{"start":{"line":46,"column":46},"end":{"line":46,"column":66}},"line":46},"5":{"name":"(anonymous_5)","decl":{"start":{"line":49,"column":6},"end":{"line":49,"column":7}},"loc":{"start":{"line":49,"column":17},"end":{"line":49,"column":55}},"line":49}},"branchMap":{"0":{"loc":{"start":{"line":20,"column":2},"end":{"line":27,"column":3}},"type":"if","locations":[{"start":{"line":20,"column":2},"end":{"line":27,"column":3}},{"start":{},"end":{}}],"line":20},"1":{"loc":{"start":{"line":22,"column":6},"end":{"line":24,"column":7}},"type":"if","locations":[{"start":{"line":22,"column":6},"end":{"line":24,"column":7}},{"start":{},"end":{}}],"line":22},"2":{"loc":{"start":{"line":47,"column":2},"end":{"line":54,"column":3}},"type":"if","locations":[{"start":{"line":47,"column":2},"end":{"line":54,"column":3}},{"start":{},"end":{}}],"line":47},"3":{"loc":{"start":{"line":51,"column":4},"end":{"line":53,"column":5}},"type":"if","locations":[{"start":{"line":51,"column":4},"end":{"line":53,"column":5}},{"start":{},"end":{}}],"line":51}},"s":{"0":2,"1":0,"2":0,"3":0,"4":0,"5":0,"6":0,"7":0,"8":0,"9":0,"10":0,"11":0,"12":0,"13":0,"14":0,"15":0,"16":0,"17":0,"18":0,"19":0,"20":2},"f":{"0":0,"1":0,"2":0,"3":0,"4":0,"5":0},"b":{"0":[0,0],"1":[0,0],"2":[0,0],"3":[0,0]},"_coverageSchema":"1a1c01bbd47fc00a2c39e90264f33305004495a9","hash":"937c1935adee2b6b4ca0593e1c378a432fe70707"}
,"/Users/pablodominguez/Documents/programacion/pega/ledge/packages/server/src/services/brands/index.js": {"path":"/Users/pablodominguez/Documents/programacion/pega/ledge/packages/server/src/services/brands/index.js","statementMap":{"0":{"start":{"line":1,"column":15},"end":{"line":1,"column":38}},"1":{"start":{"line":2,"column":16},"end":{"line":2,"column":34}},"2":{"start":{"line":3,"column":25},"end":{"line":3,"column":56}},"3":{"start":{"line":12,"column":4},"end":{"line":12,"column":22}},"4":{"start":{"line":21,"column":4},"end":{"line":21,"column":37}},"5":{"start":{"line":22,"column":15},"end":{"line":22,"column":31}},"6":{"start":{"line":24,"column":0},"end":{"line":24,"column":25}},"7":{"start":{"line":26,"column":21},"end":{"line":60,"column":2}},"8":{"start":{"line":26,"column":34},"end":{"line":60,"column":1}},"9":{"start":{"line":62,"column":0},"end":{"line":88,"column":3}},"10":{"start":{"line":63,"column":2},"end":{"line":87,"column":3}},"11":{"start":{"line":64,"column":19},"end":{"line":64,"column":44}},"12":{"start":{"line":65,"column":4},"end":{"line":68,"column":5}},"13":{"start":{"line":66,"column":6},"end":{"line":66,"column":54}},"14":{"start":{"line":67,"column":6},"end":{"line":67,"column":13}},"15":{"start":{"line":69,"column":17},"end":{"line":82,"column":6}},"16":{"start":{"line":83,"column":4},"end":{"line":83,"column":42}},"17":{"start":{"line":85,"column":4},"end":{"line":85,"column":25}},"18":{"start":{"line":86,"column":4},"end":{"line":86,"column":40}},"19":{"start":{"line":90,"column":0},"end":{"line":118,"column":3}},"20":{"start":{"line":91,"column":2},"end":{"line":117,"column":3}},"21":{"start":{"line":92,"column":19},"end":{"line":92,"column":44}},"22":{"start":{"line":93,"column":4},"end":{"line":96,"column":5}},"23":{"start":{"line":94,"column":6},"end":{"line":94,"column":54}},"24":{"start":{"line":95,"column":6},"end":{"line":95,"column":13}},"25":{"start":{"line":97,"column":17},"end":{"line":101,"column":6}},"26":{"start":{"line":102,"column":18},"end":{"line":112,"column":6}},"27":{"start":{"line":113,"column":4},"end":{"line":113,"column":32}},"28":{"start":{"line":115,"column":4},"end":{"line":115,"column":25}},"29":{"start":{"line":116,"column":4},"end":{"line":116,"column":40}},"30":{"start":{"line":120,"column":0},"end":{"line":184,"column":3}},"31":{"start":{"line":121,"column":2},"end":{"line":183,"column":3}},"32":{"start":{"line":122,"column":19},"end":{"line":122,"column":44}},"33":{"start":{"line":126,"column":6},"end":{"line":126,"column":45}},"34":{"start":{"line":128,"column":17},"end":{"line":132,"column":6}},"35":{"start":{"line":134,"column":25},"end":{"line":134,"column":45}},"36":{"start":{"line":136,"column":19},"end":{"line":144,"column":6}},"37":{"start":{"line":146,"column":4},"end":{"line":146,"column":29}},"38":{"start":{"line":149,"column":25},"end":{"line":155,"column":6}},"39":{"start":{"line":151,"column":6},"end":{"line":151,"column":69}},"40":{"start":{"line":151,"column":59},"end":{"line":151,"column":69}},"41":{"start":{"line":152,"column":6},"end":{"line":152,"column":68}},"42":{"start":{"line":152,"column":59},"end":{"line":152,"column":68}},"43":{"start":{"line":154,"column":6},"end":{"line":154,"column":69}},"44":{"start":{"line":157,"column":26},"end":{"line":157,"column":30}},"45":{"start":{"line":158,"column":4},"end":{"line":166,"column":5}},"46":{"start":{"line":159,"column":6},"end":{"line":165,"column":9}},"47":{"start":{"line":168,"column":23},"end":{"line":168,"column":58}},"48":{"start":{"line":169,"column":4},"end":{"line":173,"column":7}},"49":{"start":{"line":170,"column":6},"end":{"line":172,"column":7}},"50":{"start":{"line":171,"column":8},"end":{"line":171,"column":41}},"51":{"start":{"line":174,"column":4},"end":{"line":179,"column":7}},"52":{"start":{"line":181,"column":4},"end":{"line":181,"column":58}},"53":{"start":{"line":182,"column":4},"end":{"line":182,"column":61}},"54":{"start":{"line":186,"column":0},"end":{"line":243,"column":3}},"55":{"start":{"line":187,"column":2},"end":{"line":242,"column":3}},"56":{"start":{"line":188,"column":19},"end":{"line":188,"column":44}},"57":{"start":{"line":189,"column":17},"end":{"line":201,"column":6}},"58":{"start":{"line":203,"column":32},"end":{"line":203,"column":73}},"59":{"start":{"line":204,"column":35},"end":{"line":204,"column":79}},"60":{"start":{"line":204,"column":70},"end":{"line":204,"column":78}},"61":{"start":{"line":205,"column":28},"end":{"line":205,"column":83}},"62":{"start":{"line":205,"column":65},"end":{"line":205,"column":82}},"63":{"start":{"line":206,"column":29},"end":{"line":206,"column":73}},"64":{"start":{"line":206,"column":65},"end":{"line":206,"column":72}},"65":{"start":{"line":207,"column":23},"end":{"line":207,"column":67}},"66":{"start":{"line":207,"column":50},"end":{"line":207,"column":66}},"67":{"start":{"line":208,"column":30},"end":{"line":208,"column":85}},"68":{"start":{"line":208,"column":70},"end":{"line":208,"column":84}},"69":{"start":{"line":210,"column":28},"end":{"line":234,"column":6}},"70":{"start":{"line":236,"column":4},"end":{"line":236,"column":38}},"71":{"start":{"line":238,"column":4},"end":{"line":238,"column":30}},"72":{"start":{"line":240,"column":4},"end":{"line":240,"column":60}},"73":{"start":{"line":241,"column":4},"end":{"line":241,"column":61}},"74":{"start":{"line":245,"column":0},"end":{"line":294,"column":3}},"75":{"start":{"line":246,"column":2},"end":{"line":293,"column":3}},"76":{"start":{"line":247,"column":19},"end":{"line":247,"column":44}},"77":{"start":{"line":248,"column":17},"end":{"line":260,"column":6}},"78":{"start":{"line":262,"column":4},"end":{"line":264,"column":5}},"79":{"start":{"line":263,"column":6},"end":{"line":263,"column":53}},"80":{"start":{"line":266,"column":25},"end":{"line":277,"column":6}},"81":{"start":{"line":269,"column":47},"end":{"line":269,"column":60}},"82":{"start":{"line":279,"column":26},"end":{"line":279,"column":70}},"83":{"start":{"line":279,"column":53},"end":{"line":279,"column":69}},"84":{"start":{"line":281,"column":35},"end":{"line":285,"column":7}},"85":{"start":{"line":281,"column":64},"end":{"line":285,"column":5}},"86":{"start":{"line":286,"column":4},"end":{"line":286,"column":63}},"87":{"start":{"line":287,"column":4},"end":{"line":287,"column":45}},"88":{"start":{"line":289,"column":4},"end":{"line":289,"column":37}},"89":{"start":{"line":291,"column":4},"end":{"line":291,"column":51}},"90":{"start":{"line":292,"column":4},"end":{"line":292,"column":63}},"91":{"start":{"line":296,"column":0},"end":{"line":346,"column":3}},"92":{"start":{"line":297,"column":2},"end":{"line":345,"column":3}},"93":{"start":{"line":298,"column":19},"end":{"line":298,"column":44}},"94":{"start":{"line":299,"column":17},"end":{"line":310,"column":6}},"95":{"start":{"line":311,"column":26},"end":{"line":311,"column":70}},"96":{"start":{"line":311,"column":53},"end":{"line":311,"column":69}},"97":{"start":{"line":312,"column":28},"end":{"line":314,"column":5}},"98":{"start":{"line":313,"column":21},"end":{"line":313,"column":38}},"99":{"start":{"line":316,"column":20},"end":{"line":330,"column":6}},"100":{"start":{"line":332,"column":4},"end":{"line":337,"column":7}},"101":{"start":{"line":333,"column":19},"end":{"line":333,"column":77}},"102":{"start":{"line":333,"column":47},"end":{"line":333,"column":76}},"103":{"start":{"line":334,"column":6},"end":{"line":334,"column":41}},"104":{"start":{"line":335,"column":6},"end":{"line":335,"column":58}},"105":{"start":{"line":336,"column":6},"end":{"line":336,"column":32}},"106":{"start":{"line":339,"column":4},"end":{"line":339,"column":48}},"107":{"start":{"line":340,"column":4},"end":{"line":340,"column":30}},"108":{"start"
[...]
start":{"line":164,"column":35},"end":{"line":164,"column":36}},"loc":{"start":{"line":164,"column":53},"end":{"line":213,"column":1}},"line":164},"11":{"name":"(anonymous_11)","decl":{"start":{"line":215,"column":34},"end":{"line":215,"column":35}},"loc":{"start":{"line":215,"column":62},"end":{"line":227,"column":1}},"line":215},"12":{"name":"(anonymous_12)","decl":{"start":{"line":229,"column":39},"end":{"line":229,"column":40}},"loc":{"start":{"line":229,"column":57},"end":{"line":265,"column":1}},"line":229},"13":{"name":"removeBrandFromForYou","decl":{"start":{"line":267,"column":15},"end":{"line":267,"column":36}},"loc":{"start":{"line":267,"column":54},"end":{"line":289,"column":1}},"line":267},"14":{"name":"(anonymous_14)","decl":{"start":{"line":285,"column":41},"end":{"line":285,"column":42}},"loc":{"start":{"line":285,"column":49},"end":{"line":285,"column":63}},"line":285},"15":{"name":"getAdventCalendarCurrentDay","decl":{"start":{"line":291,"column":15},"end":{"line":291,"column":42}},"loc":{"start":{"line":291,"column":45},"end":{"line":299,"column":1}},"line":291},"16":{"name":"addAdventCalendarDealCodeWithProbability","decl":{"start":{"line":301,"column":15},"end":{"line":301,"column":55}},"loc":{"start":{"line":301,"column":73},"end":{"line":368,"column":1}},"line":301},"17":{"name":"(anonymous_17)","decl":{"start":{"line":315,"column":61},"end":{"line":315,"column":62}},"loc":{"start":{"line":316,"column":4},"end":{"line":317,"column":34}},"line":316},"18":{"name":"(anonymous_18)","decl":{"start":{"line":334,"column":52},"end":{"line":334,"column":53}},"loc":{"start":{"line":334,"column":61},"end":{"line":334,"column":86}},"line":334},"19":{"name":"addBrandToMyDeals","decl":{"start":{"line":370,"column":15},"end":{"line":370,"column":32}},"loc":{"start":{"line":370,"column":50},"end":{"line":468,"column":1}},"line":370},"20":{"name":"(anonymous_20)","decl":{"start":{"line":384,"column":55},"end":{"line":384,"column":56}},"loc":{"start":{"line":384,"column":61},"end":{"line":384,"column":75}},"line":384},"21":{"name":"(anonymous_21)","decl":{"start":{"line":413,"column":53},"end":{"line":413,"column":54}},"loc":{"start":{"line":414,"column":4},"end":{"line":415,"column":34}},"line":414},"22":{"name":"(anonymous_22)","decl":{"start":{"line":421,"column":62},"end":{"line":421,"column":63}},"loc":{"start":{"line":421,"column":71},"end":{"line":421,"column":97}},"line":421},"23":{"name":"(anonymous_23)","decl":{"start":{"line":421,"column":103},"end":{"line":421,"column":104}},"loc":{"start":{"line":421,"column":112},"end":{"line":421,"column":120}},"line":421},"24":{"name":"addBrandToDeletedBrands","decl":{"start":{"line":470,"column":15},"end":{"line":470,"column":38}},"loc":{"start":{"line":470,"column":56},"end":{"line":493,"column":1}},"line":470},"25":{"name":"addBrandToNotInterestedBrands","decl":{"start":{"line":495,"column":15},"end":{"line":495,"column":44}},"loc":{"start":{"line":495,"column":62},"end":{"line":518,"column":1}},"line":495},"26":{"name":"getBrandsToRotate","decl":{"start":{"line":520,"column":9},"end":{"line":520,"column":26}},"loc":{"start":{"line":520,"column":33},"end":{"line":547,"column":1}},"line":520},"27":{"name":"(anonymous_27)","decl":{"start":{"line":522,"column":49},"end":{"line":522,"column":50}},"loc":{"start":{"line":522,"column":57},"end":{"line":522,"column":82}},"line":522},"28":{"name":"(anonymous_28)","decl":{"start":{"line":523,"column":55},"end":{"line":523,"column":56}},"loc":{"start":{"line":523,"column":63},"end":{"line":523,"column":94}},"line":523},"29":{"name":"(anonymous_29)","decl":{"start":{"line":527,"column":50},"end":{"line":527,"column":51}},"loc":{"start":{"line":527,"column":59},"end":{"line":541,"column":5}},"line":527},"30":{"name":"(anonymous_30)","decl":{"start":{"line":528,"column":41},"end":{"line":528,"column":42}},"loc":{"start":{"line":528,"column":49},"end":{"line":528,"column":76}},"line":528},"31":{"name":"(anonymous_31)","decl":{"start":{"line":529,"column":54},"end":{"line":529,"column":55}},"loc":{"start":{"line":529,"column":62},"end":{"line":529,"column":89}},"line":529},"32":{"name":"(anonymous_32)","decl":{"start":{"line":542,"column":30},"end":{"line":542,"column":31}},"loc":{"start":{"line":542,"column":39},"end":{"line":542,"column":47}},"line":542},"33":{"name":"rotateSleeperForYouBrands","decl":{"start":{"line":549,"column":15},"end":{"line":549,"column":40}},"loc":{"start":{"line":549,"column":49},"end":{"line":616,"column":1}},"line":549},"34":{"name":"(anonymous_34)","decl":{"start":{"line":582,"column":56},"end":{"line":582,"column":57}},"loc":{"start":{"line":582,"column":67},"end":{"line":582,"column":114}},"line":582},"35":{"name":"(anonymous_35)","decl":{"start":{"line":584,"column":55},"end":{"line":584,"column":56}},"loc":{"start":{"line":584,"column":66},"end":{"line":584,"column":114}},"line":584},"36":{"name":"(anonymous_36)","decl":{"start":{"line":592,"column":41},"end":{"line":592,"column":42}},"loc":{"start":{"line":592,"column":49},"end":{"line":592,"column":77}},"line":592},"37":{"name":"(anonymous_37)","decl":{"start":{"line":598,"column":44},"end":{"line":598,"column":45}},"loc":{"start":{"line":598,"column":51},"end":{"line":598,"column":57}},"line":598},"38":{"name":"(anonymous_38)","decl":{"start":{"line":599,"column":48},"end":{"line":599,"column":49}},"loc":{"start":{"line":599,"column":55},"end":{"line":599,"column":61}},"line":599},"39":{"name":"restoreBrandFromDeleted","decl":{"start":{"line":618,"column":15},"end":{"line":618,"column":38}},"loc":{"start":{"line":618,"column":55},"end":{"line":637,"column":1}},"line":618},"40":{"name":"(anonymous_40)","decl":{"start":{"line":625,"column":53},"end":{"line":625,"column":54}},"loc":{"start":{"line":625,"column":59},"end":{"line":625,"column":73}},"line":625}},"branchMap":{"0":{"loc":{"start":{"line":5,"column":2},"end":{"line":7,"column":3}},"type":"if","locations":[{"start":{"line":5,"column":2},"end":{"line":7,"column":3}},{"start":{},"end":{}}],"line":5},"1":{"loc":{"start":{"line":8,"column":9},"end":{"line":8,"column":58}},"type":"cond-expr","locations":[{"start":{"line":8,"column":34},"end":{"line":8,"column":35}},{"start":{"line":8,"column":38},"end":{"line":8,"column":58}}],"line":8},"2":{"loc":{"start":{"line":12,"column":2},"end":{"line":14,"column":3}},"type":"if","locations":[{"start":{"line":12,"column":2},"end":{"line":14,"column":3}},{"start":{},"end":{}}],"line":12},"3":{"loc":{"start":{"line":12,"column":6},"end":{"line":12,"column":57}},"type":"binary-expr","locations":[{"start":{"line":12,"column":6},"end":{"line":12,"column":27}},{"start":{"line":12,"column":31},"end":{"line":12,"column":57}}],"line":12},"4":{"loc":{"start":{"line":15,"column":2},"end":{"line":17,"column":3}},"type":"if","locations":[{"start":{"line":15,"column":2},"end":{"line":17,"column":3}},{"start":{},"end":{}}],"line":15},"5":{"loc":{"start":{"line":15,"column":6},"end":{"line":15,"column":57}},"type":"binary-expr","locations":[{"start":{"line":15,"column":6},"end":{"line":15,"column":30}},{"start":{"line":15,"column":34},"end":{"line":15,"column":57}}],"line":15},"6":{"loc":{"start":{"line":30,"column":2},"end":{"line":32,"column":3}},"type":"if","locations":[{"start":{"line":30,"column":2},"end":{"line":32,"column":3}},{"start":{},"end":{}}],"line":30},"7":{"loc":{"start":{"line":33,"column":24},"end":{"line":35,"column":7}},"type":"cond-expr","locations":[{"start":{"line":34,"column":6},"end":{"line":34,"column":44}},{"start":{"line":35,"column":6},"end":{"line":35,"column":7}}],"line":33},"8":{"loc":{"start":{"line":37,"column":2},"end":{"line":39,"column":3}},"type":"if","locations":[{"start":{"line":37,"column":2},"end":{"line":39,"column":3}},{"start":{},"end":{}}],"line":37},"9":{"loc":{"start":{"line":165,"column":2},"end":{"line":167,"column":3}},"type":"if","locations":[{"start":{"line":165,"column":2},"end":{"line":167,"column":3}},{"start":{},"end":{}}],"line":165},"10":{"loc":{"start":{"line":242,"column":9},"end":{"line":242,"column":96}},"type":"binary-expr","locations":[{"start":{"line":242,"column":9},"end":{"line":242,"column":58}},{"start":{"line":242,"column":62},"end":{"line":242,"column":96}}],"line":242},"11":{"loc":{"start":{"line":244,"column":4},"end":{"line":247,"column":5}},"type":"if","locations":[{"start":{"line":244,"column":4},"end":{"line":247,"column":5}},{"start":{},"end":{}}],"line":244},"12":{"loc":{"start":{"line":244,"column":8},"end":{"line":244,"column":97}},"type":"binary-expr","locations":[{"start":{"line":244,"column":8},"end":{"line":244,"column":57}},{"start":{"line":244,"column":61},"end":{"line":244,"column":97}}],"line":244},"13":{"loc":{"start":{"line":250,"column":2},"end":{"line":252,"column":3}},"type":"if","locations":[{"start":{"line":250,"column":2},"end":{"line":252,"column":3}},{"start":{},"end":{}}],"line":250},"14":{"loc":{"start":{"line":273,"column":2},"end":{"line":275,"column":3}},"type":"if","locations":[{"start":{"line":273,"column":2},"end":{"line":275,"column":3}},{"start":{},"end":{}}],"line":273},"15":{"loc":{"start":{"line":276,"column":2},"end":{"line":278,"column":3}},"type":"if","locations":[{"start":{"line":276,"column":2},"end":{"line":278,"column":3}},{"start":{},"end":{}}],"line":276},"16":{"loc":{"start":{"line":297,"column":21},"end":{"line":297,"column":54}},"type":"cond-expr","locations":[{"start":{"line":297,"column":33},"end":{"line":297,"column":50}},{"start":{"line":297,"column":53},"end":{"line":297,"column":54}}],"line":297},"17":{"loc":{"start":{"line":316,"column":4},"end":{"line":317,"column":34}},"type":"binary-expr","locations":[{"start":{"line":316,"column":4},"end":{"line":316,"column":34}},{"start":{"line":317,"column":4},"end":{"line":317,"column":34}}],"line":316},"18":{"loc":{"start":{"line":319,"column":2},"end":{"line":321,"column":3}},"type":"if","locations":[{"start":{"line":319,"column":2},"end":{"line":321,"column":3}},{"start":{},"end":{}}],"line":319},"19":{"loc":{"start":{"line":323,"column":2},"end":{"line":325,"column":3}},"type":"if","locations":[{"start":{"line":323,"column":2},"end":{"line":325,"column":3}},{"start":{},"end":{}}],"line":323},"20":{"loc":{"start":{"line":323,"column":6},"end":{"line":323,"column":42}},"type":"binary-expr","locations":[{"start":{"line":323,"column":6},"end":{"line":323,"column":12}},{"start":{"line":323,"column":16},"end":{"line":323,"column":42}}],"line":323},"21":{"loc":{"start":{"line":332,"column":2},"end":{"line":366,"column":3}},"type":"if","locations":[{"start":{"line":332,"column":2},"end":{"line":366,"column":3}},{"start":{},"end":{}}],"line":332},"22":{"loc":{"start":{"line":336,"column":4},"end":{"line":338,"column":5}},"type":"if","locations":[{"start":{"line":336,"column":4},"end":{"line":338,"column":5}},{"start":{},"end":{}}],"line":336},"23":{"loc":{"start":{"line":348,"column":4},"end":{"line":350,"column":5}},"type":"if","locations":[{"start":{"line":348,"column":4},"end":{"line":350,"column":5}},{"start":{},"end":{}}],"line":348},"24":{"loc":{"start":{"line":379,"column":2},"end":{"line":381,"column":3}},"type":"if","locations":[{"start":{"line":379,"column":2},"end":{"line":381,"column":3}},{"start":{},"end":{}}],"line":379},"25":{"loc":{"start":{"line":383,"column":2},"end":{"line":391,"column":3}},"type":"if","locations":[{"start":{"line":383,"column":2},"end":{"line":391,"column":3}},{"start":{},"end":{}}],"line":383},"26":{"loc":{"start":{"line":409,"column":2},"end":{"line":411,"column":3}},"type":"if","locations":[{"start":{"line":409,"column":2},"end":{"line":411,"column":3}},{"start":{},"end":{}}],"line":409},"27":{"loc":{"start":{"line":414,"column":4},"end":{"line":415,"column":34}},"type":"binary-expr","locations":[{"start":{"line":414,"column":4},"end":{"line":414,"column":34}},{"start":{"line":415,"column":4},"end":{"line":415,"column":34}}],"line":414},"28":{"loc":{"start":{"line":417,"column":2},"end":{"line":419,"column":3}},"type":"if","locations":[{"start":{"line":417,"column":2},"end":{"line":419,"column":3}},{"start":{},"end":{}}],"line":417},"29":{"loc":{"start":{"line":423,"column":2},"end":{"line":425,"column":3}},"type":"if","locations":[{"start":{"line":423,"column":2},"end":{"line":425,"column":3}},{"start":{},"end":{}}],"line":423},"30":{"loc":{"start":{"line":437,"column":2},"end":{"line":439,"column":3}},"type":"if","locations":[{"start":{"line":437,"column":2},"end":{"line":439,"column":3}},{"start":{},"end":{}}],"line":437},"31":{"loc":{"start":{"line":464,"column":26},"end":{"line":464,"column":53}},"type":"binary-expr","locations":[{"start":{"line":464,"column":26},"end":{"line":464,"column":48}},{"start":{"line":464,"column":52},"end":{"line":464,"column":53}}],"line":464},"32":{"loc":{"start":{"line":477,"column":31},"end":{"line":479,"column":8}},"type":"cond-expr","locations":[{"start":{"line":478,"column":6},"end":{"line":478,"column":33}},{"start":{"line":479,"column":6},"end":{"line":479,"column":8}}],"line":477},"33":{"loc":{"start":{"line":481,"column":2},"end":{"line":483,"column":3}},"type":"if","locations":[{"start":{"line":481,"column":2},"end":{"line":483,"column":3}},{"start":{},"end":{}}],"line":481},"34":{"loc":{"start":{"line":502,"column":37},"end":{"line":504,"column":8}},"type":"cond-expr","locations":[{"start":{"line":503,"column":6},"end":{"line":503,"column":42}},{"start":{"line":504,"column":6},"end":{"line":504,"column":8}}],"line":502},"35":{"loc":{"start":{"line":506,"column":2},"end":{"line":508,"column":3}},"type":"if","locations":[{"start":{"line":506,"column":2},"end":{"line":508,"column":3}},{"start":{},"end":{}}],"line":506},"36":{"loc":{"start":{"line":531,"column":6},"end":{"line":533,"column":7}},"type":"if","locations":[{"start":{"line":531,"column":6},"end":{"line":533,"column":7}},{"start":{},"end":{}}],"line":531},"37":{"loc":{"start":{"line":535,"column":8},"end":{"line":539,"column":9}},"type":"binary-expr","locations":[{"start":{"line":535,"column":8},"end":{"line":535,"column":29}},{"start":{"line":536,"column":10},"end":{"line":536,"column":31}},{"start":{"line":537,"column":10},"end":{"line":537,"column":38}},{"start":{"line":538,"column":10},"end":{"line":538,"column":60}}],"line":535},"38":{"loc":{"start":{"line":542,"column":11},"end":{"line":542,"column":54}},"type":"binary-expr","locations":[{"start":{"line":542,"column":11},"end":{"line":542,"column":48}},{"start":{"line":542,"column":52},"end":{"line":542,"column":54}}],"line":542}},"s":{"0":3,"1":3,"2":3,"3":0,"4":0,"5":0,"6":3,"7":0,"8":0,"9":0,"10":0,"11":0,"12":0,"13":0,"14":0,"15":0,"16":0,"17":0,"18":0,"19":0,"20":0,"21":3,"22":0,"23":0,"24":3,"25":0,"26":0,"27":0,"28":0,"29":0,"30":0,"31":0,"32":3,"33":0,"34":0,"35":0,"36":0,"37":0,"38":0,"39":0,"40":0,"41":0,"42":0,"43":0,"44":0,"45":3,"46":0,"47":0,"48":0,"49":0,"50":0,"51":0,"52":0,"53":0,"54":0,"55":3,"56":0,"57":0,"58":3,"59":0,"60":0,"61":0,"62":0,"63":0,"64":0,"65":0,"66":0,"67":0,"68":0,"69":0,"70":0,"71":0,"72":0,"73":0,"74":0,"75":0,"76":0,"77":0,"78":0,"79":0,"80":0,"81":0,"82":0,"83":0,"84":0,"85":0,"86":0,"87":0,"88":0,"89":0,"90":0,"91":0,"92":0,"93":0,"94":0,"95":0,"96":0,"97":0,"98":0,"99":0,"100":0,"101":0,"102":0,"103":0,"104":0,"105":0,"106":0,"107":0,"108":0,"109":0,"110":0,"111":0,"112":0,"113":0,"114":0,"115":0,"116":0,"117":0,"118":0,"119":0,"120":0,"121":0,"122":0,"123":0,"124":0,"125":0,"126":0,"127":0,"128":0,"129":0,"130":0,"131":0,"132":0,"133":0,"134":0,"135":0,"136":0,"137":0,"138":0,"139":0,"140":0,"141":0,"142":0,"143":0,"144":0,"145":0,"146":0,"147":0,"148":0,"149":0,"150":0,"151":0,"152":0,"153":0,"154":0,"155":0,"156":0,"157":0,"158":0,"159":0,"160":0,"161":0,"162":0,"163":0,"164":0,"165":0,"166":0,"167":0,"168":0,"169":0,"170":0,"171":0,"172":0,"173":0,"174":0,"175":0,"176":0,"177":0,"178":0,"179":0,"180":0,"181":0,"182":0,"183":0,"184":0,"185":0,"186":0,"187":0,"188":3},"f":{"0":0,"1":0,"2":0,"3":0,"4":0,"5":0,"6":0,"7":0,"8":0,"9":0,"10":0,"11":0,"12":0,"13":0,"14":0,"15":0,"16":0,"17":0,"18":0,"19":0,"20":0,"21":0,"22":0,"23":0,"24":0,"25":0,"26":0,"27":0,"28":0,"29":0,"30":0,"31":0,"32":0,"33":0,"34":0,"35":0,"36":0,"37":0,"38":0,"39":0,"40":0},"b":{"0":[0,0],"1":[0,0],"2":[0,0],"3":[0,0],"4":[0,0],"5":[0,0],"6":[0,0],"7":[0,0],"8":[0,0],"9":[0,0],"10":[0,0],"11":[0,0],"12":[0,0],"13":[0,0],"14":[0,0],"15":[0,0],"16":[0,0],"17":[0,0],"18":[0,0],"19":[0,0],"20":[0,0],"21":[0,0],"22":[0,0],"23":[0,0],"24":[0,0],"25":[0,0],"26":[0,0],"27":[0,0],"28":[0,0],"29":[0,0],"30":[0,0],"31":[0,0],"32":[0,0],"33":[0,0],"34":[0,0],"35":[0,0],"36":[0,0],"37":[0,0,0,0],"38":[0,0]},"_coverageSchema":"1a1c01bbd47fc00a2c39e90264f33305004495a9","hash":"a6c7ad0f6212325b302f4bdbb49c0cd8400ad231"}
,"/Users/pablodominguez/Documents/programacion/pega/ledge/packages/server/src/utils/sendNotification.js": {"path":"/Users/pablodominguez/Documents/programacion/pega/ledge/packages/server/src/utils/sendNotification.js","statementMap":{"0":{"start":{"line":1,"column":17},"end":{"line":1,"column":43}},"1":{"start":{"line":2,"column":15},"end":{"line":2,"column":35}},"2":{"start":{"line":4,"column":11},"end":{"line":4,"column":21}},"3":{"start":{"line":8,"column":2},"end":{"line":11,"column":3}},"4":{"start":{"line":9,"column":4},"end":{"line":9,"column":72}},"5":{"start":{"line":10,"column":4},"end":{"line":10,"column":11}},"6":{"start":{"line":13,"column":2},"end":{"line":34,"column":3}},"7":{"start":{"line":16,"column":4},"end":{"line":24,"column":7}},"8":{"start":{"line":26,"column":4},"end":{"line":31,"column":8}},"9":{"start":{"line":33,"column":4},"end":{"line":33,"column":56}},"10":{"start":{"line":39,"column":2},"end":{"line":65,"column":3}},"11":{"start":{"line":40,"column":21},"end":{"line":47,"column":9}},"12":{"start":{"line":41,"column":23},"end":{"line":41,"column":50}},"13":{"start":{"line":42,"column":21},"end":{"line":47,"column":7}},"14":{"start":{"line":49,"column":4},"end":{"line":52,"column":5}},"15":{"start":{"line":50,"column":6},"end":{"line":50,"column":48}},"16":{"start":{"line":51,"column":6},"end":{"line":51,"column":13}},"17":{"start":{"line":55,"column":19},"end":{"line":55,"column":56}},"18":{"start":{"line":58,"column":4},"end":{"line":60,"column":5}},"19":{"start":{"line":59,"column":6},"end":{"line":59,"column":51}},"20":{"start":{"line":63,"column":4},"end":{"line":63,"column":63}},"21":{"start":{"line":64,"column":4},"end":{"line":64,"column":16}},"22":{"start":{"line":68,"column":0},"end":{"line":68,"column":62}}},"fnMap":{"0":{"name":"sendNotification","decl":{"start":{"line":7,"column":15},"end":{"line":7,"column":31}},"loc":{"start":{"line":7,"column":83},"end":{"line":35,"column":1}},"line":7},"1":{"name":"sendGlobalNotification","decl":{"start":{"line":38,"column":15},"end":{"line":38,"column":37}},"loc":{"start":{"line":38,"column":66},"end":{"line":66,"column":1}},"line":38},"2":{"name":"(anonymous_2)","decl":{"start":{"line":41,"column":14},"end":{"line":41,"column":15}},"loc":{"start":{"line":41,"column":23},"end":{"line":41,"column":50}},"line":41},"3":{"name":"(anonymous_3)","decl":{"start":{"line":42,"column":11},"end":{"line":42,"column":12}},"loc":{"start":{"line":42,"column":21},"end":{"line":47,"column":7}},"line":42}},"branchMap":{"0":{"loc":{"start":{"line":8,"column":2},"end":{"line":11,"column":3}},"type":"if","locations":[{"start":{"line":8,"column":2},"end":{"line":11,"column":3}},{"start":{},"end":{}}],"line":8},"1":{"loc":{"start":{"line":49,"column":4},"end":{"line":52,"column":5}},"type":"if","locations":[{"start":{"line":49,"column":4},"end":{"line":52,"column":5}},{"start":{},"end":{}}],"line":49}},"s":{"0":3,"1":3,"2":3,"3":0,"4":0,"5":0,"6":0,"7":0,"8":0,"9":0,"10":0,"11":0,"12":0,"13":0,"14":0,"15":0,"16":0,"17":0,"18":0,"19":0,"20":0,"21":0,"22":3},"f":{"0":0,"1":0,"2":0,"3":0},"b":{"0":[0,0],"1":[0,0]},"_coverageSchema":"1a1c01bbd47fc00a2c39e90264f33305004495a9","hash":"cb0b11404f4de32ce3c8b8fee10d317ab34d497a"}
}
