TN:
SF:src/app.js
FN:29,(anonymous_0)
FN:31,(anonymous_1)
FNF:2
FNH:0
FNDA:0,(anonymous_0)
FNDA:0,(anonymous_1)
DA:1,2
DA:2,0
DA:4,2
DA:7,2
DA:8,2
DA:9,2
DA:11,2
DA:12,2
DA:14,2
DA:16,2
DA:19,0
DA:20,0
DA:23,0
DA:26,0
DA:29,0
DA:31,0
DA:32,0
DA:36,0
LF:18
LH:9
BRDA:1,0,0,0
BRDA:1,0,1,2
BRF:2
BRH:1
end_of_record
TN:
SF:src/authentication.js
FN:7,(anonymous_0)
FN:19,(anonymous_1)
FN:23,(anonymous_2)
FNF:3
FNH:0
FNDA:0,(anonymous_0)
FNDA:0,(anonymous_1)
FNDA:0,(anonymous_2)
DA:1,2
DA:2,2
DA:5,2
DA:7,2
DA:8,0
DA:10,0
DA:11,0
DA:12,0
DA:13,0
DA:16,0
DA:19,2
DA:20,0
DA:23,2
DA:24,0
DA:27,2
LF:15
LH:7
BRDA:8,0,0,0
BRDA:8,0,1,0
BRF:2
BRH:0
end_of_record
TN:
SF:src/logger.js
FNF:0
FNH:0
DA:1,0
DA:3,0
DA:9,0
LF:3
LH:0
BRF:0
BRH:0
end_of_record
TN:
SF:src/mongodb.js
FN:3,(anonymous_0)
FN:10,(anonymous_1)
FN:11,(anonymous_2)
FNF:3
FNH:0
FNDA:0,(anonymous_0)
FNDA:0,(anonymous_1)
FNDA:0,(anonymous_2)
DA:1,2
DA:3,2
DA:4,0
DA:7,0
DA:9,0
DA:10,0
DA:12,0
DA:13,0
DA:16,0
DA:18,0
DA:19,0
DA:23,2
LF:12
LH:3
BRDA:4,0,0,0
BRDA:4,0,1,0
BRDA:7,1,0,0
BRDA:7,1,1,0
BRF:4
BRH:0
end_of_record
TN:
SF:src/prisma.js
FNF:0
FNH:0
DA:1,3
DA:3,3
DA:13,3
LF:3
LH:3
BRF:0
BRH:0
end_of_record
TN:
SF:src/auth/auth0Strategy.js
FN:6,(anonymous_0)
FN:15,(anonymous_1)
FN:32,(anonymous_2)
FN:33,(anonymous_3)
FN:34,(anonymous_4)
FN:44,(anonymous_5)
FN:88,(anonymous_6)
FN:103,(anonymous_7)
FNF:8
FNH:4
FNDA:7,(anonymous_0)
FNDA:2,(anonymous_1)
FNDA:0,(anonymous_2)
FNDA:0,(anonymous_3)
FNDA:0,(anonymous_4)
FNDA:3,(anonymous_5)
FNDA:1,(anonymous_6)
FNDA:0,(anonymous_7)
DA:1,3
DA:2,3
DA:3,3
DA:7,7
DA:8,7
DA:16,2
DA:17,2
DA:33,0
DA:34,0
DA:35,0
DA:36,0
DA:38,0
DA:45,3
DA:46,1
DA:49,2
DA:51,2
DA:52,2
DA:53,2
DA:54,1
DA:57,1
DA:58,1
DA:60,1
DA:66,1
DA:67,0
DA:70,1
DA:71,1
DA:81,1
DA:83,1
DA:84,1
DA:89,1
DA:96,1
DA:97,1
DA:99,1
DA:104,0
DA:110,0
DA:111,0
DA:113,0
DA:118,3
LF:38
LH:28
BRDA:35,0,0,0
BRDA:35,0,1,0
BRDA:38,1,0,0
BRDA:38,1,1,0
BRDA:45,2,0,1
BRDA:45,2,1,2
BRDA:53,3,0,1
BRDA:53,3,1,1
BRDA:66,4,0,0
BRDA:66,4,1,1
BRDA:72,5,0,1
BRDA:72,5,1,0
BRDA:73,6,0,1
BRDA:73,6,1,0
BRDA:76,7,0,1
BRDA:76,7,1,0
BRF:16
BRH:8
end_of_record
TN:
SF:src/middleware/versionGate.js
FN:1,versionGte
FN:15,(anonymous_1)
FN:16,(anonymous_2)
FNF:3
FNH:0
FNDA:0,versionGte
FNDA:0,(anonymous_1)
FNDA:0,(anonymous_2)
DA:2,0
DA:3,0
DA:4,0
DA:5,0
DA:6,0
DA:7,0
DA:8,0
DA:9,0
DA:10,0
DA:12,0
DA:15,0
DA:16,0
DA:18,0
DA:19,0
DA:20,0
DA:22,0
DA:26,0
LF:17
LH:0
BRDA:9,0,0,0
BRDA:9,0,1,0
BRDA:10,1,0,0
BRDA:10,1,1,0
BRDA:18,2,0,0
BRDA:18,2,1,0
BRDA:18,2,2,0
BRDA:19,3,0,0
BRDA:19,3,1,0
BRF:9
BRH:0
end_of_record
TN:
SF:src/services/index.js
FNF:0
FNH:0
DA:1,2
DA:2,2
DA:3,2
DA:4,2
DA:5,2
DA:6,2
DA:7,2
DA:8,2
DA:9,2
DA:10,2
DA:11,2
DA:12,2
DA:13,2
DA:14,2
DA:15,2
DA:16,2
DA:17,2
DA:18,2
DA:19,2
DA:22,2
DA:44,2
LF:21
LH:21
BRF:0
BRH:0
end_of_record
TN:
SF:src/services/answers/index.js
FN:23,(anonymous_0)
FN:71,(anonymous_1)
FN:101,(anonymous_2)
FN:108,(anonymous_3)
FN:134,(anonymous_4)
FN:143,(anonymous_5)
FN:176,(anonymous_6)
FN:305,(anonymous_7)
FNF:8
FNH:0
FNDA:0,(anonymous_0)
FNDA:0,(anonymous_1)
FNDA:0,(anonymous_2)
FNDA:0,(anonymous_3)
FNDA:0,(anonymous_4)
FNDA:0,(anonymous_5)
FNDA:0,(anonymous_6)
FNDA:0,(anonymous_7)
DA:1,2
DA:2,2
DA:3,2
DA:4,2
DA:8,2
DA:18,2
DA:20,2
DA:21,2
DA:23,2
DA:24,0
DA:25,0
DA:26,0
DA:38,0
DA:60,0
DA:64,0
DA:66,0
DA:67,0
DA:71,2
DA:72,0
DA:73,0
DA:74,0
DA:75,0
DA:77,0
DA:83,0
DA:84,0
DA:85,0
DA:87,0
DA:95,0
DA:97,0
DA:101,2
DA:102,0
DA:103,0
DA:104,0
DA:105,0
DA:107,0
DA:109,0
DA:124,0
DA:127,0
DA:129,0
DA:130,0
DA:134,2
DA:135,0
DA:136,0
DA:137,0
DA:138,0
DA:142,0
DA:144,0
DA:165,0
DA:168,0
DA:170,0
DA:171,0
DA:176,2
DA:177,0
DA:178,0
DA:179,0
DA:180,0
DA:181,0
DA:182,0
DA:184,0
DA:185,0
DA:186,0
DA:187,0
DA:207,0
DA:209,0
DA:214,0
DA:215,0
DA:216,0
DA:219,0
DA:234,0
DA:237,0
DA:244,0
DA:248,0
DA:250,0
DA:251,0
DA:252,0
DA:255,0
DA:256,0
DA:257,0
DA:259,0
DA:260,0
DA:261,0
DA:263,0
DA:266,0
DA:267,0
DA:269,0
DA:270,0
DA:272,0
DA:277,0
DA:278,0
DA:279,0
DA:280,0
DA:283,0
DA:295,0
DA:296,0
DA:297,0
DA:299,0
DA:300,0
DA:305,2
DA:307,0
DA:308,0
DA:309,0
DA:311,0
DA:319,0
DA:320,0
DA:321,0
DA:323,0
DA:330,0
DA:332,0
DA:336,2
LF:109
LH:15
BRDA:83,0,0,0
BRDA:83,0,1,0
BRDA:185,1,0,0
BRDA:185,1,1,0
BRDA:214,2,0,0
BRDA:214,2,1,0
BRDA:244,3,0,0
BRDA:244,3,1,0
BRDA:250,4,0,0
BRDA:250,4,1,0
BRDA:252,5,0,0
BRDA:252,5,1,0
BRDA:252,6,0,0
BRDA:252,6,1,0
BRDA:257,7,0,0
BRDA:257,7,1,0
BRDA:257,8,0,0
BRDA:257,8,1,0
BRDA:261,9,0,0
BRDA:261,9,1,0
BRDA:261,10,0,0
BRDA:261,10,1,0
BRDA:267,11,0,0
BRDA:267,11,1,0
BRDA:267,12,0,0
BRDA:267,12,1,0
BRDA:270,13,0,0
BRDA:270,13,1,0
BRDA:270,14,0,0
BRDA:270,14,1,0
BRDA:278,15,0,0
BRDA:278,15,1,0
BRDA:319,16,0,0
BRDA:319,16,1,0
BRF:34
BRH:0
end_of_record
TN:
SF:src/services/answers/utils.js
FN:9,sortAnswersByClass
FN:19,(anonymous_1)
FN:20,(anonymous_2)
FN:27,(anonymous_3)
FN:42,(anonymous_4)
FN:53,(anonymous_5)
FN:85,(anonymous_6)
FN:87,(anonymous_7)
FN:94,(anonymous_8)
FN:95,(anonymous_9)
FN:107,sortAnswersByQuestionnaire
FN:136,(anonymous_11)
FN:144,(anonymous_12)
FN:160,(anonymous_13)
FN:163,(anonymous_14)
FN:181,(anonymous_15)
FN:183,(anonymous_16)
FN:190,(anonymous_17)
FN:191,(anonymous_18)
FN:199,saveUsername
FNF:20
FNH:0
FNDA:0,sortAnswersByClass
FNDA:0,(anonymous_1)
FNDA:0,(anonymous_2)
FNDA:0,(anonymous_3)
FNDA:0,(anonymous_4)
FNDA:0,(anonymous_5)
FNDA:0,(anonymous_6)
FNDA:0,(anonymous_7)
FNDA:0,(anonymous_8)
FNDA:0,(anonymous_9)
FNDA:0,sortAnswersByQuestionnaire
FNDA:0,(anonymous_11)
FNDA:0,(anonymous_12)
FNDA:0,(anonymous_13)
FNDA:0,(anonymous_14)
FNDA:0,(anonymous_15)
FNDA:0,(anonymous_16)
FNDA:0,(anonymous_17)
FNDA:0,(anonymous_18)
FNDA:0,saveUsername
DA:1,2
DA:2,2
DA:10,0
DA:12,0
DA:19,0
DA:20,0
DA:21,0
DA:22,0
DA:23,0
DA:26,0
DA:27,0
DA:30,0
DA:31,0
DA:38,0
DA:42,0
DA:43,0
DA:44,0
DA:45,0
DA:46,0
DA:48,0
DA:52,0
DA:53,0
DA:55,0
DA:56,0
DA:60,0
DA:82,0
DA:83,0
DA:85,0
DA:86,0
DA:87,0
DA:89,0
DA:90,0
DA:92,0
DA:93,0
DA:95,0
DA:97,0
DA:99,0
DA:108,0
DA:116,0
DA:127,0
DA:128,0
DA:136,0
DA:137,0
DA:138,0
DA:139,0
DA:140,0
DA:143,0
DA:144,0
DA:147,0
DA:148,0
DA:155,0
DA:159,0
DA:160,0
DA:162,0
DA:163,0
DA:165,0
DA:166,0
DA:168,0
DA:178,0
DA:179,0
DA:181,0
DA:182,0
DA:183,0
DA:185,0
DA:186,0
DA:188,0
DA:189,0
DA:191,0
DA:193,0
DA:196,0
DA:200,0
DA:211,2
LF:72
LH:3
BRDA:9,0,0,0
BRDA:22,1,0,0
BRDA:22,1,1,0
BRDA:30,2,0,0
BRDA:30,2,1,0
BRDA:43,3,0,0
BRDA:43,3,1,0
BRDA:43,4,0,0
BRDA:43,4,1,0
BRDA:45,5,0,0
BRDA:45,5,1,0
BRDA:45,6,0,0
BRDA:45,6,1,0
BRDA:55,7,0,0
BRDA:55,7,1,0
BRDA:82,8,0,0
BRDA:82,8,1,0
BRDA:89,9,0,0
BRDA:89,9,1,0
BRDA:107,10,0,0
BRDA:127,11,0,0
BRDA:127,11,1,0
BRDA:138,12,0,0
BRDA:138,12,1,0
BRDA:147,13,0,0
BRDA:147,13,1,0
BRDA:165,14,0,0
BRDA:165,14,1,0
BRDA:178,15,0,0
BRDA:178,15,1,0
BRDA:185,16,0,0
BRDA:185,16,1,0
BRF:32
BRH:0
end_of_record
TN:
SF:src/services/app-versions/index.js
FN:7,(anonymous_0)
FN:20,(anonymous_1)
FN:23,(anonymous_2)
FN:46,(anonymous_3)
FN:47,(anonymous_4)
FN:58,(anonymous_5)
FN:78,(anonymous_6)
FN:99,(anonymous_7)
FNF:8
FNH:0
FNDA:0,(anonymous_0)
FNDA:0,(anonymous_1)
FNDA:0,(anonymous_2)
FNDA:0,(anonymous_3)
FNDA:0,(anonymous_4)
FNDA:0,(anonymous_5)
FNDA:0,(anonymous_6)
FNDA:0,(anonymous_7)
DA:1,2
DA:2,2
DA:3,2
DA:4,2
DA:5,2
DA:7,2
DA:8,0
DA:10,0
DA:11,0
DA:12,0
DA:19,0
DA:20,0
DA:21,0
DA:22,0
DA:23,0
DA:26,0
DA:32,0
DA:37,0
DA:42,0
DA:44,0
DA:47,0
DA:48,0
DA:50,0
DA:53,0
DA:54,0
DA:58,2
DA:59,0
DA:60,0
DA:61,0
DA:62,0
DA:64,0
DA:65,0
DA:71,0
DA:74,0
DA:78,2
DA:79,0
DA:80,0
DA:81,0
DA:82,0
DA:84,0
DA:85,0
DA:86,0
DA:92,0
DA:95,0
DA:99,2
DA:100,0
DA:101,0
DA:102,0
DA:103,0
DA:105,0
DA:106,0
DA:111,0
DA:114,0
DA:118,2
LF:54
LH:10
BRDA:10,0,0,0
BRDA:10,0,1,0
BRDA:32,1,0,0
BRDA:32,1,1,0
BRDA:33,2,0,0
BRDA:33,2,1,0
BRDA:60,3,0,0
BRDA:60,3,1,0
BRDA:80,4,0,0
BRDA:80,4,1,0
BRDA:101,5,0,0
BRDA:101,5,1,0
BRF:12
BRH:0
end_of_record
TN:
SF:src/services/app-versions/utils.js
FN:1,fixVersionQueryLength
FN:20,versionGreaterThan
FNF:2
FNH:0
FNDA:0,fixVersionQueryLength
FNDA:0,versionGreaterThan
DA:2,0
DA:3,0
DA:5,0
DA:6,0
DA:8,0
DA:9,0
DA:12,0
DA:15,0
DA:22,0
DA:23,0
DA:25,0
DA:26,0
DA:28,0
DA:29,0
DA:30,0
DA:31,0
DA:32,0
DA:34,0
DA:37,2
LF:19
LH:1
BRDA:2,0,0,0
BRDA:2,0,1,0
BRDA:6,1,0,0
BRDA:6,1,1,0
BRDA:31,2,0,0
BRDA:31,2,1,0
BRDA:32,3,0,0
BRDA:32,3,1,0
BRF:8
BRH:0
end_of_record
TN:
SF:src/services/auto-deploy/index.js
FN:8,(anonymous_0)
FN:19,(anonymous_1)
FNF:2
FNH:0
FNDA:0,(anonymous_0)
FNDA:0,(anonymous_1)
DA:1,2
DA:2,2
DA:3,2
DA:4,2
DA:5,2
DA:6,2
DA:8,2
DA:9,0
DA:10,0
DA:11,0
DA:12,0
DA:14,0
DA:15,0
DA:18,0
DA:19,0
DA:20,0
DA:21,0
DA:22,0
DA:24,0
DA:25,0
DA:26,0
DA:29,0
DA:33,2
LF:23
LH:8
BRDA:14,0,0,0
BRDA:14,0,1,0
BRDA:18,1,0,0
BRDA:18,1,1,0
BRDA:20,2,0,0
BRDA:20,2,1,0
BRF:6
BRH:0
end_of_record
TN:
SF:src/services/benefits/index.js
FN:9,(anonymous_0)
FN:33,(anonymous_1)
FN:51,(anonymous_2)
FN:70,(anonymous_3)
FN:92,(anonymous_4)
FNF:5
FNH:0
FNDA:0,(anonymous_0)
FNDA:0,(anonymous_1)
FNDA:0,(anonymous_2)
FNDA:0,(anonymous_3)
FNDA:0,(anonymous_4)
DA:1,2
DA:2,2
DA:3,2
DA:4,2
DA:5,2
DA:7,2
DA:9,2
DA:10,0
DA:11,0
DA:12,0
DA:20,0
DA:21,0
DA:22,0
DA:24,0
DA:25,0
DA:26,0
DA:28,0
DA:29,0
DA:33,2
DA:34,0
DA:35,0
DA:36,0
DA:37,0
DA:39,0
DA:44,0
DA:46,0
DA:47,0
DA:51,2
DA:52,0
DA:53,0
DA:54,0
DA:55,0
DA:57,0
DA:58,0
DA:63,0
DA:65,0
DA:66,0
DA:70,2
DA:71,0
DA:72,0
DA:73,0
DA:74,0
DA:76,0
DA:77,0
DA:85,0
DA:87,0
DA:88,0
DA:92,2
DA:93,0
DA:94,0
DA:95,0
DA:96,0
DA:98,0
DA:103,0
DA:105,0
DA:106,0
DA:110,2
LF:57
LH:12
BRDA:20,0,0,0
BRDA:20,0,1,0
BRDA:35,1,0,0
BRDA:35,1,1,0
BRDA:53,2,0,0
BRDA:53,2,1,0
BRDA:72,3,0,0
BRDA:72,3,1,0
BRDA:94,4,0,0
BRDA:94,4,1,0
BRF:10
BRH:0
end_of_record
TN:
SF:src/services/benefits/utils.js
FN:8,getLevelBenefits
FN:19,(anonymous_1)
FN:21,(anonymous_2)
FN:36,getNextLevelBenefits
FN:46,(anonymous_4)
FN:49,(anonymous_5)
FNF:6
FNH:0
FNDA:0,getLevelBenefits
FNDA:0,(anonymous_1)
FNDA:0,(anonymous_2)
FNDA:0,getNextLevelBenefits
FNDA:0,(anonymous_4)
FNDA:0,(anonymous_5)
DA:1,2
DA:9,0
DA:10,0
DA:19,0
DA:20,0
DA:21,0
DA:22,0
DA:23,0
DA:25,0
DA:28,0
DA:37,0
DA:46,0
DA:47,0
DA:48,0
DA:49,0
DA:51,0
DA:52,0
DA:55,0
DA:58,2
LF:19
LH:2
BRDA:20,0,0,0
BRDA:20,0,1,0
BRDA:22,1,0,0
BRDA:22,1,1,0
BRDA:47,2,0,0
BRDA:47,2,1,0
BRDA:51,3,0,0
BRDA:51,3,1,0
BRF:8
BRH:0
end_of_record
TN:
SF:src/services/brands/index.js
FN:26,(anonymous_0)
FN:62,(anonymous_1)
FN:90,(anonymous_2)
FN:120,(anonymous_3)
FN:149,(anonymous_4)
FN:169,(anonymous_5)
FN:186,(anonymous_6)
FN:204,(anonymous_7)
FN:205,(anonymous_8)
FN:206,(anonymous_9)
FN:207,(anonymous_10)
FN:208,(anonymous_11)
FN:245,(anonymous_12)
FN:269,(anonymous_13)
FN:279,(anonymous_14)
FN:281,(anonymous_15)
FN:296,(anonymous_16)
FN:311,(anonymous_17)
FN:313,(anonymous_18)
FN:332,(anonymous_19)
FN:333,(anonymous_20)
FN:348,(anonymous_21)
FN:372,(anonymous_22)
FN:399,(anonymous_23)
FN:420,(anonymous_24)
FN:444,(anonymous_25)
FN:474,(anonymous_26)
FN:535,(anonymous_27)
FN:593,(anonymous_28)
FN:690,(anonymous_29)
FN:711,(anonymous_30)
FN:737,(anonymous_31)
FN:751,(anonymous_32)
FN:765,(anonymous_33)
FN:805,(anonymous_34)
FNF:35
FNH:0
FNDA:0,(anonymous_0)
FNDA:0,(anonymous_1)
FNDA:0,(anonymous_2)
FNDA:0,(anonymous_3)
FNDA:0,(anonymous_4)
FNDA:0,(anonymous_5)
FNDA:0,(anonymous_6)
FNDA:0,(anonymous_7)
FNDA:0,(anonymous_8)
FNDA:0,(anonymous_9)
FNDA:0,(anonymous_10)
FNDA:0,(anonymous_11)
FNDA:0,(anonymous_12)
FNDA:0,(anonymous_13)
FNDA:0,(anonymous_14)
FNDA:0,(anonymous_15)
FNDA:0,(anonymous_16)
FNDA:0,(anonymous_17)
FNDA:0,(anonymous_18)
FNDA:0,(anonymous_19)
FNDA:0,(anonymous_20)
FNDA:0,(anonymous_21)
FNDA:0,(anonymous_22)
FNDA:0,(anonymous_23)
FNDA:0,(anonymous_24)
FNDA:0,(anonymous_25)
FNDA:0,(anonymous_26)
FNDA:0,(anonymous_27)
FNDA:0,(anonymous_28)
FNDA:0,(anonymous_29)
FNDA:0,(anonymous_30)
FNDA:0,(anonymous_31)
FNDA:0,(anonymous_32)
FNDA:0,(anonymous_33)
FNDA:0,(anonymous_34)
DA:1,2
DA:2,2
DA:3,2
DA:12,2
DA:21,2
DA:22,2
DA:24,2
DA:26,2
DA:62,2
DA:63,0
DA:64,0
DA:65,0
DA:66,0
DA:67,0
DA:69,0
DA:83,0
DA:85,0
DA:86,0
DA:90,2
DA:91,0
DA:92,0
DA:93,0
DA:94,0
DA:95,0
DA:97,0
DA:102,0
DA:113,0
DA:115,0
DA:116,0
DA:120,2
DA:121,0
DA:122,0
DA:126,0
DA:128,0
DA:134,0
DA:136,0
DA:146,0
DA:149,0
DA:151,0
DA:152,0
DA:154,0
DA:157,0
DA:158,0
DA:159,0
DA:168,0
DA:169,0
DA:170,0
DA:171,0
DA:174,0
DA:181,0
DA:182,0
DA:186,2
DA:187,0
DA:188,0
DA:189,0
DA:203,0
DA:204,0
DA:205,0
DA:206,0
DA:207,0
DA:208,0
DA:210,0
DA:236,0
DA:238,0
DA:240,0
DA:241,0
DA:245,2
DA:246,0
DA:247,0
DA:248,0
DA:262,0
DA:263,0
DA:266,0
DA:269,0
DA:279,0
DA:281,0
DA:286,0
DA:287,0
DA:289,0
DA:291,0
DA:292,0
DA:296,2
DA:297,0
DA:298,0
DA:299,0
DA:311,0
DA:312,0
DA:313,0
DA:316,0
DA:332,0
DA:333,0
DA:334,0
DA:335,0
DA:336,0
DA:339,0
DA:340,0
DA:341,0
DA:343,0
DA:344,0
DA:348,2
DA:349,0
DA:350,0
DA:351,0
DA:352,0
DA:354,0
DA:355,0
DA:356,0
DA:357,0
DA:358,0
DA:360,0
DA:364,0
DA:367,0
DA:368,0
DA:372,2
DA:374,0
DA:375,0
DA:376,0
DA:378,0
DA:386,0
DA:387,0
DA:390,0
DA:392,0
DA:394,0
DA:395,0
DA:399,2
DA:400,0
DA:401,0
DA:402,0
DA:404,0
DA:413,0
DA:419,0
DA:420,0
DA:421,0
DA:431,0
DA:432,0
DA:435,0
DA:437,0
DA:439,0
DA:440,0
DA:444,2
DA:445,0
DA:446,0
DA:447,0
DA:448,0
DA:450,0
DA:451,0
DA:459,0
DA:460,0
DA:461,0
DA:463,0
DA:466,0
DA:469,0
DA:470,0
DA:474,2
DA:475,0
DA:476,0
DA:477,0
DA:478,0
DA:509,0
DA:511,0
DA:513,0
DA:514,0
DA:515,0
DA:517,0
DA:521,0
DA:535,0
DA:562,0
DA:564,0
DA:565,0
DA:566,0
DA:571,0
DA:572,0
DA:573,0
DA:574,0
DA:585,0
DA:588,0
DA:589,0
DA:593,2
DA:594,0
DA:595,0
DA:596,0
DA:597,0
DA:599,0
DA:632,0
DA:634,0
DA:635,0
DA:636,0
DA:638,0
DA:642,0
DA:678,0
DA:679,0
DA:680,0
DA:682,0
DA:685,0
DA:686,0
DA:690,2
DA:691,0
DA:692,0
DA:693,0
DA:694,0
DA:696,0
DA:698,0
DA:703,0
DA:706,0
DA:707,0
DA:711,2
DA:712,0
DA:713,0
DA:714,0
DA:726,0
DA:727,0
DA:730,0
DA:732,0
DA:733,0
DA:737,2
DA:738,0
DA:739,0
DA:740,0
DA:742,0
DA:747,0
DA:748,0
DA:751,0
DA:753,0
DA:758,0
DA:760,0
DA:761,0
DA:765,2
DA:766,0
DA:767,0
DA:768,0
DA:769,0
DA:775,0
DA:782,0
DA:783,0
DA:785,0
DA:787,0
DA:789,0
DA:793,0
DA:798,0
DA:800,0
DA:801,0
DA:805,2
DA:806,0
DA:807,0
DA:808,0
DA:810,0
DA:812,0
DA:813,0
DA:815,0
DA:817,0
DA:818,0
DA:822,2
LF:252
LH:26
BRDA:65,0,0,0
BRDA:65,0,1,0
BRDA:93,1,0,0
BRDA:93,1,1,0
BRDA:151,2,0,0
BRDA:151,2,1,0
BRDA:151,3,0,0
BRDA:151,3,1,0
BRDA:152,4,0,0
BRDA:152,4,1,0
BRDA:152,5,0,0
BRDA:152,5,1,0
BRDA:158,6,0,0
BRDA:158,6,1,0
BRDA:170,7,0,0
BRDA:170,7,1,0
BRDA:170,8,0,0
BRDA:170,8,1,0
BRDA:262,9,0,0
BRDA:262,9,1,0
BRDA:350,10,0,0
BRDA:350,10,1,0
BRDA:356,11,0,0
BRDA:356,11,1,0
BRDA:357,12,0,0
BRDA:357,12,1,0
BRDA:386,13,0,0
BRDA:386,13,1,0
BRDA:419,14,0,0
BRDA:419,14,1,0
BRDA:431,15,0,0
BRDA:431,15,1,0
BRDA:446,16,0,0
BRDA:446,16,1,0
BRDA:459,17,0,0
BRDA:459,17,1,0
BRDA:460,18,0,0
BRDA:460,18,1,0
BRDA:476,19,0,0
BRDA:476,19,1,0
BRDA:481,20,0,0
BRDA:482,21,0,0
BRDA:483,22,0,0
BRDA:484,23,0,0
BRDA:485,24,0,0
BRDA:486,25,0,0
BRDA:487,26,0,0
BRDA:488,27,0,0
BRDA:489,28,0,0
BRDA:490,29,0,0
BRDA:491,30,0,0
BRDA:492,31,0,0
BRDA:493,32,0,0
BRDA:494,33,0,0
BRDA:495,34,0,0
BRDA:496,35,0,0
BRDA:497,36,0,0
BRDA:498,37,0,0
BRDA:499,38,0,0
BRDA:500,39,0,0
BRDA:501,40,0,0
BRDA:502,41,0,0
BRDA:503,42,0,0
BRDA:504,43,0,0
BRDA:505,44,0,0
BRDA:506,45,0,0
BRDA:507,46,0,0
BRDA:508,47,0,0
BRDA:513,48,0,0
BRDA:513,48,1,0
BRDA:514,49,0,0
BRDA:514,49,1,0
BRDA:553,50,0,0
BRDA:553,50,1,0
BRDA:564,51,0,0
BRDA:564,51,1,0
BRDA:571,52,0,0
BRDA:571,52,1,0
BRDA:595,53,0,0
BRDA:595,53,1,0
BRDA:602,54,0,0
BRDA:603,55,0,0
BRDA:604,56,0,0
BRDA:605,57,0,0
BRDA:606,58,0,0
BRDA:607,59,0,0
BRDA:608,60,0,0
BRDA:609,61,0,0
BRDA:610,62,0,0
BRDA:611,63,0,0
BRDA:612,64,0,0
BRDA:613,65,0,0
BRDA:614,66,0,0
BRDA:615,67,0,0
BRDA:616,68,0,0
BRDA:617,69,0,0
BRDA:618,70,0,0
BRDA:619,71,0,0
BRDA:620,72,0,0
BRDA:621,73,0,0
BRDA:622,74,0,0
BRDA:623,75,0,0
BRDA:624,76,0,0
BRDA:625,77,0,0
BRDA:626,78,0,0
BRDA:627,79,0,0
BRDA:628,80,0,0
BRDA:629,81,0,0
BRDA:630,82,0,0
BRDA:631,83,0,0
BRDA:634,84,0,0
BRDA:634,84,1,0
BRDA:635,85,0,0
BRDA:635,85,1,0
BRDA:671,86,0,0
BRDA:671,86,1,0
BRDA:692,87,0,0
BRDA:692,87,1,0
BRDA:726,88,0,0
BRDA:726,88,1,0
BRDA:747,89,0,0
BRDA:747,89,1,0
BRDA:782,90,0,0
BRDA:782,90,1,0
BRDA:789,91,0,0
BRDA:789,91,1,0
BRF:126
BRH:0
end_of_record
TN:
SF:src/services/brands/utils.js
FN:6,(anonymous_0)
FN:14,(anonymous_1)
FN:33,(anonymous_2)
FN:37,(anonymous_3)
FN:54,(anonymous_4)
FN:59,(anonymous_5)
FN:80,(anonymous_6)
FN:82,(anonymous_7)
FN:113,(anonymous_8)
FN:116,(anonymous_9)
FN:117,(anonymous_10)
FN:137,(anonymous_11)
FN:154,(anonymous_12)
FN:158,(anonymous_13)
FN:160,(anonymous_14)
FN:163,(anonymous_15)
FN:170,(anonymous_16)
FN:174,(anonymous_17)
FN:186,(anonymous_18)
FN:188,(anonymous_19)
FN:198,(anonymous_20)
FN:217,mapGenderToEnum
FN:231,(anonymous_22)
FN:232,(anonymous_23)
FN:250,(anonymous_24)
FNF:25
FNH:0
FNDA:0,(anonymous_0)
FNDA:0,(anonymous_1)
FNDA:0,(anonymous_2)
FNDA:0,(anonymous_3)
FNDA:0,(anonymous_4)
FNDA:0,(anonymous_5)
FNDA:0,(anonymous_6)
FNDA:0,(anonymous_7)
FNDA:0,(anonymous_8)
FNDA:0,(anonymous_9)
FNDA:0,(anonymous_10)
FNDA:0,(anonymous_11)
FNDA:0,(anonymous_12)
FNDA:0,(anonymous_13)
FNDA:0,(anonymous_14)
FNDA:0,(anonymous_15)
FNDA:0,(anonymous_16)
FNDA:0,(anonymous_17)
FNDA:0,(anonymous_18)
FNDA:0,(anonymous_19)
FNDA:0,(anonymous_20)
FNDA:0,mapGenderToEnum
FNDA:0,(anonymous_22)
FNDA:0,(anonymous_23)
FNDA:0,(anonymous_24)
DA:1,2
DA:2,2
DA:6,2
DA:7,0
DA:8,0
DA:9,0
DA:10,0
DA:11,0
DA:14,2
DA:15,0
DA:17,0
DA:18,0
DA:19,0
DA:21,0
DA:22,0
DA:24,0
DA:25,0
DA:33,2
DA:34,0
DA:35,0
DA:36,0
DA:37,0
DA:38,0
DA:45,0
DA:46,0
DA:54,2
DA:55,0
DA:56,0
DA:57,0
DA:58,0
DA:59,0
DA:60,0
DA:66,0
DA:80,2
DA:81,0
DA:84,0
DA:85,0
DA:86,0
DA:87,0
DA:113,2
DA:115,0
DA:116,0
DA:117,0
DA:118,0
DA:128,0
DA:137,2
DA:138,0
DA:151,0
DA:154,0
DA:158,0
DA:159,0
DA:160,0
DA:162,0
DA:163,0
DA:168,0
DA:169,0
DA:171,0
DA:174,0
DA:175,0
DA:181,0
DA:182,0
DA:186,0
DA:187,0
DA:189,0
DA:193,0
DA:194,0
DA:198,0
DA:199,0
DA:200,0
DA:201,0
DA:203,0
DA:206,0
DA:207,0
DA:208,0
DA:209,0
DA:210,0
DA:212,0
DA:218,0
DA:221,0
DA:224,0
DA:226,0
DA:228,0
DA:231,2
DA:232,0
DA:233,0
DA:243,0
DA:244,0
DA:246,0
DA:247,0
DA:248,0
DA:249,0
DA:250,0
DA:251,0
DA:256,2
LF:94
LH:11
BRDA:84,0,0,0
BRDA:84,0,1,0
BRDA:168,1,0,0
BRDA:168,1,1,0
BRDA:171,2,0,0
BRDA:171,2,1,0
BRDA:175,3,0,0
BRDA:175,3,1,0
BRDA:176,4,0,0
BRDA:176,4,1,0
BRDA:176,4,2,0
BRDA:176,4,3,0
BRDA:187,5,0,0
BRDA:187,5,1,0
BRDA:189,6,0,0
BRDA:189,6,1,0
BRDA:199,7,0,0
BRDA:199,7,1,0
BRDA:199,8,0,0
BRDA:199,8,1,0
BRDA:203,9,0,0
BRDA:203,9,1,0
BRDA:206,10,0,0
BRDA:206,10,1,0
BRDA:209,11,0,0
BRDA:209,11,1,0
BRDA:218,12,0,0
BRDA:218,12,1,0
BRDA:218,12,2,0
BRDA:218,12,3,0
BRDA:218,12,4,0
BRDA:218,12,5,0
BRDA:243,13,0,0
BRDA:243,13,1,0
BRDA:249,14,0,0
BRDA:249,14,1,0
BRDA:249,15,0,0
BRDA:249,15,1,0
BRF:38
BRH:0
end_of_record
TN:
SF:src/services/categories/index.js
FN:8,(anonymous_0)
FN:23,(anonymous_1)
FN:39,(anonymous_2)
FN:64,(anonymous_3)
FN:78,(anonymous_4)
FN:96,(anonymous_5)
FNF:6
FNH:0
FNDA:0,(anonymous_0)
FNDA:0,(anonymous_1)
FNDA:0,(anonymous_2)
FNDA:0,(anonymous_3)
FNDA:0,(anonymous_4)
FNDA:0,(anonymous_5)
DA:1,2
DA:2,2
DA:3,2
DA:4,2
DA:6,2
DA:8,2
DA:9,0
DA:10,0
DA:11,0
DA:16,0
DA:18,0
DA:19,0
DA:23,2
DA:24,0
DA:25,0
DA:26,0
DA:27,0
DA:29,0
DA:30,0
DA:31,0
DA:36,0
DA:37,0
DA:40,0
DA:46,0
DA:50,0
DA:56,0
DA:59,0
DA:60,0
DA:64,2
DA:65,0
DA:66,0
DA:67,0
DA:68,0
DA:70,0
DA:71,0
DA:76,0
DA:77,0
DA:79,0
DA:85,0
DA:88,0
DA:91,0
DA:92,0
DA:96,2
DA:97,0
DA:98,0
DA:99,0
DA:100,0
DA:102,0
DA:103,0
DA:108,0
DA:111,0
DA:112,0
DA:116,2
LF:53
LH:10
BRDA:13,0,0,0
BRDA:13,0,1,0
BRDA:25,1,0,0
BRDA:25,1,1,0
BRDA:36,2,0,0
BRDA:36,2,1,0
BRDA:66,3,0,0
BRDA:66,3,1,0
BRDA:76,4,0,0
BRDA:76,4,1,0
BRDA:98,5,0,0
BRDA:98,5,1,0
BRF:12
BRH:0
end_of_record
TN:
SF:src/services/deal-codes/index.js
FN:14,(anonymous_0)
FN:29,(anonymous_1)
FN:68,(anonymous_2)
FN:83,(anonymous_3)
FN:112,(anonymous_4)
FN:175,(anonymous_5)
FN:201,(anonymous_6)
FN:204,(anonymous_7)
FN:211,(anonymous_8)
FN:212,(anonymous_9)
FN:223,(anonymous_10)
FN:304,(anonymous_11)
FN:350,(anonymous_12)
FN:365,(anonymous_13)
FNF:14
FNH:0
FNDA:0,(anonymous_0)
FNDA:0,(anonymous_1)
FNDA:0,(anonymous_2)
FNDA:0,(anonymous_3)
FNDA:0,(anonymous_4)
FNDA:0,(anonymous_5)
FNDA:0,(anonymous_6)
FNDA:0,(anonymous_7)
FNDA:0,(anonymous_8)
FNDA:0,(anonymous_9)
FNDA:0,(anonymous_10)
FNDA:0,(anonymous_11)
FNDA:0,(anonymous_12)
FNDA:0,(anonymous_13)
DA:1,2
DA:2,2
DA:3,2
DA:4,2
DA:5,2
DA:9,2
DA:11,2
DA:12,2
DA:14,2
DA:15,0
DA:16,0
DA:17,0
DA:18,0
DA:21,0
DA:23,0
DA:24,0
DA:25,0
DA:29,0
DA:31,0
DA:39,0
DA:44,0
DA:45,0
DA:46,0
DA:49,0
DA:52,0
DA:58,0
DA:63,0
DA:64,0
DA:68,2
DA:69,0
DA:70,0
DA:71,0
DA:72,0
DA:75,0
DA:77,0
DA:78,0
DA:79,0
DA:83,0
DA:85,0
DA:92,0
DA:96,0
DA:102,0
DA:107,0
DA:108,0
DA:112,2
DA:113,0
DA:114,0
DA:115,0
DA:116,0
DA:119,0
DA:121,0
DA:122,0
DA:123,0
DA:126,0
DA:128,0
DA:129,0
DA:130,0
DA:131,0
DA:134,0
DA:135,0
DA:139,0
DA:142,0
DA:144,0
DA:153,0
DA:154,0
DA:164,0
DA:166,0
DA:167,0
DA:170,0
DA:171,0
DA:175,2
DA:176,0
DA:177,0
DA:178,0
DA:179,0
DA:182,0
DA:201,0
DA:204,0
DA:211,0
DA:212,0
DA:216,0
DA:218,0
DA:219,0
DA:223,2
DA:224,0
DA:225,0
DA:228,0
DA:239,0
DA:240,0
DA:241,0
DA:244,0
DA:245,0
DA:246,0
DA:247,0
DA:251,0
DA:252,0
DA:253,0
DA:258,0
DA:259,0
DA:260,0
DA:263,0
DA:264,0
DA:265,0
DA:268,0
DA:269,0
DA:277,0
DA:278,0
DA:282,0
DA:287,0
DA:296,0
DA:298,0
DA:299,0
DA:304,2
DA:305,0
DA:306,0
DA:307,0
DA:308,0
DA:311,0
DA:312,0
DA:314,0
DA:315,0
DA:316,0
DA:321,0
DA:322,0
DA:323,0
DA:324,0
DA:327,0
DA:328,0
DA:329,0
DA:332,0
DA:340,0
DA:345,0
DA:346,0
DA:350,2
DA:351,0
DA:352,0
DA:353,0
DA:354,0
DA:357,0
DA:359,0
DA:360,0
DA:361,0
DA:365,0
DA:367,0
DA:374,0
DA:378,0
DA:381,0
DA:382,0
DA:383,0
DA:386,0
DA:391,0
DA:392,0
DA:396,2
LF:153
LH:16
BRDA:16,0,0,0
BRDA:16,0,1,0
BRDA:23,1,0,0
BRDA:23,1,1,0
BRDA:23,2,0,0
BRDA:23,2,1,0
BRDA:45,3,0,0
BRDA:45,3,1,0
BRDA:45,4,0,0
BRDA:45,4,1,0
BRDA:70,5,0,0
BRDA:70,5,1,0
BRDA:77,6,0,0
BRDA:77,6,1,0
BRDA:77,7,0,0
BRDA:77,7,1,0
BRDA:114,8,0,0
BRDA:114,8,1,0
BRDA:121,9,0,0
BRDA:121,9,1,0
BRDA:130,10,0,0
BRDA:130,10,1,0
BRDA:142,11,0,0
BRDA:142,11,1,0
BRDA:153,12,0,0
BRDA:153,12,1,0
BRDA:167,13,0,0
BRDA:167,13,1,0
BRDA:177,14,0,0
BRDA:177,14,1,0
BRDA:239,15,0,0
BRDA:239,15,1,0
BRDA:239,16,0,0
BRDA:239,16,1,0
BRDA:245,17,0,0
BRDA:245,17,1,0
BRDA:258,18,0,0
BRDA:258,18,1,0
BRDA:264,19,0,0
BRDA:264,19,1,0
BRDA:277,20,0,0
BRDA:277,20,1,0
BRDA:306,21,0,0
BRDA:306,21,1,0
BRDA:314,22,0,0
BRDA:314,22,1,0
BRDA:323,23,0,0
BRDA:323,23,1,0
BRDA:336,24,0,0
BRDA:336,24,1,0
BRDA:352,25,0,0
BRDA:352,25,1,0
BRDA:359,26,0,0
BRDA:359,26,1,0
BRDA:381,27,0,0
BRDA:381,27,1,0
BRF:56
BRH:0
end_of_record
TN:
SF:src/services/deal-codes/utils.js
FN:5,uploadCsvCodes
FN:6,(anonymous_1)
FN:16,(anonymous_2)
FN:34,(anonymous_3)
FN:66,(anonymous_4)
FN:89,(anonymous_5)
FN:95,uploadIndividualCodes
FN:118,(anonymous_7)
FNF:8
FNH:0
FNDA:0,uploadCsvCodes
FNDA:0,(anonymous_1)
FNDA:0,(anonymous_2)
FNDA:0,(anonymous_3)
FNDA:0,(anonymous_4)
FNDA:0,(anonymous_5)
FNDA:0,uploadIndividualCodes
FNDA:0,(anonymous_7)
DA:1,2
DA:2,2
DA:3,2
DA:6,0
DA:7,0
DA:8,0
DA:9,0
DA:11,0
DA:12,0
DA:14,0
DA:17,0
DA:19,0
DA:20,0
DA:21,0
DA:24,0
DA:27,0
DA:28,0
DA:29,0
DA:31,0
DA:35,0
DA:36,0
DA:37,0
DA:46,0
DA:47,0
DA:48,0
DA:53,0
DA:60,0
DA:61,0
DA:64,0
DA:66,0
DA:72,0
DA:73,0
DA:74,0
DA:77,0
DA:81,0
DA:86,0
DA:90,0
DA:96,0
DA:98,0
DA:99,0
DA:103,0
DA:111,0
DA:112,0
DA:115,0
DA:118,0
DA:124,0
DA:128,0
DA:133,0
DA:137,2
LF:49
LH:4
BRDA:17,0,0,0
BRDA:17,0,1,0
BRDA:19,1,0,0
BRDA:19,1,1,0
BRDA:19,2,0,0
BRDA:19,2,1,0
BRDA:27,3,0,0
BRDA:27,3,1,0
BRDA:28,4,0,0
BRDA:28,4,1,0
BRDA:36,5,0,0
BRDA:36,5,1,0
BRDA:46,6,0,0
BRDA:46,6,1,0
BRDA:56,7,0,0
BRDA:56,7,1,0
BRDA:60,8,0,0
BRDA:60,8,1,0
BRDA:72,9,0,0
BRDA:72,9,1,0
BRDA:98,10,0,0
BRDA:98,10,1,0
BRDA:98,11,0,0
BRDA:98,11,1,0
BRDA:106,12,0,0
BRDA:106,12,1,0
BRDA:108,13,0,0
BRDA:108,13,1,0
BRDA:111,14,0,0
BRDA:111,14,1,0
BRF:30
BRH:0
end_of_record
TN:
SF:src/services/feedback/index.js
FN:16,(anonymous_0)
FN:40,(anonymous_1)
FN:48,(anonymous_2)
FN:75,(anonymous_3)
FN:107,(anonymous_4)
FNF:5
FNH:0
FNDA:0,(anonymous_0)
FNDA:0,(anonymous_1)
FNDA:0,(anonymous_2)
FNDA:0,(anonymous_3)
FNDA:0,(anonymous_4)
DA:1,2
DA:2,2
DA:3,2
DA:4,2
DA:6,2
DA:8,2
DA:16,2
DA:17,0
DA:18,0
DA:19,0
DA:30,0
DA:40,0
DA:41,0
DA:43,0
DA:44,0
DA:48,2
DA:49,0
DA:50,0
DA:51,0
DA:52,0
DA:54,0
DA:67,0
DA:69,0
DA:70,0
DA:75,2
DA:76,0
DA:77,0
DA:78,0
DA:84,0
DA:89,0
DA:100,0
DA:102,0
DA:103,0
DA:107,2
DA:108,0
DA:109,0
DA:110,0
DA:111,0
DA:113,0
DA:119,0
DA:121,0
DA:122,0
DA:126,2
LF:43
LH:11
BRDA:50,0,0,0
BRDA:50,0,1,0
BRDA:109,1,0,0
BRDA:109,1,1,0
BRF:4
BRH:0
end_of_record
TN:
SF:src/services/levels/index.js
FN:8,(anonymous_0)
FN:26,(anonymous_1)
FNF:2
FNH:0
FNDA:0,(anonymous_0)
FNDA:0,(anonymous_1)
DA:1,2
DA:2,2
DA:3,2
DA:4,2
DA:6,2
DA:8,2
DA:9,0
DA:10,0
DA:11,0
DA:12,0
DA:14,0
DA:19,0
DA:21,0
DA:22,0
DA:26,2
DA:27,0
DA:28,0
DA:29,0
DA:30,0
DA:32,0
DA:33,0
DA:39,0
DA:41,0
DA:42,0
DA:46,2
LF:25
LH:8
BRDA:10,0,0,0
BRDA:10,0,1,0
BRDA:28,1,0,0
BRDA:28,1,1,0
BRF:4
BRH:0
end_of_record
TN:
SF:src/services/posts/index.js
FN:8,(anonymous_0)
FN:30,(anonymous_1)
FN:57,(anonymous_2)
FN:76,(anonymous_3)
FN:131,(anonymous_4)
FN:153,(anonymous_5)
FNF:6
FNH:0
FNDA:0,(anonymous_0)
FNDA:0,(anonymous_1)
FNDA:0,(anonymous_2)
FNDA:0,(anonymous_3)
FNDA:0,(anonymous_4)
FNDA:0,(anonymous_5)
DA:1,2
DA:2,2
DA:3,2
DA:4,2
DA:6,2
DA:8,2
DA:9,0
DA:10,0
DA:11,0
DA:16,0
DA:17,0
DA:19,0
DA:20,0
DA:25,0
DA:30,0
DA:50,0
DA:52,0
DA:53,0
DA:57,2
DA:58,0
DA:59,0
DA:60,0
DA:61,0
DA:63,0
DA:64,0
DA:69,0
DA:71,0
DA:72,0
DA:76,2
DA:77,0
DA:78,0
DA:79,0
DA:81,0
DA:82,0
DA:103,0
DA:124,0
DA:126,0
DA:127,0
DA:131,2
DA:132,0
DA:133,0
DA:134,0
DA:135,0
DA:137,0
DA:138,0
DA:146,0
DA:148,0
DA:149,0
DA:153,2
DA:154,0
DA:155,0
DA:156,0
DA:157,0
DA:159,0
DA:164,0
DA:166,0
DA:167,0
DA:171,2
LF:58
LH:11
BRDA:10,0,0,0
BRDA:10,0,1,0
BRDA:30,1,0,0
BRDA:30,1,1,0
BRDA:59,2,0,0
BRDA:59,2,1,0
BRDA:81,3,0,0
BRDA:81,3,1,0
BRDA:133,4,0,0
BRDA:133,4,1,0
BRDA:155,5,0,0
BRDA:155,5,1,0
BRF:12
BRH:0
end_of_record
TN:
SF:src/services/production-submissions/index.js
FN:8,(anonymous_0)
FNF:1
FNH:0
FNDA:0,(anonymous_0)
DA:1,2
DA:2,2
DA:3,2
DA:4,2
DA:6,2
DA:8,2
DA:9,0
DA:10,0
DA:11,0
DA:12,0
DA:13,0
DA:15,0
DA:20,0
DA:36,0
DA:38,0
DA:39,0
DA:43,2
LF:17
LH:7
BRDA:11,0,0,0
BRDA:11,0,1,0
BRF:2
BRH:0
end_of_record
TN:
SF:src/services/products/index.js
FN:8,(anonymous_0)
FN:20,(anonymous_1)
FN:50,(anonymous_2)
FN:71,(anonymous_3)
FN:99,(anonymous_4)
FN:130,(anonymous_5)
FNF:6
FNH:0
FNDA:0,(anonymous_0)
FNDA:0,(anonymous_1)
FNDA:0,(anonymous_2)
FNDA:0,(anonymous_3)
FNDA:0,(anonymous_4)
FNDA:0,(anonymous_5)
DA:1,2
DA:2,2
DA:3,2
DA:4,2
DA:6,2
DA:8,2
DA:9,0
DA:10,0
DA:13,0
DA:15,0
DA:16,0
DA:20,2
DA:21,0
DA:22,0
DA:23,0
DA:24,0
DA:26,0
DA:27,0
DA:43,0
DA:45,0
DA:46,0
DA:50,2
DA:51,0
DA:52,0
DA:53,0
DA:54,0
DA:55,0
DA:71,0
DA:72,0
DA:73,0
DA:74,0
DA:76,0
DA:78,0
DA:79,0
DA:81,0
DA:82,0
DA:83,0
DA:88,0
DA:90,0
DA:91,0
DA:94,0
DA:95,0
DA:99,2
DA:100,0
DA:101,0
DA:102,0
DA:103,0
DA:105,0
DA:106,0
DA:113,0
DA:123,0
DA:125,0
DA:126,0
DA:130,2
DA:131,0
DA:132,0
DA:133,0
DA:134,0
DA:135,0
DA:137,0
DA:138,0
DA:151,0
DA:153,0
DA:154,0
DA:158,2
LF:65
LH:11
BRDA:22,0,0,0
BRDA:22,0,1,0
BRDA:53,1,0,0
BRDA:53,1,1,0
BRDA:72,2,0,0
BRDA:72,2,1,0
BRDA:81,3,0,0
BRDA:81,3,1,0
BRDA:101,4,0,0
BRDA:101,4,1,0
BRDA:133,5,0,0
BRDA:133,5,1,0
BRF:12
BRH:0
end_of_record
TN:
SF:src/services/question-classes/index.js
FN:7,(anonymous_0)
FN:17,(anonymous_1)
FNF:2
FNH:0
FNDA:0,(anonymous_0)
FNDA:0,(anonymous_1)
DA:1,2
DA:2,2
DA:3,2
DA:4,2
DA:5,2
DA:7,2
DA:8,0
DA:9,0
DA:10,0
DA:12,0
DA:13,0
DA:17,2
DA:18,0
DA:19,0
DA:20,0
DA:21,0
DA:23,0
DA:24,0
DA:27,0
DA:29,0
DA:30,0
DA:34,2
LF:22
LH:8
BRDA:19,0,0,0
BRDA:19,0,1,0
BRF:2
BRH:0
end_of_record
TN:
SF:src/services/questionnaires/index.js
FN:10,(anonymous_0)
FN:29,(anonymous_1)
FN:70,(anonymous_2)
FN:96,(anonymous_3)
FN:115,(anonymous_4)
FNF:5
FNH:0
FNDA:0,(anonymous_0)
FNDA:0,(anonymous_1)
FNDA:0,(anonymous_2)
FNDA:0,(anonymous_3)
FNDA:0,(anonymous_4)
DA:1,2
DA:2,2
DA:3,2
DA:4,2
DA:5,2
DA:6,2
DA:8,2
DA:10,2
DA:11,0
DA:12,0
DA:13,0
DA:14,0
DA:16,0
DA:22,0
DA:24,0
DA:25,0
DA:29,2
DA:30,0
DA:32,0
DA:33,0
DA:36,0
DA:61,0
DA:63,0
DA:65,0
DA:66,0
DA:70,2
DA:71,0
DA:72,0
DA:73,0
DA:74,0
DA:76,0
DA:77,0
DA:89,0
DA:91,0
DA:92,0
DA:96,2
DA:97,0
DA:98,0
DA:99,0
DA:100,0
DA:102,0
DA:103,0
DA:104,0
DA:109,0
DA:115,0
DA:125,0
DA:127,0
DA:128,0
DA:132,2
LF:49
LH:12
BRDA:12,0,0,0
BRDA:12,0,1,0
BRDA:72,1,0,0
BRDA:72,1,1,0
BRDA:98,2,0,0
BRDA:98,2,1,0
BRF:6
BRH:0
end_of_record
TN:
SF:src/services/questions/index.js
FN:10,(anonymous_0)
FN:33,(anonymous_1)
FN:61,(anonymous_2)
FN:85,(anonymous_3)
FN:105,(anonymous_4)
FN:161,(anonymous_5)
FN:187,(anonymous_6)
FN:217,(anonymous_7)
FN:261,(anonymous_8)
FNF:9
FNH:0
FNDA:0,(anonymous_0)
FNDA:0,(anonymous_1)
FNDA:0,(anonymous_2)
FNDA:0,(anonymous_3)
FNDA:0,(anonymous_4)
FNDA:0,(anonymous_5)
FNDA:0,(anonymous_6)
FNDA:0,(anonymous_7)
FNDA:0,(anonymous_8)
DA:1,2
DA:2,2
DA:3,2
DA:4,2
DA:5,2
DA:6,2
DA:8,2
DA:10,2
DA:12,0
DA:13,0
DA:22,0
DA:23,0
DA:26,0
DA:28,0
DA:29,0
DA:33,2
DA:34,0
DA:35,0
DA:36,0
DA:37,0
DA:39,0
DA:40,0
DA:41,0
DA:50,0
DA:51,0
DA:53,0
DA:56,0
DA:57,0
DA:61,2
DA:62,0
DA:63,0
DA:74,0
DA:75,0
DA:78,0
DA:80,0
DA:81,0
DA:85,2
DA:86,0
DA:87,0
DA:88,0
DA:89,0
DA:90,0
DA:92,0
DA:93,0
DA:94,0
DA:95,0
DA:96,0
DA:98,0
DA:100,0
DA:101,0
DA:105,2
DA:108,0
DA:109,0
DA:112,0
DA:113,0
DA:120,0
DA:126,0
DA:128,0
DA:136,0
DA:137,0
DA:143,0
DA:151,0
DA:152,0
DA:154,0
DA:156,0
DA:157,0
DA:161,2
DA:162,0
DA:163,0
DA:164,0
DA:165,0
DA:173,0
DA:174,0
DA:175,0
DA:177,0
DA:178,0
DA:180,0
DA:182,0
DA:183,0
DA:187,2
DA:188,0
DA:189,0
DA:190,0
DA:191,0
DA:193,0
DA:194,0
DA:197,0
DA:198,0
DA:199,0
DA:202,0
DA:209,0
DA:212,0
DA:213,0
DA:217,2
DA:218,0
DA:219,0
DA:220,0
DA:221,0
DA:223,0
DA:224,0
DA:225,0
DA:230,0
DA:241,0
DA:246,0
DA:247,0
DA:253,0
DA:256,0
DA:257,0
DA:261,2
DA:262,0
DA:263,0
DA:264,0
DA:265,0
DA:267,0
DA:268,0
DA:274,0
DA:279,0
DA:280,0
DA:286,0
DA:288,0
DA:289,0
DA:293,2
LF:122
LH:17
BRDA:22,0,0,0
BRDA:22,0,1,0
BRDA:35,1,0,0
BRDA:35,1,1,0
BRDA:50,2,0,0
BRDA:50,2,1,0
BRDA:74,3,0,0
BRDA:74,3,1,0
BRDA:88,4,0,0
BRDA:88,4,1,0
BRDA:93,5,0,0
BRDA:93,5,1,0
BRDA:126,6,0,0
BRDA:126,6,1,0
BRDA:136,7,0,0
BRDA:136,7,1,0
BRDA:173,8,0,0
BRDA:173,8,1,0
BRDA:177,9,0,0
BRDA:177,9,1,0
BRDA:189,10,0,0
BRDA:189,10,1,0
BRDA:189,11,0,0
BRDA:189,11,1,0
BRDA:197,12,0,0
BRDA:197,12,1,0
BRDA:197,13,0,0
BRDA:197,13,1,0
BRDA:197,13,2,0
BRDA:205,14,0,0
BRDA:205,14,1,0
BRDA:206,15,0,0
BRDA:206,15,1,0
BRDA:219,16,0,0
BRDA:219,16,1,0
BRDA:219,17,0,0
BRDA:219,17,1,0
BRDA:236,18,0,0
BRDA:236,18,1,0
BRDA:237,19,0,0
BRDA:237,19,1,0
BRDA:246,20,0,0
BRDA:246,20,1,0
BRDA:263,21,0,0
BRDA:263,21,1,0
BRDA:279,22,0,0
BRDA:279,22,1,0
BRF:47
BRH:0
end_of_record
TN:
SF:src/services/questions/utils.js
FN:4,randomizeOptionsIfNeeded
FN:5,(anonymous_1)
FN:12,(anonymous_2)
FN:23,addQuestionsStatistics
FN:27,(anonymous_4)
FN:41,(anonymous_5)
FN:51,(anonymous_6)
FN:58,getSortedPitchQuestions
FN:76,(anonymous_8)
FNF:9
FNH:0
FNDA:0,randomizeOptionsIfNeeded
FNDA:0,(anonymous_1)
FNDA:0,(anonymous_2)
FNDA:0,addQuestionsStatistics
FNDA:0,(anonymous_4)
FNDA:0,(anonymous_5)
FNDA:0,(anonymous_6)
FNDA:0,getSortedPitchQuestions
FNDA:0,(anonymous_8)
DA:1,2
DA:2,2
DA:5,0
DA:6,0
DA:11,0
DA:12,0
DA:13,0
DA:16,0
DA:24,0
DA:27,0
DA:35,0
DA:36,0
DA:37,0
DA:38,0
DA:40,0
DA:41,0
DA:43,0
DA:44,0
DA:46,0
DA:48,0
DA:49,0
DA:50,0
DA:51,0
DA:53,0
DA:59,0
DA:64,0
DA:65,0
DA:67,0
DA:75,0
DA:77,0
DA:78,0
DA:80,0
DA:82,0
DA:86,0
DA:92,0
DA:93,0
DA:95,0
DA:96,0
DA:97,0
DA:100,2
LF:40
LH:3
BRDA:6,0,0,0
BRDA:6,0,1,0
BRDA:7,1,0,0
BRDA:7,1,1,0
BRDA:7,1,2,0
BRDA:37,2,0,0
BRDA:37,2,1,0
BRDA:43,3,0,0
BRDA:43,3,1,0
BRDA:64,4,0,0
BRDA:64,4,1,0
BRDA:77,5,0,0
BRDA:77,5,1,0
BRDA:92,6,0,0
BRDA:92,6,1,0
BRF:15
BRH:0
end_of_record
TN:
SF:src/services/ratings/index.js
FN:8,(anonymous_0)
FN:22,(anonymous_1)
FN:32,(anonymous_2)
FNF:3
FNH:0
FNDA:0,(anonymous_0)
FNDA:0,(anonymous_1)
FNDA:0,(anonymous_2)
DA:1,2
DA:2,2
DA:3,2
DA:4,2
DA:6,2
DA:8,2
DA:9,0
DA:10,0
DA:11,0
DA:12,0
DA:14,0
DA:15,0
DA:17,0
DA:18,0
DA:22,2
DA:23,0
DA:24,0
DA:26,0
DA:31,0
DA:32,0
DA:34,0
DA:35,0
DA:36,0
DA:38,0
DA:51,0
DA:54,0
DA:56,0
DA:57,0
DA:61,2
LF:29
LH:8
BRDA:10,0,0,0
BRDA:10,0,1,0
BRDA:34,1,0,0
BRDA:34,1,1,0
BRF:4
BRH:0
end_of_record
TN:
SF:src/services/s3/index.js
FN:8,(anonymous_0)
FN:24,(anonymous_1)
FN:40,(anonymous_2)
FNF:3
FNH:0
FNDA:0,(anonymous_0)
FNDA:0,(anonymous_1)
FNDA:0,(anonymous_2)
DA:1,2
DA:2,2
DA:3,2
DA:4,2
DA:6,2
DA:8,2
DA:9,0
DA:10,0
DA:11,0
DA:12,0
DA:14,0
DA:15,0
DA:16,0
DA:19,0
DA:20,0
DA:24,2
DA:25,0
DA:26,0
DA:27,0
DA:28,0
DA:30,0
DA:31,0
DA:32,0
DA:35,0
DA:36,0
DA:40,2
DA:41,0
DA:42,0
DA:43,0
DA:44,0
DA:46,0
DA:47,0
DA:48,0
DA:51,0
DA:52,0
DA:56,2
LF:36
LH:9
BRDA:10,0,0,0
BRDA:10,0,1,0
BRDA:10,1,0,0
BRDA:10,1,1,0
BRDA:26,2,0,0
BRDA:26,2,1,0
BRDA:26,3,0,0
BRDA:26,3,1,0
BRDA:42,4,0,0
BRDA:42,4,1,0
BRDA:42,5,0,0
BRDA:42,5,1,0
BRF:12
BRH:0
end_of_record
TN:
SF:src/services/s3/utils.js
FN:27,(anonymous_0)
FN:41,(anonymous_1)
FN:52,(anonymous_2)
FNF:3
FNH:0
FNDA:0,(anonymous_0)
FNDA:0,(anonymous_1)
FNDA:0,(anonymous_2)
DA:5,2
DA:6,2
DA:7,2
DA:8,2
DA:9,2
DA:11,2
DA:13,2
DA:14,2
DA:15,2
DA:16,2
DA:17,2
DA:19,2
DA:27,2
DA:28,0
DA:29,0
DA:30,0
DA:32,0
DA:37,0
DA:38,0
DA:41,2
DA:42,0
DA:43,0
DA:48,0
DA:49,0
DA:52,2
DA:53,0
DA:54,0
DA:59,0
DA:60,0
DA:63,2
LF:30
LH:16
BRDA:15,0,0,0
BRDA:15,0,1,2
BRF:2
BRH:1
end_of_record
TN:
SF:src/services/terms-and-conditions/index.js
FNF:0
FNH:0
DA:1,2
DA:2,2
DA:3,2
DA:5,2
DA:7,2
LF:5
LH:5
BRF:0
BRH:0
end_of_record
TN:
SF:src/services/users/index.js
FN:54,(anonymous_0)
FN:70,(anonymous_1)
FN:152,(anonymous_2)
FN:156,(anonymous_3)
FN:158,(anonymous_4)
FN:158,(anonymous_5)
FN:174,(anonymous_6)
FN:205,(anonymous_7)
FN:220,(anonymous_8)
FN:239,(anonymous_9)
FN:265,(anonymous_10)
FN:291,(anonymous_11)
FN:308,(anonymous_12)
FN:321,(anonymous_13)
FN:344,(anonymous_14)
FN:386,(anonymous_15)
FN:401,(anonymous_16)
FN:429,(anonymous_17)
FN:461,(anonymous_18)
FN:480,(anonymous_19)
FN:512,(anonymous_20)
FN:540,(anonymous_21)
FN:563,(anonymous_22)
FN:602,(anonymous_23)
FN:618,(anonymous_24)
FN:644,(anonymous_25)
FN:685,(anonymous_26)
FN:723,(anonymous_27)
FN:745,(anonymous_28)
FN:767,(anonymous_29)
FN:771,(anonymous_30)
FN:782,(anonymous_31)
FN:794,(anonymous_32)
FN:799,(anonymous_33)
FN:800,(anonymous_34)
FN:811,(anonymous_35)
FN:846,(anonymous_36)
FN:851,(anonymous_37)
FNF:38
FNH:0
FNDA:0,(anonymous_0)
FNDA:0,(anonymous_1)
FNDA:0,(anonymous_2)
FNDA:0,(anonymous_3)
FNDA:0,(anonymous_4)
FNDA:0,(anonymous_5)
FNDA:0,(anonymous_6)
FNDA:0,(anonymous_7)
FNDA:0,(anonymous_8)
FNDA:0,(anonymous_9)
FNDA:0,(anonymous_10)
FNDA:0,(anonymous_11)
FNDA:0,(anonymous_12)
FNDA:0,(anonymous_13)
FNDA:0,(anonymous_14)
FNDA:0,(anonymous_15)
FNDA:0,(anonymous_16)
FNDA:0,(anonymous_17)
FNDA:0,(anonymous_18)
FNDA:0,(anonymous_19)
FNDA:0,(anonymous_20)
FNDA:0,(anonymous_21)
FNDA:0,(anonymous_22)
FNDA:0,(anonymous_23)
FNDA:0,(anonymous_24)
FNDA:0,(anonymous_25)
FNDA:0,(anonymous_26)
FNDA:0,(anonymous_27)
FNDA:0,(anonymous_28)
FNDA:0,(anonymous_29)
FNDA:0,(anonymous_30)
FNDA:0,(anonymous_31)
FNDA:0,(anonymous_32)
FNDA:0,(anonymous_33)
FNDA:0,(anonymous_34)
FNDA:0,(anonymous_35)
FNDA:0,(anonymous_36)
FNDA:0,(anonymous_37)
DA:1,3
DA:2,3
DA:3,3
DA:4,3
DA:5,3
DA:15,3
DA:16,3
DA:25,3
DA:27,3
DA:33,3
DA:54,3
DA:55,0
DA:58,0
DA:60,0
DA:61,0
DA:62,0
DA:66,3
DA:70,3
DA:71,0
DA:72,0
DA:73,0
DA:76,0
DA:77,0
DA:78,0
DA:82,0
DA:83,0
DA:84,0
DA:86,0
DA:87,0
DA:88,0
DA:97,0
DA:118,0
DA:122,0
DA:123,0
DA:128,0
DA:129,0
DA:130,0
DA:140,0
DA:141,0
DA:151,0
DA:152,0
DA:154,0
DA:155,0
DA:156,0
DA:158,0
DA:160,0
DA:161,0
DA:165,0
DA:167,0
DA:169,0
DA:170,0
DA:174,3
DA:175,0
DA:176,0
DA:177,0
DA:179,0
DA:180,0
DA:182,0
DA:183,0
DA:184,0
DA:186,0
DA:191,0
DA:199,0
DA:205,0
DA:211,0
DA:220,0
DA:222,0
DA:225,0
DA:226,0
DA:228,0
DA:229,0
DA:232,0
DA:234,0
DA:235,0
DA:239,3
DA:240,0
DA:241,0
DA:242,0
DA:247,0
DA:251,0
DA:252,0
DA:253,0
DA:255,0
DA:258,0
DA:259,0
DA:265,3
DA:266,0
DA:267,0
DA:268,0
DA:269,0
DA:278,0
DA:279,0
DA:282,0
DA:284,0
DA:286,0
DA:287,0
DA:291,3
DA:292,0
DA:294,0
DA:295,0
DA:296,0
DA:298,0
DA:301,0
DA:303,0
DA:304,0
DA:308,3
DA:309,0
DA:310,0
DA:311,0
DA:312,0
DA:318,0
DA:321,0
DA:322,0
DA:327,0
DA:337,0
DA:339,0
DA:340,0
DA:344,3
DA:345,0
DA:346,0
DA:347,0
DA:350,0
DA:357,0
DA:362,0
DA:363,0
DA:367,0
DA:377,0
DA:379,0
DA:380,0
DA:386,3
DA:387,0
DA:388,0
DA:389,0
DA:391,0
DA:397,0
DA:400,0
DA:401,0
DA:404,0
DA:405,0
DA:407,0
DA:412,0
DA:422,0
DA:424,0
DA:425,0
DA:429,3
DA:430,0
DA:431,0
DA:432,0
DA:433,0
DA:434,0
DA:436,0
DA:441,0
DA:442,0
DA:444,0
DA:453,0
DA:454,0
DA:456,0
DA:457,0
DA:461,3
DA:462,0
DA:463,0
DA:465,0
DA:472,0
DA:473,0
DA:475,0
DA:476,0
DA:480,3
DA:481,0
DA:482,0
DA:484,0
DA:485,0
DA:488,0
DA:490,0
DA:500,0
DA:505,0
DA:507,0
DA:508,0
DA:512,3
DA:513,0
DA:514,0
DA:515,0
DA:517,0
DA:518,0
DA:521,0
DA:531,0
DA:533,0
DA:535,0
DA:536,0
DA:540,3
DA:541,0
DA:542,0
DA:544,0
DA:554,0
DA:556,0
DA:558,0
DA:559,0
DA:563,3
DA:564,0
DA:565,0
DA:567,0
DA:568,0
DA:569,0
DA:572,0
DA:573,0
DA:575,0
DA:602,0
DA:603,0
DA:605,0
DA:611,0
DA:613,0
DA:614,0
DA:618,3
DA:619,0
DA:620,0
DA:621,0
DA:623,0
DA:637,0
DA:639,0
DA:640,0
DA:644,3
DA:645,0
DA:646,0
DA:647,0
DA:650,0
DA:656,0
DA:657,0
DA:662,0
DA:678,0
DA:680,0
DA:681,0
DA:685,3
DA:686,0
DA:687,0
DA:688,0
DA:693,0
DA:695,0
DA:698,0
DA:714,0
DA:716,0
DA:718,0
DA:719,0
DA:723,3
DA:724,0
DA:725,0
DA:726,0
DA:727,0
DA:728,0
DA:737,0
DA:738,0
DA:740,0
DA:741,0
DA:745,3
DA:746,0
DA:747,0
DA:748,0
DA:749,0
DA:750,0
DA:751,0
DA:757,0
DA:759,0
DA:762,0
DA:763,0
DA:767,3
DA:768,0
DA:769,0
DA:770,0
DA:771,0
DA:772,0
DA:779,0
DA:782,0
DA:794,0
DA:795,0
DA:796,0
DA:799,0
DA:800,0
DA:803,0
DA:804,0
DA:806,0
DA:807,0
DA:811,3
DA:812,0
DA:813,0
DA:814,0
DA:816,0
DA:817,0
DA:818,0
DA:821,0
DA:833,0
DA:834,0
DA:836,0
DA:839,0
DA:841,0
DA:842,0
DA:846,3
DA:847,0
DA:848,0
DA:849,0
DA:850,0
DA:852,0
DA:878,0
DA:880,0
DA:881,0
DA:885,3
LF:303
LH:35
BRDA:82,0,0,0
BRDA:82,0,1,0
BRDA:86,1,0,0
BRDA:86,1,1,0
BRDA:129,2,0,0
BRDA:129,2,1,0
BRDA:154,3,0,0
BRDA:154,3,1,0
BRDA:160,4,0,0
BRDA:160,4,1,0
BRDA:183,5,0,0
BRDA:183,5,1,0
BRDA:225,6,0,0
BRDA:225,6,1,0
BRDA:228,7,0,0
BRDA:228,7,1,0
BRDA:251,8,0,0
BRDA:251,8,1,0
BRDA:278,9,0,0
BRDA:278,9,1,0
BRDA:294,10,0,0
BRDA:294,10,1,0
BRDA:318,11,0,0
BRDA:318,11,1,0
BRDA:321,12,0,0
BRDA:321,12,1,0
BRDA:357,13,0,0
BRDA:357,13,1,0
BRDA:362,14,0,0
BRDA:362,14,1,0
BRDA:397,15,0,0
BRDA:397,15,1,0
BRDA:404,16,0,0
BRDA:404,16,1,0
BRDA:441,17,0,0
BRDA:441,17,1,0
BRDA:484,18,0,0
BRDA:484,18,1,0
BRDA:517,19,0,0
BRDA:517,19,1,0
BRDA:567,20,0,0
BRDA:567,20,1,0
BRDA:606,21,0,0
BRDA:606,21,1,0
BRDA:626,22,0,0
BRDA:626,22,1,0
BRDA:632,23,0,0
BRDA:632,23,1,0
BRDA:633,24,0,0
BRDA:633,24,1,0
BRDA:656,25,0,0
BRDA:656,25,1,0
BRDA:795,26,0,0
BRDA:795,26,1,0
BRDA:816,27,0,0
BRDA:816,27,1,0
BRDA:833,28,0,0
BRDA:833,28,1,0
BRF:58
BRH:0
end_of_record
TN:
SF:src/services/users/utils.js
FN:14,getQuestionnaireAnswerCount
FN:47,(anonymous_1)
FN:62,getNextLevelName
FN:96,updateUserLevel
FN:182,getFoundersReached
FN:221,(anonymous_5)
FN:231,(anonymous_6)
FN:285,(anonymous_7)
FN:287,(anonymous_8)
FN:295,(anonymous_9)
FN:313,(anonymous_10)
FN:350,(anonymous_11)
FNF:12
FNH:0
FNDA:0,getQuestionnaireAnswerCount
FNDA:0,(anonymous_1)
FNDA:0,getNextLevelName
FNDA:0,updateUserLevel
FNDA:0,getFoundersReached
FNDA:0,(anonymous_5)
FNDA:0,(anonymous_6)
FNDA:0,(anonymous_7)
FNDA:0,(anonymous_8)
FNDA:0,(anonymous_9)
FNDA:0,(anonymous_10)
FNDA:0,(anonymous_11)
DA:1,3
DA:16,0
DA:32,0
DA:33,0
DA:36,0
DA:38,0
DA:39,0
DA:43,0
DA:47,0
DA:54,0
DA:64,0
DA:72,0
DA:73,0
DA:75,0
DA:85,0
DA:86,0
DA:88,0
DA:98,0
DA:99,0
DA:108,0
DA:109,0
DA:112,0
DA:113,0
DA:118,0
DA:135,0
DA:139,0
DA:150,0
DA:152,0
DA:153,0
DA:169,0
DA:173,0
DA:184,0
DA:192,0
DA:193,0
DA:195,0
DA:204,0
DA:205,0
DA:207,0
DA:210,0
DA:220,0
DA:221,0
DA:224,0
DA:227,0
DA:231,3
DA:236,0
DA:244,0
DA:246,0
DA:256,0
DA:285,3
DA:286,0
DA:287,0
DA:295,3
DA:296,0
DA:301,0
DA:302,0
DA:304,0
DA:305,0
DA:308,0
DA:313,0
DA:314,0
DA:332,0
DA:342,0
DA:347,0
DA:350,3
DA:351,0
DA:356,0
DA:357,0
DA:360,0
DA:378,0
DA:382,3
LF:70
LH:6
BRDA:32,0,0,0
BRDA:32,0,1,0
BRDA:38,1,0,0
BRDA:38,1,1,0
BRDA:72,2,0,0
BRDA:72,2,1,0
BRDA:85,3,0,0
BRDA:85,3,1,0
BRDA:108,4,0,0
BRDA:108,4,1,0
BRDA:112,5,0,0
BRDA:112,5,1,0
BRDA:135,6,0,0
BRDA:135,6,1,0
BRDA:136,7,0,0
BRDA:136,7,1,0
BRDA:152,8,0,0
BRDA:152,8,1,0
BRDA:204,9,0,0
BRDA:204,9,1,0
BRDA:204,10,0,0
BRDA:204,10,1,0
BRDA:244,11,0,0
BRDA:244,11,1,0
BRDA:301,12,0,0
BRDA:301,12,1,0
BRDA:304,13,0,0
BRDA:304,13,1,0
BRDA:356,14,0,0
BRDA:356,14,1,0
BRF:30
BRH:0
end_of_record
TN:
SF:src/utils/brandFeeds.js
FN:4,(anonymous_0)
FN:11,(anonymous_1)
FN:21,updateFoundersReachedLeaderboard
FN:63,(anonymous_3)
FN:78,(anonymous_4)
FN:93,(anonymous_5)
FN:118,(anonymous_6)
FN:133,(anonymous_7)
FN:134,(anonymous_8)
FN:137,(anonymous_9)
FN:164,(anonymous_10)
FN:215,(anonymous_11)
FN:229,(anonymous_12)
FN:267,removeBrandFromForYou
FN:285,(anonymous_14)
FN:291,getAdventCalendarCurrentDay
FN:301,addAdventCalendarDealCodeWithProbability
FN:315,(anonymous_17)
FN:334,(anonymous_18)
FN:370,addBrandToMyDeals
FN:384,(anonymous_20)
FN:413,(anonymous_21)
FN:421,(anonymous_22)
FN:421,(anonymous_23)
FN:470,addBrandToDeletedBrands
FN:495,addBrandToNotInterestedBrands
FN:520,getBrandsToRotate
FN:522,(anonymous_27)
FN:523,(anonymous_28)
FN:527,(anonymous_29)
FN:528,(anonymous_30)
FN:529,(anonymous_31)
FN:542,(anonymous_32)
FN:549,rotateSleeperForYouBrands
FN:582,(anonymous_34)
FN:584,(anonymous_35)
FN:592,(anonymous_36)
FN:598,(anonymous_37)
FN:599,(anonymous_38)
FN:618,restoreBrandFromDeleted
FN:625,(anonymous_40)
FNF:41
FNH:0
FNDA:0,(anonymous_0)
FNDA:0,(anonymous_1)
FNDA:0,updateFoundersReachedLeaderboard
FNDA:0,(anonymous_3)
FNDA:0,(anonymous_4)
FNDA:0,(anonymous_5)
FNDA:0,(anonymous_6)
FNDA:0,(anonymous_7)
FNDA:0,(anonymous_8)
FNDA:0,(anonymous_9)
FNDA:0,(anonymous_10)
FNDA:0,(anonymous_11)
FNDA:0,(anonymous_12)
FNDA:0,removeBrandFromForYou
FNDA:0,(anonymous_14)
FNDA:0,getAdventCalendarCurrentDay
FNDA:0,addAdventCalendarDealCodeWithProbability
FNDA:0,(anonymous_17)
FNDA:0,(anonymous_18)
FNDA:0,addBrandToMyDeals
FNDA:0,(anonymous_20)
FNDA:0,(anonymous_21)
FNDA:0,(anonymous_22)
FNDA:0,(anonymous_23)
FNDA:0,addBrandToDeletedBrands
FNDA:0,addBrandToNotInterestedBrands
FNDA:0,getBrandsToRotate
FNDA:0,(anonymous_27)
FNDA:0,(anonymous_28)
FNDA:0,(anonymous_29)
FNDA:0,(anonymous_30)
FNDA:0,(anonymous_31)
FNDA:0,(anonymous_32)
FNDA:0,rotateSleeperForYouBrands
FNDA:0,(anonymous_34)
FNDA:0,(anonymous_35)
FNDA:0,(anonymous_36)
FNDA:0,(anonymous_37)
FNDA:0,(anonymous_38)
FNDA:0,restoreBrandFromDeleted
FNDA:0,(anonymous_40)
DA:1,3
DA:2,3
DA:4,3
DA:5,0
DA:6,0
DA:8,0
DA:11,3
DA:12,0
DA:13,0
DA:15,0
DA:16,0
DA:18,0
DA:22,0
DA:30,0
DA:31,0
DA:33,0
DA:36,0
DA:37,0
DA:38,0
DA:40,0
DA:60,0
DA:63,3
DA:64,0
DA:75,0
DA:78,3
DA:79,0
DA:92,0
DA:93,0
DA:94,0
DA:95,0
DA:115,0
DA:118,3
DA:119,0
DA:133,0
DA:134,0
DA:135,0
DA:136,0
DA:137,0
DA:138,0
DA:139,0
DA:161,0
DA:164,3
DA:165,0
DA:166,0
DA:168,0
DA:173,0
DA:174,0
DA:175,0
DA:176,0
DA:177,0
DA:212,0
DA:215,3
DA:216,0
DA:226,0
DA:229,3
DA:230,0
DA:236,0
DA:237,0
DA:238,0
DA:239,0
DA:240,0
DA:242,0
DA:243,0
DA:244,0
DA:245,0
DA:246,0
DA:250,0
DA:251,0
DA:254,0
DA:264,0
DA:268,0
DA:273,0
DA:274,0
DA:276,0
DA:277,0
DA:279,0
DA:285,0
DA:293,0
DA:297,0
DA:298,0
DA:303,0
DA:310,0
DA:315,0
DA:316,0
DA:319,0
DA:320,0
DA:323,0
DA:324,0
DA:327,0
DA:330,0
DA:331,0
DA:332,0
DA:334,0
DA:336,0
DA:337,0
DA:340,0
DA:348,0
DA:349,0
DA:352,0
DA:354,0
DA:355,0
DA:357,0
DA:365,0
DA:367,0
DA:374,0
DA:379,0
DA:380,0
DA:383,0
DA:384,0
DA:385,0
DA:393,0
DA:409,0
DA:410,0
DA:413,0
DA:414,0
DA:417,0
DA:418,0
DA:421,0
DA:423,0
DA:424,0
DA:427,0
DA:437,0
DA:438,0
DA:441,0
DA:443,0
DA:444,0
DA:446,0
DA:455,0
DA:464,0
DA:465,0
DA:467,0
DA:471,0
DA:477,0
DA:481,0
DA:482,0
DA:485,0
DA:496,0
DA:502,0
DA:506,0
DA:507,0
DA:510,0
DA:521,0
DA:522,0
DA:523,0
DA:527,0
DA:528,0
DA:529,0
DA:531,0
DA:532,0
DA:534,0
DA:542,0
DA:544,0
DA:545,0
DA:550,0
DA:567,0
DA:571,0
DA:582,0
DA:584,0
DA:586,0
DA:592,0
DA:598,0
DA:599,0
DA:606,0
DA:607,0
DA:612,0
DA:613,0
DA:614,0
DA:615,0
DA:619,0
DA:625,0
DA:627,0
DA:636,0
DA:639,3
LF:173
LH:11
BRDA:5,0,0,0
BRDA:5,0,1,0
BRDA:8,1,0,0
BRDA:8,1,1,0
BRDA:12,2,0,0
BRDA:12,2,1,0
BRDA:12,3,0,0
BRDA:12,3,1,0
BRDA:15,4,0,0
BRDA:15,4,1,0
BRDA:15,5,0,0
BRDA:15,5,1,0
BRDA:30,6,0,0
BRDA:30,6,1,0
BRDA:33,7,0,0
BRDA:33,7,1,0
BRDA:37,8,0,0
BRDA:37,8,1,0
BRDA:165,9,0,0
BRDA:165,9,1,0
BRDA:242,10,0,0
BRDA:242,10,1,0
BRDA:244,11,0,0
BRDA:244,11,1,0
BRDA:244,12,0,0
BRDA:244,12,1,0
BRDA:250,13,0,0
BRDA:250,13,1,0
BRDA:273,14,0,0
BRDA:273,14,1,0
BRDA:276,15,0,0
BRDA:276,15,1,0
BRDA:297,16,0,0
BRDA:297,16,1,0
BRDA:316,17,0,0
BRDA:316,17,1,0
BRDA:319,18,0,0
BRDA:319,18,1,0
BRDA:323,19,0,0
BRDA:323,19,1,0
BRDA:323,20,0,0
BRDA:323,20,1,0
BRDA:332,21,0,0
BRDA:332,21,1,0
BRDA:336,22,0,0
BRDA:336,22,1,0
BRDA:348,23,0,0
BRDA:348,23,1,0
BRDA:379,24,0,0
BRDA:379,24,1,0
BRDA:383,25,0,0
BRDA:383,25,1,0
BRDA:409,26,0,0
BRDA:409,26,1,0
BRDA:414,27,0,0
BRDA:414,27,1,0
BRDA:417,28,0,0
BRDA:417,28,1,0
BRDA:423,29,0,0
BRDA:423,29,1,0
BRDA:437,30,0,0
BRDA:437,30,1,0
BRDA:464,31,0,0
BRDA:464,31,1,0
BRDA:477,32,0,0
BRDA:477,32,1,0
BRDA:481,33,0,0
BRDA:481,33,1,0
BRDA:502,34,0,0
BRDA:502,34,1,0
BRDA:506,35,0,0
BRDA:506,35,1,0
BRDA:531,36,0,0
BRDA:531,36,1,0
BRDA:535,37,0,0
BRDA:535,37,1,0
BRDA:535,37,2,0
BRDA:535,37,3,0
BRDA:542,38,0,0
BRDA:542,38,1,0
BRF:80
BRH:0
end_of_record
TN:
SF:src/utils/sendNotification.js
FN:7,sendNotification
FN:38,sendGlobalNotification
FN:41,(anonymous_2)
FN:42,(anonymous_3)
FNF:4
FNH:0
FNDA:0,sendNotification
FNDA:0,sendGlobalNotification
FNDA:0,(anonymous_2)
FNDA:0,(anonymous_3)
DA:1,3
DA:2,3
DA:4,3
DA:8,0
DA:9,0
DA:10,0
DA:13,0
DA:16,0
DA:26,0
DA:33,0
DA:39,0
DA:40,0
DA:41,0
DA:42,0
DA:49,0
DA:50,0
DA:51,0
DA:55,0
DA:58,0
DA:59,0
DA:63,0
DA:64,0
DA:68,3
LF:23
LH:4
BRDA:8,0,0,0
BRDA:8,0,1,0
BRDA:49,1,0,0
BRDA:49,1,1,0
BRF:4
BRH:0
end_of_record
